2023-05-09 22:36:39.234 DEBUG org.apache.ibatis.logging.LogFactory - Logging initialized using 'class org.apache.ibatis.logging.slf4j.Slf4jImpl' adapter.
2023-05-09 22:36:39.261 DEBUG org.apache.ibatis.datasource.pooled.PooledDataSource - PooledDataSource forcefully closed/removed all connections.
2023-05-09 22:36:39.261 DEBUG org.apache.ibatis.datasource.pooled.PooledDataSource - PooledDataSource forcefully closed/removed all connections.
2023-05-09 22:36:39.262 DEBUG org.apache.ibatis.datasource.pooled.PooledDataSource - PooledDataSource forcefully closed/removed all connections.
2023-05-09 22:36:39.262 DEBUG org.apache.ibatis.datasource.pooled.PooledDataSource - PooledDataSource forcefully closed/removed all connections.
2023-05-09 22:36:39.262 DEBUG org.apache.ibatis.datasource.pooled.PooledDataSource - PooledDataSource forcefully closed/removed all connections.
2023-05-09 22:36:39.262 DEBUG org.apache.ibatis.datasource.pooled.PooledDataSource - PooledDataSource forcefully closed/removed all connections.
2023-05-09 22:36:39.263 DEBUG org.apache.ibatis.datasource.pooled.PooledDataSource - PooledDataSource forcefully closed/removed all connections.
2023-05-09 22:36:39.263 DEBUG org.apache.ibatis.datasource.pooled.PooledDataSource - PooledDataSource forcefully closed/removed all connections.
2023-05-09 22:36:39.365 DEBUG org.apache.ibatis.transaction.jdbc.JdbcTransaction - Opening JDBC Connection
2023-05-09 22:36:39.699 DEBUG org.apache.ibatis.datasource.pooled.PooledDataSource - Created connection 1408533352.
2023-05-09 22:36:39.699 DEBUG org.apache.ibatis.transaction.jdbc.JdbcTransaction - Setting autocommit to false on JDBC Connection [com.mysql.cj.jdbc.ConnectionImpl@53f48368]
2023-05-09 22:36:39.705 DEBUG com.faintdream.act.selectById - ==>  Preparing: select * from t_act2 where id=?;
2023-05-09 22:36:39.776 DEBUG com.faintdream.act.selectById - ==> Parameters: null
2023-05-09 22:36:39.845 DEBUG com.faintdream.act.selectById - <==      Total: 0
2023-05-09 22:39:57.228 DEBUG org.apache.ibatis.logging.LogFactory - Logging initialized using 'class org.apache.ibatis.logging.slf4j.Slf4jImpl' adapter.
2023-05-09 22:39:57.251 DEBUG org.apache.ibatis.datasource.pooled.PooledDataSource - PooledDataSource forcefully closed/removed all connections.
2023-05-09 22:39:57.252 DEBUG org.apache.ibatis.datasource.pooled.PooledDataSource - PooledDataSource forcefully closed/removed all connections.
2023-05-09 22:39:57.252 DEBUG org.apache.ibatis.datasource.pooled.PooledDataSource - PooledDataSource forcefully closed/removed all connections.
2023-05-09 22:39:57.252 DEBUG org.apache.ibatis.datasource.pooled.PooledDataSource - PooledDataSource forcefully closed/removed all connections.
2023-05-09 22:39:57.252 DEBUG org.apache.ibatis.datasource.pooled.PooledDataSource - PooledDataSource forcefully closed/removed all connections.
2023-05-09 22:39:57.253 DEBUG org.apache.ibatis.datasource.pooled.PooledDataSource - PooledDataSource forcefully closed/removed all connections.
2023-05-09 22:39:57.253 DEBUG org.apache.ibatis.datasource.pooled.PooledDataSource - PooledDataSource forcefully closed/removed all connections.
2023-05-09 22:39:57.253 DEBUG org.apache.ibatis.datasource.pooled.PooledDataSource - PooledDataSource forcefully closed/removed all connections.
2023-05-09 22:39:57.343 DEBUG org.apache.ibatis.transaction.jdbc.JdbcTransaction - Opening JDBC Connection
2023-05-09 22:39:57.669 DEBUG org.apache.ibatis.datasource.pooled.PooledDataSource - Created connection 1411543296.
2023-05-09 22:39:57.670 DEBUG org.apache.ibatis.transaction.jdbc.JdbcTransaction - Setting autocommit to false on JDBC Connection [com.mysql.cj.jdbc.ConnectionImpl@54227100]
2023-05-09 22:39:57.675 DEBUG com.faintdream.act.selectById - ==>  Preparing: select * from t_act2 where id=?;
2023-05-09 22:39:57.735 DEBUG com.faintdream.act.selectById - ==> Parameters: ACT001(String)
2023-05-09 22:39:57.781 DEBUG com.faintdream.act.selectById - <==      Total: 0
2023-05-09 22:45:44.473 DEBUG org.apache.ibatis.logging.LogFactory - Logging initialized using 'class org.apache.ibatis.logging.slf4j.Slf4jImpl' adapter.
2023-05-09 22:45:44.496 DEBUG org.apache.ibatis.datasource.pooled.PooledDataSource - PooledDataSource forcefully closed/removed all connections.
2023-05-09 22:45:44.496 DEBUG org.apache.ibatis.datasource.pooled.PooledDataSource - PooledDataSource forcefully closed/removed all connections.
2023-05-09 22:45:44.496 DEBUG org.apache.ibatis.datasource.pooled.PooledDataSource - PooledDataSource forcefully closed/removed all connections.
2023-05-09 22:45:44.496 DEBUG org.apache.ibatis.datasource.pooled.PooledDataSource - PooledDataSource forcefully closed/removed all connections.
2023-05-09 22:45:44.496 DEBUG org.apache.ibatis.datasource.pooled.PooledDataSource - PooledDataSource forcefully closed/removed all connections.
2023-05-09 22:45:44.497 DEBUG org.apache.ibatis.datasource.pooled.PooledDataSource - PooledDataSource forcefully closed/removed all connections.
2023-05-09 22:45:44.497 DEBUG org.apache.ibatis.datasource.pooled.PooledDataSource - PooledDataSource forcefully closed/removed all connections.
2023-05-09 22:45:44.497 DEBUG org.apache.ibatis.datasource.pooled.PooledDataSource - PooledDataSource forcefully closed/removed all connections.
2023-05-09 22:45:44.587 DEBUG org.apache.ibatis.transaction.jdbc.JdbcTransaction - Opening JDBC Connection
2023-05-09 22:45:44.898 DEBUG org.apache.ibatis.datasource.pooled.PooledDataSource - Created connection 1411543296.
2023-05-09 22:45:44.898 DEBUG org.apache.ibatis.transaction.jdbc.JdbcTransaction - Setting autocommit to false on JDBC Connection [com.mysql.cj.jdbc.ConnectionImpl@54227100]
2023-05-09 22:45:44.904 DEBUG com.faintdream.act.selectById - ==>  Preparing: select * from t_act2 where act_no=?;
2023-05-09 22:45:44.968 DEBUG com.faintdream.act.selectById - ==> Parameters: ACT001(String)
2023-05-09 22:45:45.020 DEBUG com.faintdream.act.selectById - <==      Total: 1
2023-05-09 22:48:52.461 DEBUG org.apache.ibatis.logging.LogFactory - Logging initialized using 'class org.apache.ibatis.logging.slf4j.Slf4jImpl' adapter.
2023-05-09 22:48:52.485 DEBUG org.apache.ibatis.datasource.pooled.PooledDataSource - PooledDataSource forcefully closed/removed all connections.
2023-05-09 22:48:52.486 DEBUG org.apache.ibatis.datasource.pooled.PooledDataSource - PooledDataSource forcefully closed/removed all connections.
2023-05-09 22:48:52.486 DEBUG org.apache.ibatis.datasource.pooled.PooledDataSource - PooledDataSource forcefully closed/removed all connections.
2023-05-09 22:48:52.486 DEBUG org.apache.ibatis.datasource.pooled.PooledDataSource - PooledDataSource forcefully closed/removed all connections.
2023-05-09 22:48:52.486 DEBUG org.apache.ibatis.datasource.pooled.PooledDataSource - PooledDataSource forcefully closed/removed all connections.
2023-05-09 22:48:52.486 DEBUG org.apache.ibatis.datasource.pooled.PooledDataSource - PooledDataSource forcefully closed/removed all connections.
2023-05-09 22:48:52.487 DEBUG org.apache.ibatis.datasource.pooled.PooledDataSource - PooledDataSource forcefully closed/removed all connections.
2023-05-09 22:48:52.487 DEBUG org.apache.ibatis.datasource.pooled.PooledDataSource - PooledDataSource forcefully closed/removed all connections.
2023-05-09 22:49:35.552 DEBUG org.apache.ibatis.logging.LogFactory - Logging initialized using 'class org.apache.ibatis.logging.slf4j.Slf4jImpl' adapter.
2023-05-09 22:49:35.575 DEBUG org.apache.ibatis.datasource.pooled.PooledDataSource - PooledDataSource forcefully closed/removed all connections.
2023-05-09 22:49:35.576 DEBUG org.apache.ibatis.datasource.pooled.PooledDataSource - PooledDataSource forcefully closed/removed all connections.
2023-05-09 22:49:35.576 DEBUG org.apache.ibatis.datasource.pooled.PooledDataSource - PooledDataSource forcefully closed/removed all connections.
2023-05-09 22:49:35.576 DEBUG org.apache.ibatis.datasource.pooled.PooledDataSource - PooledDataSource forcefully closed/removed all connections.
2023-05-09 22:49:35.576 DEBUG org.apache.ibatis.datasource.pooled.PooledDataSource - PooledDataSource forcefully closed/removed all connections.
2023-05-09 22:49:35.576 DEBUG org.apache.ibatis.datasource.pooled.PooledDataSource - PooledDataSource forcefully closed/removed all connections.
2023-05-09 22:49:35.577 DEBUG org.apache.ibatis.datasource.pooled.PooledDataSource - PooledDataSource forcefully closed/removed all connections.
2023-05-09 22:49:35.577 DEBUG org.apache.ibatis.datasource.pooled.PooledDataSource - PooledDataSource forcefully closed/removed all connections.
2023-05-09 22:49:35.662 DEBUG org.apache.ibatis.transaction.jdbc.JdbcTransaction - Opening JDBC Connection
2023-05-09 22:49:35.992 DEBUG org.apache.ibatis.datasource.pooled.PooledDataSource - Created connection 1171255580.
2023-05-09 22:49:35.992 DEBUG org.apache.ibatis.transaction.jdbc.JdbcTransaction - Setting autocommit to false on JDBC Connection [com.mysql.cj.jdbc.ConnectionImpl@45cff11c]
2023-05-09 22:49:36.000 DEBUG com.faintdream.act.updateByAct_no - ==>  Preparing: update t_act2 set balance=? where act_no=?;
2023-05-09 22:49:36.080 DEBUG com.faintdream.act.updateByAct_no - ==> Parameters: 66666(String), ACT003(String)
2023-05-09 22:49:36.087 DEBUG com.faintdream.act.updateByAct_no - <==    Updates: 1
2023-05-09 22:49:36.088 DEBUG org.apache.ibatis.transaction.jdbc.JdbcTransaction - Committing JDBC Connection [com.mysql.cj.jdbc.ConnectionImpl@45cff11c]
2023-05-09 22:49:36.097 DEBUG org.apache.ibatis.transaction.jdbc.JdbcTransaction - Opening JDBC Connection
2023-05-09 22:49:36.106 DEBUG org.apache.ibatis.datasource.pooled.PooledDataSource - Created connection 2051598050.
2023-05-09 22:49:36.107 DEBUG org.apache.ibatis.transaction.jdbc.JdbcTransaction - Setting autocommit to false on JDBC Connection [com.mysql.cj.jdbc.ConnectionImpl@7a48e6e2]
2023-05-09 22:49:36.108 DEBUG com.faintdream.act.selectById - ==>  Preparing: select * from t_act2 where act_no=?;
2023-05-09 22:49:36.109 DEBUG com.faintdream.act.selectById - ==> Parameters: ACT001(String)
2023-05-09 22:49:36.166 DEBUG com.faintdream.act.selectById - <==      Total: 1
2023-05-09 22:49:51.014 DEBUG org.apache.ibatis.logging.LogFactory - Logging initialized using 'class org.apache.ibatis.logging.slf4j.Slf4jImpl' adapter.
2023-05-09 22:49:51.038 DEBUG org.apache.ibatis.datasource.pooled.PooledDataSource - PooledDataSource forcefully closed/removed all connections.
2023-05-09 22:49:51.039 DEBUG org.apache.ibatis.datasource.pooled.PooledDataSource - PooledDataSource forcefully closed/removed all connections.
2023-05-09 22:49:51.039 DEBUG org.apache.ibatis.datasource.pooled.PooledDataSource - PooledDataSource forcefully closed/removed all connections.
2023-05-09 22:49:51.039 DEBUG org.apache.ibatis.datasource.pooled.PooledDataSource - PooledDataSource forcefully closed/removed all connections.
2023-05-09 22:49:51.039 DEBUG org.apache.ibatis.datasource.pooled.PooledDataSource - PooledDataSource forcefully closed/removed all connections.
2023-05-09 22:49:51.040 DEBUG org.apache.ibatis.datasource.pooled.PooledDataSource - PooledDataSource forcefully closed/removed all connections.
2023-05-09 22:49:51.040 DEBUG org.apache.ibatis.datasource.pooled.PooledDataSource - PooledDataSource forcefully closed/removed all connections.
2023-05-09 22:49:51.040 DEBUG org.apache.ibatis.datasource.pooled.PooledDataSource - PooledDataSource forcefully closed/removed all connections.
2023-05-09 22:49:51.127 DEBUG org.apache.ibatis.transaction.jdbc.JdbcTransaction - Opening JDBC Connection
2023-05-09 22:49:51.434 DEBUG org.apache.ibatis.datasource.pooled.PooledDataSource - Created connection 2117642238.
2023-05-09 22:49:51.434 DEBUG org.apache.ibatis.transaction.jdbc.JdbcTransaction - Setting autocommit to false on JDBC Connection [com.mysql.cj.jdbc.ConnectionImpl@7e38a7fe]
2023-05-09 22:49:51.441 DEBUG com.faintdream.act.updateByAct_no - ==>  Preparing: update t_act2 set balance=? where act_no=?;
2023-05-09 22:49:51.502 DEBUG com.faintdream.act.updateByAct_no - ==> Parameters: 66666(String), ACT003(String)
2023-05-09 22:49:51.506 DEBUG com.faintdream.act.updateByAct_no - <==    Updates: 1
2023-05-09 22:49:51.507 DEBUG org.apache.ibatis.transaction.jdbc.JdbcTransaction - Committing JDBC Connection [com.mysql.cj.jdbc.ConnectionImpl@7e38a7fe]
2023-05-09 22:50:40.790 DEBUG org.apache.ibatis.logging.LogFactory - Logging initialized using 'class org.apache.ibatis.logging.slf4j.Slf4jImpl' adapter.
2023-05-09 22:50:40.814 DEBUG org.apache.ibatis.datasource.pooled.PooledDataSource - PooledDataSource forcefully closed/removed all connections.
2023-05-09 22:50:40.815 DEBUG org.apache.ibatis.datasource.pooled.PooledDataSource - PooledDataSource forcefully closed/removed all connections.
2023-05-09 22:50:40.815 DEBUG org.apache.ibatis.datasource.pooled.PooledDataSource - PooledDataSource forcefully closed/removed all connections.
2023-05-09 22:50:40.815 DEBUG org.apache.ibatis.datasource.pooled.PooledDataSource - PooledDataSource forcefully closed/removed all connections.
2023-05-09 22:50:40.815 DEBUG org.apache.ibatis.datasource.pooled.PooledDataSource - PooledDataSource forcefully closed/removed all connections.
2023-05-09 22:50:40.815 DEBUG org.apache.ibatis.datasource.pooled.PooledDataSource - PooledDataSource forcefully closed/removed all connections.
2023-05-09 22:50:40.816 DEBUG org.apache.ibatis.datasource.pooled.PooledDataSource - PooledDataSource forcefully closed/removed all connections.
2023-05-09 22:50:40.816 DEBUG org.apache.ibatis.datasource.pooled.PooledDataSource - PooledDataSource forcefully closed/removed all connections.
2023-05-09 22:50:40.913 DEBUG org.apache.ibatis.transaction.jdbc.JdbcTransaction - Opening JDBC Connection
2023-05-09 22:50:41.244 DEBUG org.apache.ibatis.datasource.pooled.PooledDataSource - Created connection 2117642238.
2023-05-09 22:50:41.244 DEBUG org.apache.ibatis.transaction.jdbc.JdbcTransaction - Setting autocommit to false on JDBC Connection [com.mysql.cj.jdbc.ConnectionImpl@7e38a7fe]
2023-05-09 22:50:41.252 DEBUG com.faintdream.act.updateByAct_no - ==>  Preparing: update t_act2 set balance=? where act_no=?;
2023-05-09 22:50:41.335 DEBUG com.faintdream.act.updateByAct_no - ==> Parameters: 100000000(String), ACT004(String)
2023-05-09 22:50:41.339 DEBUG com.faintdream.act.updateByAct_no - <==    Updates: 0
2023-05-09 22:51:24.852 DEBUG org.apache.ibatis.logging.LogFactory - Logging initialized using 'class org.apache.ibatis.logging.slf4j.Slf4jImpl' adapter.
2023-05-09 22:51:24.875 DEBUG org.apache.ibatis.datasource.pooled.PooledDataSource - PooledDataSource forcefully closed/removed all connections.
2023-05-09 22:51:24.875 DEBUG org.apache.ibatis.datasource.pooled.PooledDataSource - PooledDataSource forcefully closed/removed all connections.
2023-05-09 22:51:24.876 DEBUG org.apache.ibatis.datasource.pooled.PooledDataSource - PooledDataSource forcefully closed/removed all connections.
2023-05-09 22:51:24.876 DEBUG org.apache.ibatis.datasource.pooled.PooledDataSource - PooledDataSource forcefully closed/removed all connections.
2023-05-09 22:51:24.876 DEBUG org.apache.ibatis.datasource.pooled.PooledDataSource - PooledDataSource forcefully closed/removed all connections.
2023-05-09 22:51:24.876 DEBUG org.apache.ibatis.datasource.pooled.PooledDataSource - PooledDataSource forcefully closed/removed all connections.
2023-05-09 22:51:24.876 DEBUG org.apache.ibatis.datasource.pooled.PooledDataSource - PooledDataSource forcefully closed/removed all connections.
2023-05-09 22:51:24.876 DEBUG org.apache.ibatis.datasource.pooled.PooledDataSource - PooledDataSource forcefully closed/removed all connections.
2023-05-09 22:51:24.963 DEBUG org.apache.ibatis.transaction.jdbc.JdbcTransaction - Opening JDBC Connection
2023-05-09 22:51:25.268 DEBUG org.apache.ibatis.datasource.pooled.PooledDataSource - Created connection 609483101.
2023-05-09 22:51:25.269 DEBUG org.apache.ibatis.transaction.jdbc.JdbcTransaction - Setting autocommit to false on JDBC Connection [com.mysql.cj.jdbc.ConnectionImpl@2453f95d]
2023-05-09 22:51:25.275 DEBUG com.faintdream.act.selectById - ==>  Preparing: select * from t_act2 where act_no=?;
2023-05-09 22:51:25.343 DEBUG com.faintdream.act.selectById - ==> Parameters: ACT001(String)
2023-05-09 22:51:25.395 DEBUG com.faintdream.act.selectById - <==      Total: 1
2023-05-09 22:51:39.704 DEBUG org.apache.ibatis.logging.LogFactory - Logging initialized using 'class org.apache.ibatis.logging.slf4j.Slf4jImpl' adapter.
2023-05-09 22:51:39.726 DEBUG org.apache.ibatis.datasource.pooled.PooledDataSource - PooledDataSource forcefully closed/removed all connections.
2023-05-09 22:51:39.726 DEBUG org.apache.ibatis.datasource.pooled.PooledDataSource - PooledDataSource forcefully closed/removed all connections.
2023-05-09 22:51:39.726 DEBUG org.apache.ibatis.datasource.pooled.PooledDataSource - PooledDataSource forcefully closed/removed all connections.
2023-05-09 22:51:39.727 DEBUG org.apache.ibatis.datasource.pooled.PooledDataSource - PooledDataSource forcefully closed/removed all connections.
2023-05-09 22:51:39.727 DEBUG org.apache.ibatis.datasource.pooled.PooledDataSource - PooledDataSource forcefully closed/removed all connections.
2023-05-09 22:51:39.727 DEBUG org.apache.ibatis.datasource.pooled.PooledDataSource - PooledDataSource forcefully closed/removed all connections.
2023-05-09 22:51:39.727 DEBUG org.apache.ibatis.datasource.pooled.PooledDataSource - PooledDataSource forcefully closed/removed all connections.
2023-05-09 22:51:39.727 DEBUG org.apache.ibatis.datasource.pooled.PooledDataSource - PooledDataSource forcefully closed/removed all connections.
2023-05-09 22:51:39.817 DEBUG org.apache.ibatis.transaction.jdbc.JdbcTransaction - Opening JDBC Connection
2023-05-09 22:51:40.136 DEBUG org.apache.ibatis.datasource.pooled.PooledDataSource - Created connection 1454171136.
2023-05-09 22:51:40.137 DEBUG org.apache.ibatis.transaction.jdbc.JdbcTransaction - Setting autocommit to false on JDBC Connection [com.mysql.cj.jdbc.ConnectionImpl@56ace400]
2023-05-09 22:51:40.143 DEBUG com.faintdream.act.updateByAct_no - ==>  Preparing: update t_act2 set balance=? where act_no=?;
2023-05-09 22:51:40.211 DEBUG com.faintdream.act.updateByAct_no - ==> Parameters: 100000000(String), ACT003(String)
2023-05-09 22:51:40.214 DEBUG com.faintdream.act.updateByAct_no - <==    Updates: 1
2023-05-09 22:51:40.215 DEBUG org.apache.ibatis.transaction.jdbc.JdbcTransaction - Committing JDBC Connection [com.mysql.cj.jdbc.ConnectionImpl@56ace400]
2023-05-09 22:52:01.369 DEBUG org.apache.ibatis.logging.LogFactory - Logging initialized using 'class org.apache.ibatis.logging.slf4j.Slf4jImpl' adapter.
2023-05-09 22:52:01.392 DEBUG org.apache.ibatis.datasource.pooled.PooledDataSource - PooledDataSource forcefully closed/removed all connections.
2023-05-09 22:52:01.392 DEBUG org.apache.ibatis.datasource.pooled.PooledDataSource - PooledDataSource forcefully closed/removed all connections.
2023-05-09 22:52:01.392 DEBUG org.apache.ibatis.datasource.pooled.PooledDataSource - PooledDataSource forcefully closed/removed all connections.
2023-05-09 22:52:01.393 DEBUG org.apache.ibatis.datasource.pooled.PooledDataSource - PooledDataSource forcefully closed/removed all connections.
2023-05-09 22:52:01.393 DEBUG org.apache.ibatis.datasource.pooled.PooledDataSource - PooledDataSource forcefully closed/removed all connections.
2023-05-09 22:52:01.393 DEBUG org.apache.ibatis.datasource.pooled.PooledDataSource - PooledDataSource forcefully closed/removed all connections.
2023-05-09 22:52:01.393 DEBUG org.apache.ibatis.datasource.pooled.PooledDataSource - PooledDataSource forcefully closed/removed all connections.
2023-05-09 22:52:01.393 DEBUG org.apache.ibatis.datasource.pooled.PooledDataSource - PooledDataSource forcefully closed/removed all connections.
2023-05-09 22:52:01.479 DEBUG org.apache.ibatis.transaction.jdbc.JdbcTransaction - Opening JDBC Connection
2023-05-09 22:52:01.792 DEBUG org.apache.ibatis.datasource.pooled.PooledDataSource - Created connection 203819996.
2023-05-09 22:52:01.793 DEBUG org.apache.ibatis.transaction.jdbc.JdbcTransaction - Setting autocommit to false on JDBC Connection [com.mysql.cj.jdbc.ConnectionImpl@c260bdc]
2023-05-09 22:52:01.799 DEBUG com.faintdream.act.updateByAct_no - ==>  Preparing: update t_act2 set balance=? where act_no=?;
2023-05-09 22:52:01.880 DEBUG com.faintdream.act.updateByAct_no - ==> Parameters: 100000000(String), ACT004(String)
2023-05-09 22:52:01.885 DEBUG com.faintdream.act.updateByAct_no - <==    Updates: 0
