2023-05-20 18:44:06.301 DEBUG org.apache.ibatis.logging.LogFactory - Logging initialized using 'class org.apache.ibatis.logging.slf4j.Slf4jImpl' adapter.
2023-05-20 18:44:06.324 DEBUG org.apache.ibatis.datasource.pooled.PooledDataSource - PooledDataSource forcefully closed/removed all connections.
2023-05-20 18:44:06.324 DEBUG org.apache.ibatis.datasource.pooled.PooledDataSource - PooledDataSource forcefully closed/removed all connections.
2023-05-20 18:44:06.325 DEBUG org.apache.ibatis.datasource.pooled.PooledDataSource - PooledDataSource forcefully closed/removed all connections.
2023-05-20 18:44:06.325 DEBUG org.apache.ibatis.datasource.pooled.PooledDataSource - PooledDataSource forcefully closed/removed all connections.
2023-05-20 18:44:06.325 DEBUG org.apache.ibatis.datasource.pooled.PooledDataSource - PooledDataSource forcefully closed/removed all connections.
2023-05-20 18:44:06.325 DEBUG org.apache.ibatis.datasource.pooled.PooledDataSource - PooledDataSource forcefully closed/removed all connections.
2023-05-20 18:44:06.326 DEBUG org.apache.ibatis.datasource.pooled.PooledDataSource - PooledDataSource forcefully closed/removed all connections.
2023-05-20 18:44:06.326 DEBUG org.apache.ibatis.datasource.pooled.PooledDataSource - PooledDataSource forcefully closed/removed all connections.
2023-05-20 18:44:06.519 DEBUG org.apache.ibatis.transaction.jdbc.JdbcTransaction - Opening JDBC Connection
2023-05-20 18:44:06.865 DEBUG org.apache.ibatis.datasource.pooled.PooledDataSource - Created connection 285074186.
2023-05-20 18:44:06.866 DEBUG org.apache.ibatis.transaction.jdbc.JdbcTransaction - Setting autocommit to false on JDBC Connection [com.mysql.cj.jdbc.ConnectionImpl@10fde30a]
2023-05-20 18:44:06.872 DEBUG com.faintdream.mybatis.mapper.Genshin_roleMapper.selectAll - ==>  Preparing: select * from t_genshin_role;
2023-05-20 18:44:06.928 DEBUG com.faintdream.mybatis.mapper.Genshin_roleMapper.selectAll - ==> Parameters: 
2023-05-20 18:44:06.998 DEBUG com.faintdream.mybatis.mapper.Genshin_roleMapper.selectAll - <==      Total: 66
2023-05-20 18:44:07.000 DEBUG com.faintdream.mybatis.mapper.SexMapper.selectAll - ==>  Preparing: select * from t_sex;
2023-05-20 18:44:07.001 DEBUG com.faintdream.mybatis.mapper.SexMapper.selectAll - ==> Parameters: 
2023-05-20 18:44:07.003 DEBUG com.faintdream.mybatis.mapper.SexMapper.selectAll - <==      Total: 3
2023-05-20 18:44:07.004 DEBUG com.faintdream.mybatis.mapper.Elemental_typeMapper.selectAll - ==>  Preparing: select * from t_elemental_type;
2023-05-20 18:44:07.004 DEBUG com.faintdream.mybatis.mapper.Elemental_typeMapper.selectAll - ==> Parameters: 
2023-05-20 18:44:07.007 DEBUG com.faintdream.mybatis.mapper.Elemental_typeMapper.selectAll - <==      Total: 8
2023-05-20 18:44:07.008 DEBUG com.faintdream.mybatis.mapper.Genshin_regionMapper.selectAll - ==>  Preparing: SELECT * FROM t_genshin_region;
2023-05-20 18:44:07.009 DEBUG com.faintdream.mybatis.mapper.Genshin_regionMapper.selectAll - ==> Parameters: 
2023-05-20 18:44:07.012 DEBUG com.faintdream.mybatis.mapper.Genshin_regionMapper.selectAll - <==      Total: 7
2023-05-20 18:44:07.013 DEBUG com.faintdream.mybatis.mapper.Weapons_type_Mapper.selectAll - ==>  Preparing: select * from t_weapons_type;
2023-05-20 18:44:07.013 DEBUG com.faintdream.mybatis.mapper.Weapons_type_Mapper.selectAll - ==> Parameters: 
2023-05-20 18:44:07.016 DEBUG com.faintdream.mybatis.mapper.Weapons_type_Mapper.selectAll - <==      Total: 6
2023-05-20 18:44:07.023 DEBUG com.faintdream.mybatis.mapper.Genshin_role_detailMapper.selectAll - ==>  Preparing: select * from t_genshin_role_detail;
2023-05-20 18:44:07.024 DEBUG com.faintdream.mybatis.mapper.Genshin_role_detailMapper.selectAll - ==> Parameters: 
2023-05-20 18:44:07.028 DEBUG com.faintdream.mybatis.mapper.Genshin_role_detailMapper.selectAll - <==      Total: 7
2023-05-20 19:42:20.045 DEBUG org.apache.ibatis.logging.LogFactory - Logging initialized using 'class org.apache.ibatis.logging.slf4j.Slf4jImpl' adapter.
2023-05-20 19:42:20.067 DEBUG org.apache.ibatis.datasource.pooled.PooledDataSource - PooledDataSource forcefully closed/removed all connections.
2023-05-20 19:42:20.067 DEBUG org.apache.ibatis.datasource.pooled.PooledDataSource - PooledDataSource forcefully closed/removed all connections.
2023-05-20 19:42:20.067 DEBUG org.apache.ibatis.datasource.pooled.PooledDataSource - PooledDataSource forcefully closed/removed all connections.
2023-05-20 19:42:20.067 DEBUG org.apache.ibatis.datasource.pooled.PooledDataSource - PooledDataSource forcefully closed/removed all connections.
2023-05-20 19:42:20.068 DEBUG org.apache.ibatis.datasource.pooled.PooledDataSource - PooledDataSource forcefully closed/removed all connections.
2023-05-20 19:42:20.068 DEBUG org.apache.ibatis.datasource.pooled.PooledDataSource - PooledDataSource forcefully closed/removed all connections.
2023-05-20 19:42:20.068 DEBUG org.apache.ibatis.datasource.pooled.PooledDataSource - PooledDataSource forcefully closed/removed all connections.
2023-05-20 19:42:20.068 DEBUG org.apache.ibatis.datasource.pooled.PooledDataSource - PooledDataSource forcefully closed/removed all connections.
2023-05-20 19:44:23.585 DEBUG org.apache.ibatis.logging.LogFactory - Logging initialized using 'class org.apache.ibatis.logging.slf4j.Slf4jImpl' adapter.
2023-05-20 19:44:23.607 DEBUG org.apache.ibatis.datasource.pooled.PooledDataSource - PooledDataSource forcefully closed/removed all connections.
2023-05-20 19:44:23.607 DEBUG org.apache.ibatis.datasource.pooled.PooledDataSource - PooledDataSource forcefully closed/removed all connections.
2023-05-20 19:44:23.608 DEBUG org.apache.ibatis.datasource.pooled.PooledDataSource - PooledDataSource forcefully closed/removed all connections.
2023-05-20 19:44:23.608 DEBUG org.apache.ibatis.datasource.pooled.PooledDataSource - PooledDataSource forcefully closed/removed all connections.
2023-05-20 19:44:23.608 DEBUG org.apache.ibatis.datasource.pooled.PooledDataSource - PooledDataSource forcefully closed/removed all connections.
2023-05-20 19:44:23.608 DEBUG org.apache.ibatis.datasource.pooled.PooledDataSource - PooledDataSource forcefully closed/removed all connections.
2023-05-20 19:44:23.608 DEBUG org.apache.ibatis.datasource.pooled.PooledDataSource - PooledDataSource forcefully closed/removed all connections.
2023-05-20 19:44:23.608 DEBUG org.apache.ibatis.datasource.pooled.PooledDataSource - PooledDataSource forcefully closed/removed all connections.
2023-05-20 19:58:31.418 DEBUG org.apache.ibatis.logging.LogFactory - Logging initialized using 'class org.apache.ibatis.logging.slf4j.Slf4jImpl' adapter.
2023-05-20 19:58:31.441 DEBUG org.apache.ibatis.datasource.pooled.PooledDataSource - PooledDataSource forcefully closed/removed all connections.
2023-05-20 19:58:31.442 DEBUG org.apache.ibatis.datasource.pooled.PooledDataSource - PooledDataSource forcefully closed/removed all connections.
2023-05-20 19:58:31.442 DEBUG org.apache.ibatis.datasource.pooled.PooledDataSource - PooledDataSource forcefully closed/removed all connections.
2023-05-20 19:58:31.442 DEBUG org.apache.ibatis.datasource.pooled.PooledDataSource - PooledDataSource forcefully closed/removed all connections.
2023-05-20 19:58:31.442 DEBUG org.apache.ibatis.datasource.pooled.PooledDataSource - PooledDataSource forcefully closed/removed all connections.
2023-05-20 19:58:31.442 DEBUG org.apache.ibatis.datasource.pooled.PooledDataSource - PooledDataSource forcefully closed/removed all connections.
2023-05-20 19:58:31.442 DEBUG org.apache.ibatis.datasource.pooled.PooledDataSource - PooledDataSource forcefully closed/removed all connections.
2023-05-20 19:58:31.443 DEBUG org.apache.ibatis.datasource.pooled.PooledDataSource - PooledDataSource forcefully closed/removed all connections.
2023-05-20 19:58:31.610 DEBUG org.apache.ibatis.transaction.jdbc.JdbcTransaction - Opening JDBC Connection
2023-05-20 19:58:31.937 DEBUG org.apache.ibatis.datasource.pooled.PooledDataSource - Created connection 970781872.
2023-05-20 19:58:31.938 DEBUG org.apache.ibatis.transaction.jdbc.JdbcTransaction - Setting autocommit to false on JDBC Connection [com.mysql.cj.jdbc.ConnectionImpl@39dcf4b0]
2023-05-20 19:58:31.945 DEBUG com.faintdream.mybatis.mapper.Weapons_type_Mapper.selectAll - ==>  Preparing: select * from t_weapons_type;
2023-05-20 19:58:32.010 DEBUG com.faintdream.mybatis.mapper.Weapons_type_Mapper.selectAll - ==> Parameters: 
2023-05-20 19:58:32.061 DEBUG com.faintdream.mybatis.mapper.Weapons_type_Mapper.selectAll - <==      Total: 6
2023-05-20 20:04:00.376 DEBUG org.apache.ibatis.logging.LogFactory - Logging initialized using 'class org.apache.ibatis.logging.slf4j.Slf4jImpl' adapter.
2023-05-20 20:04:00.398 DEBUG org.apache.ibatis.datasource.pooled.PooledDataSource - PooledDataSource forcefully closed/removed all connections.
2023-05-20 20:04:00.398 DEBUG org.apache.ibatis.datasource.pooled.PooledDataSource - PooledDataSource forcefully closed/removed all connections.
2023-05-20 20:04:00.399 DEBUG org.apache.ibatis.datasource.pooled.PooledDataSource - PooledDataSource forcefully closed/removed all connections.
2023-05-20 20:04:00.399 DEBUG org.apache.ibatis.datasource.pooled.PooledDataSource - PooledDataSource forcefully closed/removed all connections.
2023-05-20 20:04:00.399 DEBUG org.apache.ibatis.datasource.pooled.PooledDataSource - PooledDataSource forcefully closed/removed all connections.
2023-05-20 20:04:00.399 DEBUG org.apache.ibatis.datasource.pooled.PooledDataSource - PooledDataSource forcefully closed/removed all connections.
2023-05-20 20:04:00.399 DEBUG org.apache.ibatis.datasource.pooled.PooledDataSource - PooledDataSource forcefully closed/removed all connections.
2023-05-20 20:04:00.399 DEBUG org.apache.ibatis.datasource.pooled.PooledDataSource - PooledDataSource forcefully closed/removed all connections.
2023-05-20 20:04:00.563 DEBUG org.apache.ibatis.transaction.jdbc.JdbcTransaction - Opening JDBC Connection
2023-05-20 20:04:00.892 DEBUG org.apache.ibatis.datasource.pooled.PooledDataSource - Created connection 659996839.
2023-05-20 20:04:00.892 DEBUG org.apache.ibatis.transaction.jdbc.JdbcTransaction - Setting autocommit to false on JDBC Connection [com.mysql.cj.jdbc.ConnectionImpl@2756c0a7]
2023-05-20 20:04:00.900 DEBUG com.faintdream.mybatis.mapper.Weapons_type_Mapper.selectAll - ==>  Preparing: select * from t_weapons_type;
2023-05-20 20:04:00.962 DEBUG com.faintdream.mybatis.mapper.Weapons_type_Mapper.selectAll - ==> Parameters: 
2023-05-20 20:04:01.015 DEBUG com.faintdream.mybatis.mapper.Weapons_type_Mapper.selectAll - <==      Total: 6
2023-05-20 20:04:01.020 DEBUG com.faintdream.mybatis.mapper.SexMapper.selectAll - ==>  Preparing: select * from t_sex;
2023-05-20 20:04:01.021 DEBUG com.faintdream.mybatis.mapper.SexMapper.selectAll - ==> Parameters: 
2023-05-20 20:04:01.025 DEBUG com.faintdream.mybatis.mapper.SexMapper.selectAll - <==      Total: 3
2023-05-20 21:13:58.984 DEBUG org.apache.ibatis.logging.LogFactory - Logging initialized using 'class org.apache.ibatis.logging.slf4j.Slf4jImpl' adapter.
2023-05-20 21:13:59.007 DEBUG org.apache.ibatis.datasource.pooled.PooledDataSource - PooledDataSource forcefully closed/removed all connections.
2023-05-20 21:13:59.007 DEBUG org.apache.ibatis.datasource.pooled.PooledDataSource - PooledDataSource forcefully closed/removed all connections.
2023-05-20 21:13:59.007 DEBUG org.apache.ibatis.datasource.pooled.PooledDataSource - PooledDataSource forcefully closed/removed all connections.
2023-05-20 21:13:59.008 DEBUG org.apache.ibatis.datasource.pooled.PooledDataSource - PooledDataSource forcefully closed/removed all connections.
2023-05-20 21:13:59.008 DEBUG org.apache.ibatis.datasource.pooled.PooledDataSource - PooledDataSource forcefully closed/removed all connections.
2023-05-20 21:13:59.008 DEBUG org.apache.ibatis.datasource.pooled.PooledDataSource - PooledDataSource forcefully closed/removed all connections.
2023-05-20 21:13:59.008 DEBUG org.apache.ibatis.datasource.pooled.PooledDataSource - PooledDataSource forcefully closed/removed all connections.
2023-05-20 21:13:59.008 DEBUG org.apache.ibatis.datasource.pooled.PooledDataSource - PooledDataSource forcefully closed/removed all connections.
2023-05-20 21:13:59.182 DEBUG org.apache.ibatis.transaction.jdbc.JdbcTransaction - Opening JDBC Connection
2023-05-20 21:13:59.516 DEBUG org.apache.ibatis.datasource.pooled.PooledDataSource - Created connection 970781872.
2023-05-20 21:13:59.516 DEBUG org.apache.ibatis.transaction.jdbc.JdbcTransaction - Setting autocommit to false on JDBC Connection [com.mysql.cj.jdbc.ConnectionImpl@39dcf4b0]
2023-05-20 21:13:59.522 DEBUG com.faintdream.mybatis.mapper.Weapons_typeMapper.selectAll - ==>  Preparing: select * from t_weapons_type;
2023-05-20 21:13:59.582 DEBUG com.faintdream.mybatis.mapper.Weapons_typeMapper.selectAll - ==> Parameters: 
2023-05-20 21:13:59.637 DEBUG com.faintdream.mybatis.mapper.Weapons_typeMapper.selectAll - <==      Total: 6
2023-05-20 21:13:59.641 DEBUG com.faintdream.mybatis.mapper.SexMapper.selectAll - ==>  Preparing: select * from t_sex;
2023-05-20 21:13:59.642 DEBUG com.faintdream.mybatis.mapper.SexMapper.selectAll - ==> Parameters: 
2023-05-20 21:13:59.645 DEBUG com.faintdream.mybatis.mapper.SexMapper.selectAll - <==      Total: 3
2023-05-20 22:39:33.801 DEBUG org.apache.ibatis.logging.LogFactory - Logging initialized using 'class org.apache.ibatis.logging.slf4j.Slf4jImpl' adapter.
2023-05-20 22:39:33.824 DEBUG org.apache.ibatis.datasource.pooled.PooledDataSource - PooledDataSource forcefully closed/removed all connections.
2023-05-20 22:39:33.824 DEBUG org.apache.ibatis.datasource.pooled.PooledDataSource - PooledDataSource forcefully closed/removed all connections.
2023-05-20 22:39:33.824 DEBUG org.apache.ibatis.datasource.pooled.PooledDataSource - PooledDataSource forcefully closed/removed all connections.
2023-05-20 22:39:33.824 DEBUG org.apache.ibatis.datasource.pooled.PooledDataSource - PooledDataSource forcefully closed/removed all connections.
2023-05-20 22:39:33.824 DEBUG org.apache.ibatis.datasource.pooled.PooledDataSource - PooledDataSource forcefully closed/removed all connections.
2023-05-20 22:39:33.825 DEBUG org.apache.ibatis.datasource.pooled.PooledDataSource - PooledDataSource forcefully closed/removed all connections.
2023-05-20 22:39:33.825 DEBUG org.apache.ibatis.datasource.pooled.PooledDataSource - PooledDataSource forcefully closed/removed all connections.
2023-05-20 22:39:33.825 DEBUG org.apache.ibatis.datasource.pooled.PooledDataSource - PooledDataSource forcefully closed/removed all connections.
2023-05-20 22:39:34.011 DEBUG org.apache.ibatis.transaction.jdbc.JdbcTransaction - Opening JDBC Connection
2023-05-20 22:39:34.335 DEBUG org.apache.ibatis.datasource.pooled.PooledDataSource - Created connection 970781872.
2023-05-20 22:39:34.335 DEBUG org.apache.ibatis.transaction.jdbc.JdbcTransaction - Setting autocommit to false on JDBC Connection [com.mysql.cj.jdbc.ConnectionImpl@39dcf4b0]
2023-05-20 22:39:34.342 DEBUG com.faintdream.mybatis.mapper.Weapons_typeMapper.selectAll - ==>  Preparing: select * from t_weapons_type;
2023-05-20 22:39:34.397 DEBUG com.faintdream.mybatis.mapper.Weapons_typeMapper.selectAll - ==> Parameters: 
2023-05-20 22:39:34.456 DEBUG com.faintdream.mybatis.mapper.Weapons_typeMapper.selectAll - <==      Total: 6
2023-05-20 22:39:34.461 DEBUG com.faintdream.mybatis.mapper.SexMapper.selectAll - ==>  Preparing: select * from t_sex;
2023-05-20 22:39:34.462 DEBUG com.faintdream.mybatis.mapper.SexMapper.selectAll - ==> Parameters: 
2023-05-20 22:39:34.468 DEBUG com.faintdream.mybatis.mapper.SexMapper.selectAll - <==      Total: 3
2023-05-20 23:37:23.368 DEBUG org.apache.ibatis.logging.LogFactory - Logging initialized using 'class org.apache.ibatis.logging.slf4j.Slf4jImpl' adapter.
2023-05-20 23:37:23.389 DEBUG org.apache.ibatis.datasource.pooled.PooledDataSource - PooledDataSource forcefully closed/removed all connections.
2023-05-20 23:37:23.389 DEBUG org.apache.ibatis.datasource.pooled.PooledDataSource - PooledDataSource forcefully closed/removed all connections.
2023-05-20 23:37:23.389 DEBUG org.apache.ibatis.datasource.pooled.PooledDataSource - PooledDataSource forcefully closed/removed all connections.
2023-05-20 23:37:23.390 DEBUG org.apache.ibatis.datasource.pooled.PooledDataSource - PooledDataSource forcefully closed/removed all connections.
2023-05-20 23:37:23.390 DEBUG org.apache.ibatis.datasource.pooled.PooledDataSource - PooledDataSource forcefully closed/removed all connections.
2023-05-20 23:37:23.390 DEBUG org.apache.ibatis.datasource.pooled.PooledDataSource - PooledDataSource forcefully closed/removed all connections.
2023-05-20 23:37:23.390 DEBUG org.apache.ibatis.datasource.pooled.PooledDataSource - PooledDataSource forcefully closed/removed all connections.
2023-05-20 23:37:23.390 DEBUG org.apache.ibatis.datasource.pooled.PooledDataSource - PooledDataSource forcefully closed/removed all connections.
2023-05-20 23:37:23.546 DEBUG org.apache.ibatis.transaction.jdbc.JdbcTransaction - Opening JDBC Connection
2023-05-20 23:37:23.837 DEBUG org.apache.ibatis.datasource.pooled.PooledDataSource - Created connection 1269118128.
2023-05-20 23:37:23.838 DEBUG org.apache.ibatis.transaction.jdbc.JdbcTransaction - Setting autocommit to false on JDBC Connection [com.mysql.cj.jdbc.ConnectionImpl@4ba534b0]
2023-05-20 23:37:23.844 DEBUG com.faintdream.mybatis.mapper.Genshin_roleMapper.selectAll - ==>  Preparing: select * from t_genshin_role;
2023-05-20 23:37:23.900 DEBUG com.faintdream.mybatis.mapper.Genshin_roleMapper.selectAll - ==> Parameters: 
2023-05-20 23:37:23.961 DEBUG com.faintdream.mybatis.mapper.Genshin_roleMapper.selectAll - <==      Total: 66
2023-05-20 23:37:23.963 DEBUG com.faintdream.mybatis.mapper.SexMapper.selectAll - ==>  Preparing: select * from t_sex;
2023-05-20 23:37:23.964 DEBUG com.faintdream.mybatis.mapper.SexMapper.selectAll - ==> Parameters: 
2023-05-20 23:37:23.967 DEBUG com.faintdream.mybatis.mapper.SexMapper.selectAll - <==      Total: 3
2023-05-20 23:37:23.969 DEBUG com.faintdream.mybatis.mapper.Elemental_typeMapper.selectAll - ==>  Preparing: select * from t_elemental_type;
2023-05-20 23:37:23.970 DEBUG com.faintdream.mybatis.mapper.Elemental_typeMapper.selectAll - ==> Parameters: 
2023-05-20 23:37:23.975 DEBUG com.faintdream.mybatis.mapper.Elemental_typeMapper.selectAll - <==      Total: 8
2023-05-20 23:37:23.978 DEBUG com.faintdream.mybatis.mapper.Genshin_regionMapper.selectAll - ==>  Preparing: SELECT * FROM t_genshin_region;
2023-05-20 23:37:23.978 DEBUG com.faintdream.mybatis.mapper.Genshin_regionMapper.selectAll - ==> Parameters: 
2023-05-20 23:37:23.985 DEBUG com.faintdream.mybatis.mapper.Genshin_regionMapper.selectAll - <==      Total: 7
2023-05-20 23:37:23.987 DEBUG com.faintdream.mybatis.mapper.Weapons_typeMapper.selectAll - ==>  Preparing: select * from t_weapons_type;
2023-05-20 23:37:23.987 DEBUG com.faintdream.mybatis.mapper.Weapons_typeMapper.selectAll - ==> Parameters: 
2023-05-20 23:37:23.990 DEBUG com.faintdream.mybatis.mapper.Weapons_typeMapper.selectAll - <==      Total: 6
2023-05-20 23:37:53.384 DEBUG org.apache.ibatis.logging.LogFactory - Logging initialized using 'class org.apache.ibatis.logging.slf4j.Slf4jImpl' adapter.
2023-05-20 23:37:53.404 DEBUG org.apache.ibatis.datasource.pooled.PooledDataSource - PooledDataSource forcefully closed/removed all connections.
2023-05-20 23:37:53.404 DEBUG org.apache.ibatis.datasource.pooled.PooledDataSource - PooledDataSource forcefully closed/removed all connections.
2023-05-20 23:37:53.404 DEBUG org.apache.ibatis.datasource.pooled.PooledDataSource - PooledDataSource forcefully closed/removed all connections.
2023-05-20 23:37:53.404 DEBUG org.apache.ibatis.datasource.pooled.PooledDataSource - PooledDataSource forcefully closed/removed all connections.
2023-05-20 23:37:53.404 DEBUG org.apache.ibatis.datasource.pooled.PooledDataSource - PooledDataSource forcefully closed/removed all connections.
2023-05-20 23:37:53.404 DEBUG org.apache.ibatis.datasource.pooled.PooledDataSource - PooledDataSource forcefully closed/removed all connections.
2023-05-20 23:37:53.404 DEBUG org.apache.ibatis.datasource.pooled.PooledDataSource - PooledDataSource forcefully closed/removed all connections.
2023-05-20 23:37:53.405 DEBUG org.apache.ibatis.datasource.pooled.PooledDataSource - PooledDataSource forcefully closed/removed all connections.
2023-05-20 23:37:53.558 DEBUG org.apache.ibatis.transaction.jdbc.JdbcTransaction - Opening JDBC Connection
2023-05-20 23:37:53.851 DEBUG org.apache.ibatis.datasource.pooled.PooledDataSource - Created connection 883020319.
2023-05-20 23:37:53.851 DEBUG org.apache.ibatis.transaction.jdbc.JdbcTransaction - Setting autocommit to false on JDBC Connection [com.mysql.cj.jdbc.ConnectionImpl@34a1d21f]
2023-05-20 23:37:53.857 DEBUG com.faintdream.mybatis.mapper.Genshin_roleMapper.selectAll - ==>  Preparing: select * from t_genshin_role;
2023-05-20 23:37:53.919 DEBUG com.faintdream.mybatis.mapper.Genshin_roleMapper.selectAll - ==> Parameters: 
2023-05-20 23:37:53.977 DEBUG com.faintdream.mybatis.mapper.Genshin_roleMapper.selectAll - <==      Total: 66
2023-05-20 23:37:53.980 DEBUG com.faintdream.mybatis.mapper.SexMapper.selectAll - ==>  Preparing: select * from t_sex;
2023-05-20 23:37:53.981 DEBUG com.faintdream.mybatis.mapper.SexMapper.selectAll - ==> Parameters: 
2023-05-20 23:37:53.983 DEBUG com.faintdream.mybatis.mapper.SexMapper.selectAll - <==      Total: 3
2023-05-20 23:37:53.985 DEBUG com.faintdream.mybatis.mapper.Elemental_typeMapper.selectAll - ==>  Preparing: select * from t_elemental_type;
2023-05-20 23:37:53.985 DEBUG com.faintdream.mybatis.mapper.Elemental_typeMapper.selectAll - ==> Parameters: 
2023-05-20 23:37:53.988 DEBUG com.faintdream.mybatis.mapper.Elemental_typeMapper.selectAll - <==      Total: 8
2023-05-20 23:37:53.990 DEBUG com.faintdream.mybatis.mapper.Genshin_regionMapper.selectAll - ==>  Preparing: SELECT * FROM t_genshin_region;
2023-05-20 23:37:53.990 DEBUG com.faintdream.mybatis.mapper.Genshin_regionMapper.selectAll - ==> Parameters: 
2023-05-20 23:37:53.993 DEBUG com.faintdream.mybatis.mapper.Genshin_regionMapper.selectAll - <==      Total: 7
2023-05-20 23:37:53.995 DEBUG com.faintdream.mybatis.mapper.Weapons_typeMapper.selectAll - ==>  Preparing: select * from t_weapons_type;
2023-05-20 23:37:53.996 DEBUG com.faintdream.mybatis.mapper.Weapons_typeMapper.selectAll - ==> Parameters: 
2023-05-20 23:37:53.998 DEBUG com.faintdream.mybatis.mapper.Weapons_typeMapper.selectAll - <==      Total: 6
2023-05-20 23:38:13.875 DEBUG org.apache.ibatis.logging.LogFactory - Logging initialized using 'class org.apache.ibatis.logging.slf4j.Slf4jImpl' adapter.
2023-05-20 23:38:13.895 DEBUG org.apache.ibatis.datasource.pooled.PooledDataSource - PooledDataSource forcefully closed/removed all connections.
2023-05-20 23:38:13.896 DEBUG org.apache.ibatis.datasource.pooled.PooledDataSource - PooledDataSource forcefully closed/removed all connections.
2023-05-20 23:38:13.896 DEBUG org.apache.ibatis.datasource.pooled.PooledDataSource - PooledDataSource forcefully closed/removed all connections.
2023-05-20 23:38:13.896 DEBUG org.apache.ibatis.datasource.pooled.PooledDataSource - PooledDataSource forcefully closed/removed all connections.
2023-05-20 23:38:13.896 DEBUG org.apache.ibatis.datasource.pooled.PooledDataSource - PooledDataSource forcefully closed/removed all connections.
2023-05-20 23:38:13.896 DEBUG org.apache.ibatis.datasource.pooled.PooledDataSource - PooledDataSource forcefully closed/removed all connections.
2023-05-20 23:38:13.896 DEBUG org.apache.ibatis.datasource.pooled.PooledDataSource - PooledDataSource forcefully closed/removed all connections.
2023-05-20 23:38:13.897 DEBUG org.apache.ibatis.datasource.pooled.PooledDataSource - PooledDataSource forcefully closed/removed all connections.
2023-05-20 23:38:14.057 DEBUG org.apache.ibatis.transaction.jdbc.JdbcTransaction - Opening JDBC Connection
2023-05-20 23:38:14.350 DEBUG org.apache.ibatis.datasource.pooled.PooledDataSource - Created connection 1731763384.
2023-05-20 23:38:14.350 DEBUG org.apache.ibatis.transaction.jdbc.JdbcTransaction - Setting autocommit to false on JDBC Connection [com.mysql.cj.jdbc.ConnectionImpl@67389cb8]
2023-05-20 23:38:14.355 DEBUG com.faintdream.mybatis.mapper.Genshin_roleMapper.selectAll - ==>  Preparing: select * from t_genshin_role;
2023-05-20 23:38:14.409 DEBUG com.faintdream.mybatis.mapper.Genshin_roleMapper.selectAll - ==> Parameters: 
2023-05-20 23:38:14.467 DEBUG com.faintdream.mybatis.mapper.Genshin_roleMapper.selectAll - <==      Total: 66
2023-05-20 23:38:14.470 DEBUG com.faintdream.mybatis.mapper.SexMapper.selectAll - ==>  Preparing: select * from t_sex;
2023-05-20 23:38:14.471 DEBUG com.faintdream.mybatis.mapper.SexMapper.selectAll - ==> Parameters: 
2023-05-20 23:38:14.473 DEBUG com.faintdream.mybatis.mapper.SexMapper.selectAll - <==      Total: 3
2023-05-20 23:38:14.475 DEBUG com.faintdream.mybatis.mapper.Elemental_typeMapper.selectAll - ==>  Preparing: select * from t_elemental_type;
2023-05-20 23:38:14.475 DEBUG com.faintdream.mybatis.mapper.Elemental_typeMapper.selectAll - ==> Parameters: 
2023-05-20 23:38:14.478 DEBUG com.faintdream.mybatis.mapper.Elemental_typeMapper.selectAll - <==      Total: 8
2023-05-20 23:38:14.479 DEBUG com.faintdream.mybatis.mapper.Genshin_regionMapper.selectAll - ==>  Preparing: SELECT * FROM t_genshin_region;
2023-05-20 23:38:14.480 DEBUG com.faintdream.mybatis.mapper.Genshin_regionMapper.selectAll - ==> Parameters: 
2023-05-20 23:38:14.482 DEBUG com.faintdream.mybatis.mapper.Genshin_regionMapper.selectAll - <==      Total: 7
2023-05-20 23:38:14.484 DEBUG com.faintdream.mybatis.mapper.Weapons_typeMapper.selectAll - ==>  Preparing: select * from t_weapons_type;
2023-05-20 23:38:14.485 DEBUG com.faintdream.mybatis.mapper.Weapons_typeMapper.selectAll - ==> Parameters: 
2023-05-20 23:38:14.487 DEBUG com.faintdream.mybatis.mapper.Weapons_typeMapper.selectAll - <==      Total: 6
2023-05-20 23:40:51.327 DEBUG org.apache.ibatis.logging.LogFactory - Logging initialized using 'class org.apache.ibatis.logging.slf4j.Slf4jImpl' adapter.
2023-05-20 23:40:51.349 DEBUG org.apache.ibatis.datasource.pooled.PooledDataSource - PooledDataSource forcefully closed/removed all connections.
2023-05-20 23:40:51.349 DEBUG org.apache.ibatis.datasource.pooled.PooledDataSource - PooledDataSource forcefully closed/removed all connections.
2023-05-20 23:40:51.349 DEBUG org.apache.ibatis.datasource.pooled.PooledDataSource - PooledDataSource forcefully closed/removed all connections.
2023-05-20 23:40:51.349 DEBUG org.apache.ibatis.datasource.pooled.PooledDataSource - PooledDataSource forcefully closed/removed all connections.
2023-05-20 23:40:51.349 DEBUG org.apache.ibatis.datasource.pooled.PooledDataSource - PooledDataSource forcefully closed/removed all connections.
2023-05-20 23:40:51.350 DEBUG org.apache.ibatis.datasource.pooled.PooledDataSource - PooledDataSource forcefully closed/removed all connections.
2023-05-20 23:40:51.350 DEBUG org.apache.ibatis.datasource.pooled.PooledDataSource - PooledDataSource forcefully closed/removed all connections.
2023-05-20 23:40:51.350 DEBUG org.apache.ibatis.datasource.pooled.PooledDataSource - PooledDataSource forcefully closed/removed all connections.
2023-05-20 23:40:51.507 DEBUG org.apache.ibatis.transaction.jdbc.JdbcTransaction - Opening JDBC Connection
2023-05-20 23:40:51.805 DEBUG org.apache.ibatis.datasource.pooled.PooledDataSource - Created connection 1731763384.
2023-05-20 23:40:51.805 DEBUG org.apache.ibatis.transaction.jdbc.JdbcTransaction - Setting autocommit to false on JDBC Connection [com.mysql.cj.jdbc.ConnectionImpl@67389cb8]
2023-05-20 23:40:51.811 DEBUG com.faintdream.mybatis.mapper.Genshin_roleMapper.selectAll - ==>  Preparing: select * from t_genshin_role;
2023-05-20 23:40:51.866 DEBUG com.faintdream.mybatis.mapper.Genshin_roleMapper.selectAll - ==> Parameters: 
2023-05-20 23:40:51.924 DEBUG com.faintdream.mybatis.mapper.Genshin_roleMapper.selectAll - <==      Total: 66
2023-05-20 23:40:51.927 DEBUG com.faintdream.mybatis.mapper.SexMapper.selectAll - ==>  Preparing: select * from t_sex;
2023-05-20 23:40:51.928 DEBUG com.faintdream.mybatis.mapper.SexMapper.selectAll - ==> Parameters: 
2023-05-20 23:40:51.931 DEBUG com.faintdream.mybatis.mapper.SexMapper.selectAll - <==      Total: 3
2023-05-20 23:40:51.932 DEBUG com.faintdream.mybatis.mapper.Elemental_typeMapper.selectAll - ==>  Preparing: select * from t_elemental_type;
2023-05-20 23:40:51.933 DEBUG com.faintdream.mybatis.mapper.Elemental_typeMapper.selectAll - ==> Parameters: 
2023-05-20 23:40:51.935 DEBUG com.faintdream.mybatis.mapper.Elemental_typeMapper.selectAll - <==      Total: 8
2023-05-20 23:40:51.937 DEBUG com.faintdream.mybatis.mapper.Genshin_regionMapper.selectAll - ==>  Preparing: SELECT * FROM t_genshin_region;
2023-05-20 23:40:51.938 DEBUG com.faintdream.mybatis.mapper.Genshin_regionMapper.selectAll - ==> Parameters: 
2023-05-20 23:40:51.941 DEBUG com.faintdream.mybatis.mapper.Genshin_regionMapper.selectAll - <==      Total: 7
2023-05-20 23:40:51.943 DEBUG com.faintdream.mybatis.mapper.Weapons_typeMapper.selectAll - ==>  Preparing: select * from t_weapons_type;
2023-05-20 23:40:51.943 DEBUG com.faintdream.mybatis.mapper.Weapons_typeMapper.selectAll - ==> Parameters: 
2023-05-20 23:40:51.946 DEBUG com.faintdream.mybatis.mapper.Weapons_typeMapper.selectAll - <==      Total: 6
2023-05-20 23:40:59.785 DEBUG org.apache.ibatis.logging.LogFactory - Logging initialized using 'class org.apache.ibatis.logging.slf4j.Slf4jImpl' adapter.
2023-05-20 23:40:59.805 DEBUG org.apache.ibatis.datasource.pooled.PooledDataSource - PooledDataSource forcefully closed/removed all connections.
2023-05-20 23:40:59.806 DEBUG org.apache.ibatis.datasource.pooled.PooledDataSource - PooledDataSource forcefully closed/removed all connections.
2023-05-20 23:40:59.806 DEBUG org.apache.ibatis.datasource.pooled.PooledDataSource - PooledDataSource forcefully closed/removed all connections.
2023-05-20 23:40:59.806 DEBUG org.apache.ibatis.datasource.pooled.PooledDataSource - PooledDataSource forcefully closed/removed all connections.
2023-05-20 23:40:59.806 DEBUG org.apache.ibatis.datasource.pooled.PooledDataSource - PooledDataSource forcefully closed/removed all connections.
2023-05-20 23:40:59.806 DEBUG org.apache.ibatis.datasource.pooled.PooledDataSource - PooledDataSource forcefully closed/removed all connections.
2023-05-20 23:40:59.807 DEBUG org.apache.ibatis.datasource.pooled.PooledDataSource - PooledDataSource forcefully closed/removed all connections.
2023-05-20 23:40:59.807 DEBUG org.apache.ibatis.datasource.pooled.PooledDataSource - PooledDataSource forcefully closed/removed all connections.
2023-05-20 23:40:59.962 DEBUG org.apache.ibatis.transaction.jdbc.JdbcTransaction - Opening JDBC Connection
2023-05-20 23:41:00.255 DEBUG org.apache.ibatis.datasource.pooled.PooledDataSource - Created connection 1155757579.
2023-05-20 23:41:00.255 DEBUG org.apache.ibatis.transaction.jdbc.JdbcTransaction - Setting autocommit to false on JDBC Connection [com.mysql.cj.jdbc.ConnectionImpl@44e3760b]
2023-05-20 23:41:00.259 DEBUG com.faintdream.mybatis.mapper.Genshin_roleMapper.selectAll - ==>  Preparing: select * from t_genshin_role;
2023-05-20 23:41:00.314 DEBUG com.faintdream.mybatis.mapper.Genshin_roleMapper.selectAll - ==> Parameters: 
2023-05-20 23:41:00.376 DEBUG com.faintdream.mybatis.mapper.Genshin_roleMapper.selectAll - <==      Total: 66
2023-05-20 23:41:00.380 DEBUG com.faintdream.mybatis.mapper.SexMapper.selectAll - ==>  Preparing: select * from t_sex;
2023-05-20 23:41:00.381 DEBUG com.faintdream.mybatis.mapper.SexMapper.selectAll - ==> Parameters: 
2023-05-20 23:41:00.383 DEBUG com.faintdream.mybatis.mapper.SexMapper.selectAll - <==      Total: 3
2023-05-20 23:41:00.384 DEBUG com.faintdream.mybatis.mapper.Elemental_typeMapper.selectAll - ==>  Preparing: select * from t_elemental_type;
2023-05-20 23:41:00.384 DEBUG com.faintdream.mybatis.mapper.Elemental_typeMapper.selectAll - ==> Parameters: 
2023-05-20 23:41:00.387 DEBUG com.faintdream.mybatis.mapper.Elemental_typeMapper.selectAll - <==      Total: 8
2023-05-20 23:41:00.389 DEBUG com.faintdream.mybatis.mapper.Genshin_regionMapper.selectAll - ==>  Preparing: SELECT * FROM t_genshin_region;
2023-05-20 23:41:00.389 DEBUG com.faintdream.mybatis.mapper.Genshin_regionMapper.selectAll - ==> Parameters: 
2023-05-20 23:41:00.392 DEBUG com.faintdream.mybatis.mapper.Genshin_regionMapper.selectAll - <==      Total: 7
2023-05-20 23:41:00.393 DEBUG com.faintdream.mybatis.mapper.Weapons_typeMapper.selectAll - ==>  Preparing: select * from t_weapons_type;
2023-05-20 23:41:00.394 DEBUG com.faintdream.mybatis.mapper.Weapons_typeMapper.selectAll - ==> Parameters: 
2023-05-20 23:41:00.396 DEBUG com.faintdream.mybatis.mapper.Weapons_typeMapper.selectAll - <==      Total: 6
