2023-06-10 21:00:38.180 DEBUG org.apache.ibatis.logging.LogFactory - Logging initialized using 'class org.apache.ibatis.logging.slf4j.Slf4jImpl' adapter.
2023-06-10 21:00:38.202 DEBUG org.apache.ibatis.datasource.pooled.PooledDataSource - PooledDataSource forcefully closed/removed all connections.
2023-06-10 21:00:38.203 DEBUG org.apache.ibatis.datasource.pooled.PooledDataSource - PooledDataSource forcefully closed/removed all connections.
2023-06-10 21:00:38.203 DEBUG org.apache.ibatis.datasource.pooled.PooledDataSource - PooledDataSource forcefully closed/removed all connections.
2023-06-10 21:00:38.203 DEBUG org.apache.ibatis.datasource.pooled.PooledDataSource - PooledDataSource forcefully closed/removed all connections.
2023-06-10 21:00:38.204 DEBUG org.apache.ibatis.datasource.pooled.PooledDataSource - PooledDataSource forcefully closed/removed all connections.
2023-06-10 21:00:38.204 DEBUG org.apache.ibatis.datasource.pooled.PooledDataSource - PooledDataSource forcefully closed/removed all connections.
2023-06-10 21:00:38.204 DEBUG org.apache.ibatis.datasource.pooled.PooledDataSource - PooledDataSource forcefully closed/removed all connections.
2023-06-10 21:00:38.204 DEBUG org.apache.ibatis.datasource.pooled.PooledDataSource - PooledDataSource forcefully closed/removed all connections.
2023-06-10 21:00:38.331 DEBUG org.apache.ibatis.transaction.jdbc.JdbcTransaction - Opening JDBC Connection
2023-06-10 21:00:38.670 DEBUG org.apache.ibatis.datasource.pooled.PooledDataSource - Created connection 1785111044.
2023-06-10 21:00:38.671 DEBUG org.apache.ibatis.transaction.jdbc.JdbcTransaction - Setting autocommit to false on JDBC Connection [com.mysql.cj.jdbc.ConnectionImpl@6a66a204]
2023-06-10 21:00:38.678 DEBUG com.faintdream.mybatis.mapper.Role_physiqueMapper.selectAll - ==>  Preparing: SELECT no,physique,physique_c FROM t_role_physique;
2023-06-10 21:00:38.741 DEBUG com.faintdream.mybatis.mapper.Role_physiqueMapper.selectAll - ==> Parameters: 
2023-06-10 21:00:38.805 DEBUG com.faintdream.mybatis.mapper.Role_physiqueMapper.selectAll - <==      Total: 7
2023-06-10 21:07:08.988 DEBUG org.apache.ibatis.logging.LogFactory - Logging initialized using 'class org.apache.ibatis.logging.slf4j.Slf4jImpl' adapter.
2023-06-10 21:07:09.014 DEBUG org.apache.ibatis.datasource.pooled.PooledDataSource - PooledDataSource forcefully closed/removed all connections.
2023-06-10 21:07:09.014 DEBUG org.apache.ibatis.datasource.pooled.PooledDataSource - PooledDataSource forcefully closed/removed all connections.
2023-06-10 21:07:09.014 DEBUG org.apache.ibatis.datasource.pooled.PooledDataSource - PooledDataSource forcefully closed/removed all connections.
2023-06-10 21:07:09.014 DEBUG org.apache.ibatis.datasource.pooled.PooledDataSource - PooledDataSource forcefully closed/removed all connections.
2023-06-10 21:07:09.015 DEBUG org.apache.ibatis.datasource.pooled.PooledDataSource - PooledDataSource forcefully closed/removed all connections.
2023-06-10 21:07:09.015 DEBUG org.apache.ibatis.datasource.pooled.PooledDataSource - PooledDataSource forcefully closed/removed all connections.
2023-06-10 21:07:09.015 DEBUG org.apache.ibatis.datasource.pooled.PooledDataSource - PooledDataSource forcefully closed/removed all connections.
2023-06-10 21:07:09.015 DEBUG org.apache.ibatis.datasource.pooled.PooledDataSource - PooledDataSource forcefully closed/removed all connections.
2023-06-10 21:07:09.132 DEBUG org.apache.ibatis.transaction.jdbc.JdbcTransaction - Opening JDBC Connection
2023-06-10 21:07:09.442 DEBUG org.apache.ibatis.datasource.pooled.PooledDataSource - Created connection 2000469839.
2023-06-10 21:07:09.442 DEBUG org.apache.ibatis.transaction.jdbc.JdbcTransaction - Setting autocommit to false on JDBC Connection [com.mysql.cj.jdbc.ConnectionImpl@773cbf4f]
2023-06-10 21:07:09.448 DEBUG com.faintdream.mybatis.mapper.Role_physiqueMapper.selectById - ==>  Preparing: SELECT no,physique,physique_c FROM t_role_physique WHERE no=?;
2023-06-10 21:07:09.508 DEBUG com.faintdream.mybatis.mapper.Role_physiqueMapper.selectById - ==> Parameters: 6(String)
2023-06-10 21:07:09.570 DEBUG com.faintdream.mybatis.mapper.Role_physiqueMapper.selectById - <==      Total: 1
2023-06-10 21:07:19.187 DEBUG org.apache.ibatis.logging.LogFactory - Logging initialized using 'class org.apache.ibatis.logging.slf4j.Slf4jImpl' adapter.
2023-06-10 21:07:19.210 DEBUG org.apache.ibatis.datasource.pooled.PooledDataSource - PooledDataSource forcefully closed/removed all connections.
2023-06-10 21:07:19.210 DEBUG org.apache.ibatis.datasource.pooled.PooledDataSource - PooledDataSource forcefully closed/removed all connections.
2023-06-10 21:07:19.210 DEBUG org.apache.ibatis.datasource.pooled.PooledDataSource - PooledDataSource forcefully closed/removed all connections.
2023-06-10 21:07:19.211 DEBUG org.apache.ibatis.datasource.pooled.PooledDataSource - PooledDataSource forcefully closed/removed all connections.
2023-06-10 21:07:19.211 DEBUG org.apache.ibatis.datasource.pooled.PooledDataSource - PooledDataSource forcefully closed/removed all connections.
2023-06-10 21:07:19.211 DEBUG org.apache.ibatis.datasource.pooled.PooledDataSource - PooledDataSource forcefully closed/removed all connections.
2023-06-10 21:07:19.211 DEBUG org.apache.ibatis.datasource.pooled.PooledDataSource - PooledDataSource forcefully closed/removed all connections.
2023-06-10 21:07:19.211 DEBUG org.apache.ibatis.datasource.pooled.PooledDataSource - PooledDataSource forcefully closed/removed all connections.
2023-06-10 21:07:19.327 DEBUG org.apache.ibatis.transaction.jdbc.JdbcTransaction - Opening JDBC Connection
2023-06-10 21:07:19.640 DEBUG org.apache.ibatis.datasource.pooled.PooledDataSource - Created connection 2061440682.
2023-06-10 21:07:19.640 DEBUG org.apache.ibatis.transaction.jdbc.JdbcTransaction - Setting autocommit to false on JDBC Connection [com.mysql.cj.jdbc.ConnectionImpl@7adf16aa]
2023-06-10 21:07:19.647 DEBUG com.faintdream.mybatis.mapper.Role_physiqueMapper.selectAll - ==>  Preparing: SELECT no,physique,physique_c FROM t_role_physique;
2023-06-10 21:07:19.703 DEBUG com.faintdream.mybatis.mapper.Role_physiqueMapper.selectAll - ==> Parameters: 
2023-06-10 21:07:19.761 DEBUG com.faintdream.mybatis.mapper.Role_physiqueMapper.selectAll - <==      Total: 7
2023-06-10 21:08:54.289 DEBUG org.apache.ibatis.logging.LogFactory - Logging initialized using 'class org.apache.ibatis.logging.slf4j.Slf4jImpl' adapter.
2023-06-10 21:08:54.311 DEBUG org.apache.ibatis.datasource.pooled.PooledDataSource - PooledDataSource forcefully closed/removed all connections.
2023-06-10 21:08:54.312 DEBUG org.apache.ibatis.datasource.pooled.PooledDataSource - PooledDataSource forcefully closed/removed all connections.
2023-06-10 21:08:54.312 DEBUG org.apache.ibatis.datasource.pooled.PooledDataSource - PooledDataSource forcefully closed/removed all connections.
2023-06-10 21:08:54.312 DEBUG org.apache.ibatis.datasource.pooled.PooledDataSource - PooledDataSource forcefully closed/removed all connections.
2023-06-10 21:08:54.312 DEBUG org.apache.ibatis.datasource.pooled.PooledDataSource - PooledDataSource forcefully closed/removed all connections.
2023-06-10 21:08:54.312 DEBUG org.apache.ibatis.datasource.pooled.PooledDataSource - PooledDataSource forcefully closed/removed all connections.
2023-06-10 21:08:54.312 DEBUG org.apache.ibatis.datasource.pooled.PooledDataSource - PooledDataSource forcefully closed/removed all connections.
2023-06-10 21:08:54.313 DEBUG org.apache.ibatis.datasource.pooled.PooledDataSource - PooledDataSource forcefully closed/removed all connections.
2023-06-10 21:08:54.431 DEBUG org.apache.ibatis.transaction.jdbc.JdbcTransaction - Opening JDBC Connection
2023-06-10 21:08:54.743 DEBUG org.apache.ibatis.datasource.pooled.PooledDataSource - Created connection 749981943.
2023-06-10 21:08:54.744 DEBUG org.apache.ibatis.transaction.jdbc.JdbcTransaction - Setting autocommit to false on JDBC Connection [com.mysql.cj.jdbc.ConnectionImpl@2cb3d0f7]
2023-06-10 21:08:54.750 DEBUG com.faintdream.mybatis.mapper.Role_physiqueMapper.selectById - ==>  Preparing: SELECT no,physique,physique_c FROM t_role_physique WHERE no=?;
2023-06-10 21:08:54.809 DEBUG com.faintdream.mybatis.mapper.Role_physiqueMapper.selectById - ==> Parameters: 6(String)
2023-06-10 21:08:54.866 DEBUG com.faintdream.mybatis.mapper.Role_physiqueMapper.selectById - <==      Total: 1
2023-06-10 21:09:34.190 DEBUG org.apache.ibatis.logging.LogFactory - Logging initialized using 'class org.apache.ibatis.logging.slf4j.Slf4jImpl' adapter.
2023-06-10 21:09:34.213 DEBUG org.apache.ibatis.datasource.pooled.PooledDataSource - PooledDataSource forcefully closed/removed all connections.
2023-06-10 21:09:34.214 DEBUG org.apache.ibatis.datasource.pooled.PooledDataSource - PooledDataSource forcefully closed/removed all connections.
2023-06-10 21:09:34.214 DEBUG org.apache.ibatis.datasource.pooled.PooledDataSource - PooledDataSource forcefully closed/removed all connections.
2023-06-10 21:09:34.214 DEBUG org.apache.ibatis.datasource.pooled.PooledDataSource - PooledDataSource forcefully closed/removed all connections.
2023-06-10 21:09:34.214 DEBUG org.apache.ibatis.datasource.pooled.PooledDataSource - PooledDataSource forcefully closed/removed all connections.
2023-06-10 21:09:34.215 DEBUG org.apache.ibatis.datasource.pooled.PooledDataSource - PooledDataSource forcefully closed/removed all connections.
2023-06-10 21:09:34.215 DEBUG org.apache.ibatis.datasource.pooled.PooledDataSource - PooledDataSource forcefully closed/removed all connections.
2023-06-10 21:09:34.215 DEBUG org.apache.ibatis.datasource.pooled.PooledDataSource - PooledDataSource forcefully closed/removed all connections.
2023-06-10 21:09:34.336 DEBUG org.apache.ibatis.transaction.jdbc.JdbcTransaction - Opening JDBC Connection
2023-06-10 21:09:34.655 DEBUG org.apache.ibatis.datasource.pooled.PooledDataSource - Created connection 2086068243.
2023-06-10 21:09:34.655 DEBUG org.apache.ibatis.transaction.jdbc.JdbcTransaction - Setting autocommit to false on JDBC Connection [com.mysql.cj.jdbc.ConnectionImpl@7c56e013]
2023-06-10 21:09:34.662 DEBUG com.faintdream.mybatis.mapper.Role_physiqueMapper.selectById - ==>  Preparing: SELECT no,physique,physique_c FROM t_role_physique WHERE no=?;
2023-06-10 21:09:34.719 DEBUG com.faintdream.mybatis.mapper.Role_physiqueMapper.selectById - ==> Parameters: 6(String)
2023-06-10 21:09:34.779 DEBUG com.faintdream.mybatis.mapper.Role_physiqueMapper.selectById - <==      Total: 1
2023-06-10 21:09:34.783 DEBUG com.faintdream.mybatis.mapper.Role_physiqueMapper.selectById - ==>  Preparing: SELECT no,physique,physique_c FROM t_role_physique WHERE no=?;
2023-06-10 21:09:34.784 DEBUG com.faintdream.mybatis.mapper.Role_physiqueMapper.selectById - ==> Parameters: 4(String)
2023-06-10 21:09:34.787 DEBUG com.faintdream.mybatis.mapper.Role_physiqueMapper.selectById - <==      Total: 1
2023-06-10 21:14:14.581 DEBUG org.apache.ibatis.logging.LogFactory - Logging initialized using 'class org.apache.ibatis.logging.slf4j.Slf4jImpl' adapter.
2023-06-10 21:14:14.605 DEBUG org.apache.ibatis.datasource.pooled.PooledDataSource - PooledDataSource forcefully closed/removed all connections.
2023-06-10 21:14:14.605 DEBUG org.apache.ibatis.datasource.pooled.PooledDataSource - PooledDataSource forcefully closed/removed all connections.
2023-06-10 21:14:14.606 DEBUG org.apache.ibatis.datasource.pooled.PooledDataSource - PooledDataSource forcefully closed/removed all connections.
2023-06-10 21:14:14.606 DEBUG org.apache.ibatis.datasource.pooled.PooledDataSource - PooledDataSource forcefully closed/removed all connections.
2023-06-10 21:14:14.606 DEBUG org.apache.ibatis.datasource.pooled.PooledDataSource - PooledDataSource forcefully closed/removed all connections.
2023-06-10 21:14:14.606 DEBUG org.apache.ibatis.datasource.pooled.PooledDataSource - PooledDataSource forcefully closed/removed all connections.
2023-06-10 21:14:14.606 DEBUG org.apache.ibatis.datasource.pooled.PooledDataSource - PooledDataSource forcefully closed/removed all connections.
2023-06-10 21:14:14.606 DEBUG org.apache.ibatis.datasource.pooled.PooledDataSource - PooledDataSource forcefully closed/removed all connections.
2023-06-10 21:14:14.730 DEBUG org.apache.ibatis.transaction.jdbc.JdbcTransaction - Opening JDBC Connection
2023-06-10 21:14:15.048 DEBUG org.apache.ibatis.datasource.pooled.PooledDataSource - Created connection 2000469839.
2023-06-10 21:14:15.048 DEBUG org.apache.ibatis.transaction.jdbc.JdbcTransaction - Setting autocommit to false on JDBC Connection [com.mysql.cj.jdbc.ConnectionImpl@773cbf4f]
2023-06-10 21:14:15.056 DEBUG com.faintdream.mybatis.mapper.Role_physiqueMapper.selectById - ==>  Preparing: SELECT no,physique,physique_c FROM t_role_physique WHERE no=?;
2023-06-10 21:14:15.116 DEBUG com.faintdream.mybatis.mapper.Role_physiqueMapper.selectById - ==> Parameters: 6(String)
2023-06-10 21:14:15.176 DEBUG com.faintdream.mybatis.mapper.Role_physiqueMapper.selectById - <==      Total: 1
2023-06-10 21:14:15.180 DEBUG org.apache.ibatis.transaction.jdbc.JdbcTransaction - Resetting autocommit to true on JDBC Connection [com.mysql.cj.jdbc.ConnectionImpl@773cbf4f]
2023-06-10 21:14:15.181 DEBUG org.apache.ibatis.transaction.jdbc.JdbcTransaction - Closing JDBC Connection [com.mysql.cj.jdbc.ConnectionImpl@773cbf4f]
2023-06-10 21:14:15.182 DEBUG org.apache.ibatis.datasource.pooled.PooledDataSource - Returned connection 2000469839 to pool.
2023-06-10 21:23:40.377 DEBUG org.apache.ibatis.logging.LogFactory - Logging initialized using 'class org.apache.ibatis.logging.slf4j.Slf4jImpl' adapter.
2023-06-10 21:23:40.399 DEBUG org.apache.ibatis.datasource.pooled.PooledDataSource - PooledDataSource forcefully closed/removed all connections.
2023-06-10 21:23:40.400 DEBUG org.apache.ibatis.datasource.pooled.PooledDataSource - PooledDataSource forcefully closed/removed all connections.
2023-06-10 21:23:40.400 DEBUG org.apache.ibatis.datasource.pooled.PooledDataSource - PooledDataSource forcefully closed/removed all connections.
2023-06-10 21:23:40.400 DEBUG org.apache.ibatis.datasource.pooled.PooledDataSource - PooledDataSource forcefully closed/removed all connections.
2023-06-10 21:23:40.400 DEBUG org.apache.ibatis.datasource.pooled.PooledDataSource - PooledDataSource forcefully closed/removed all connections.
2023-06-10 21:23:40.401 DEBUG org.apache.ibatis.datasource.pooled.PooledDataSource - PooledDataSource forcefully closed/removed all connections.
2023-06-10 21:23:40.401 DEBUG org.apache.ibatis.datasource.pooled.PooledDataSource - PooledDataSource forcefully closed/removed all connections.
2023-06-10 21:23:40.401 DEBUG org.apache.ibatis.datasource.pooled.PooledDataSource - PooledDataSource forcefully closed/removed all connections.
2023-06-10 21:23:40.519 DEBUG org.apache.ibatis.transaction.jdbc.JdbcTransaction - Opening JDBC Connection
2023-06-10 21:23:40.855 DEBUG org.apache.ibatis.datasource.pooled.PooledDataSource - Created connection 2000469839.
2023-06-10 21:23:40.855 DEBUG org.apache.ibatis.transaction.jdbc.JdbcTransaction - Setting autocommit to false on JDBC Connection [com.mysql.cj.jdbc.ConnectionImpl@773cbf4f]
2023-06-10 21:23:40.862 DEBUG com.faintdream.mybatis.mapper.Role_physiqueMapper.selectById - ==>  Preparing: SELECT no,physique,physique_c FROM t_role_physique WHERE no=?;
2023-06-10 21:23:40.924 DEBUG com.faintdream.mybatis.mapper.Role_physiqueMapper.selectById - ==> Parameters: 6(String)
2023-06-10 21:23:40.985 DEBUG com.faintdream.mybatis.mapper.Role_physiqueMapper.selectById - <==      Total: 1
2023-06-10 21:23:40.988 DEBUG org.apache.ibatis.transaction.jdbc.JdbcTransaction - Resetting autocommit to true on JDBC Connection [com.mysql.cj.jdbc.ConnectionImpl@773cbf4f]
2023-06-10 21:23:40.989 DEBUG org.apache.ibatis.transaction.jdbc.JdbcTransaction - Closing JDBC Connection [com.mysql.cj.jdbc.ConnectionImpl@773cbf4f]
2023-06-10 21:23:40.989 DEBUG org.apache.ibatis.datasource.pooled.PooledDataSource - Returned connection 2000469839 to pool.
2023-06-10 21:23:40.989 DEBUG org.apache.ibatis.transaction.jdbc.JdbcTransaction - Opening JDBC Connection
2023-06-10 21:23:40.990 DEBUG org.apache.ibatis.datasource.pooled.PooledDataSource - Checked out connection 2000469839 from pool.
2023-06-10 21:23:40.990 DEBUG org.apache.ibatis.transaction.jdbc.JdbcTransaction - Setting autocommit to false on JDBC Connection [com.mysql.cj.jdbc.ConnectionImpl@773cbf4f]
2023-06-10 21:23:40.991 DEBUG com.faintdream.mybatis.mapper.Role_physiqueMapper.selectById - ==>  Preparing: SELECT no,physique,physique_c FROM t_role_physique WHERE no=?;
2023-06-10 21:23:40.993 DEBUG com.faintdream.mybatis.mapper.Role_physiqueMapper.selectById - ==> Parameters: 6(String)
2023-06-10 21:23:40.995 DEBUG com.faintdream.mybatis.mapper.Role_physiqueMapper.selectById - <==      Total: 1
2023-06-10 21:24:50.631 DEBUG org.apache.ibatis.logging.LogFactory - Logging initialized using 'class org.apache.ibatis.logging.slf4j.Slf4jImpl' adapter.
2023-06-10 21:24:50.653 DEBUG org.apache.ibatis.datasource.pooled.PooledDataSource - PooledDataSource forcefully closed/removed all connections.
2023-06-10 21:24:50.654 DEBUG org.apache.ibatis.datasource.pooled.PooledDataSource - PooledDataSource forcefully closed/removed all connections.
2023-06-10 21:24:50.654 DEBUG org.apache.ibatis.datasource.pooled.PooledDataSource - PooledDataSource forcefully closed/removed all connections.
2023-06-10 21:24:50.654 DEBUG org.apache.ibatis.datasource.pooled.PooledDataSource - PooledDataSource forcefully closed/removed all connections.
2023-06-10 21:24:50.654 DEBUG org.apache.ibatis.datasource.pooled.PooledDataSource - PooledDataSource forcefully closed/removed all connections.
2023-06-10 21:24:50.654 DEBUG org.apache.ibatis.datasource.pooled.PooledDataSource - PooledDataSource forcefully closed/removed all connections.
2023-06-10 21:24:50.654 DEBUG org.apache.ibatis.datasource.pooled.PooledDataSource - PooledDataSource forcefully closed/removed all connections.
2023-06-10 21:24:50.655 DEBUG org.apache.ibatis.datasource.pooled.PooledDataSource - PooledDataSource forcefully closed/removed all connections.
2023-06-10 21:24:50.775 DEBUG org.apache.ibatis.transaction.jdbc.JdbcTransaction - Opening JDBC Connection
2023-06-10 21:24:51.089 DEBUG org.apache.ibatis.datasource.pooled.PooledDataSource - Created connection 1482748887.
2023-06-10 21:24:51.090 DEBUG org.apache.ibatis.transaction.jdbc.JdbcTransaction - Setting autocommit to false on JDBC Connection [com.mysql.cj.jdbc.ConnectionImpl@5860f3d7]
2023-06-10 21:24:51.096 DEBUG com.faintdream.mybatis.mapper.Role_physiqueMapper.selectById - ==>  Preparing: SELECT no,physique,physique_c FROM t_role_physique WHERE no=?;
2023-06-10 21:24:51.153 DEBUG com.faintdream.mybatis.mapper.Role_physiqueMapper.selectById - ==> Parameters: 6(String)
2023-06-10 21:24:51.220 DEBUG com.faintdream.mybatis.mapper.Role_physiqueMapper.selectById - <==      Total: 1
2023-06-10 21:24:51.222 DEBUG org.apache.ibatis.transaction.jdbc.JdbcTransaction - Resetting autocommit to true on JDBC Connection [com.mysql.cj.jdbc.ConnectionImpl@5860f3d7]
2023-06-10 21:24:51.223 DEBUG org.apache.ibatis.transaction.jdbc.JdbcTransaction - Closing JDBC Connection [com.mysql.cj.jdbc.ConnectionImpl@5860f3d7]
2023-06-10 21:24:51.223 DEBUG org.apache.ibatis.datasource.pooled.PooledDataSource - Returned connection 1482748887 to pool.
2023-06-10 21:24:51.224 DEBUG org.apache.ibatis.transaction.jdbc.JdbcTransaction - Opening JDBC Connection
2023-06-10 21:24:51.224 DEBUG org.apache.ibatis.datasource.pooled.PooledDataSource - Checked out connection 1482748887 from pool.
2023-06-10 21:24:51.224 DEBUG org.apache.ibatis.transaction.jdbc.JdbcTransaction - Setting autocommit to false on JDBC Connection [com.mysql.cj.jdbc.ConnectionImpl@5860f3d7]
2023-06-10 21:24:51.225 DEBUG com.faintdream.mybatis.mapper.Role_physiqueMapper.selectById - ==>  Preparing: SELECT no,physique,physique_c FROM t_role_physique WHERE no=?;
2023-06-10 21:24:51.227 DEBUG com.faintdream.mybatis.mapper.Role_physiqueMapper.selectById - ==> Parameters: 6(String)
2023-06-10 21:24:51.230 DEBUG com.faintdream.mybatis.mapper.Role_physiqueMapper.selectById - <==      Total: 1
2023-06-10 21:25:22.719 DEBUG org.apache.ibatis.logging.LogFactory - Logging initialized using 'class org.apache.ibatis.logging.slf4j.Slf4jImpl' adapter.
2023-06-10 21:25:22.740 DEBUG org.apache.ibatis.datasource.pooled.PooledDataSource - PooledDataSource forcefully closed/removed all connections.
2023-06-10 21:25:22.741 DEBUG org.apache.ibatis.datasource.pooled.PooledDataSource - PooledDataSource forcefully closed/removed all connections.
2023-06-10 21:25:22.741 DEBUG org.apache.ibatis.datasource.pooled.PooledDataSource - PooledDataSource forcefully closed/removed all connections.
2023-06-10 21:25:22.741 DEBUG org.apache.ibatis.datasource.pooled.PooledDataSource - PooledDataSource forcefully closed/removed all connections.
2023-06-10 21:25:22.741 DEBUG org.apache.ibatis.datasource.pooled.PooledDataSource - PooledDataSource forcefully closed/removed all connections.
2023-06-10 21:25:22.742 DEBUG org.apache.ibatis.datasource.pooled.PooledDataSource - PooledDataSource forcefully closed/removed all connections.
2023-06-10 21:25:22.742 DEBUG org.apache.ibatis.datasource.pooled.PooledDataSource - PooledDataSource forcefully closed/removed all connections.
2023-06-10 21:25:22.742 DEBUG org.apache.ibatis.datasource.pooled.PooledDataSource - PooledDataSource forcefully closed/removed all connections.
2023-06-10 21:25:22.864 DEBUG org.apache.ibatis.transaction.jdbc.JdbcTransaction - Opening JDBC Connection
2023-06-10 21:25:23.170 DEBUG org.apache.ibatis.datasource.pooled.PooledDataSource - Created connection 2000469839.
2023-06-10 21:25:23.170 DEBUG org.apache.ibatis.transaction.jdbc.JdbcTransaction - Setting autocommit to false on JDBC Connection [com.mysql.cj.jdbc.ConnectionImpl@773cbf4f]
2023-06-10 21:25:23.176 DEBUG com.faintdream.mybatis.mapper.Role_physiqueMapper.selectById - ==>  Preparing: SELECT no,physique,physique_c FROM t_role_physique WHERE no=?;
2023-06-10 21:25:23.236 DEBUG com.faintdream.mybatis.mapper.Role_physiqueMapper.selectById - ==> Parameters: 6(String)
2023-06-10 21:25:23.289 DEBUG com.faintdream.mybatis.mapper.Role_physiqueMapper.selectById - <==      Total: 1
2023-06-10 21:25:23.292 DEBUG org.apache.ibatis.transaction.jdbc.JdbcTransaction - Resetting autocommit to true on JDBC Connection [com.mysql.cj.jdbc.ConnectionImpl@773cbf4f]
2023-06-10 21:25:23.293 DEBUG org.apache.ibatis.transaction.jdbc.JdbcTransaction - Closing JDBC Connection [com.mysql.cj.jdbc.ConnectionImpl@773cbf4f]
2023-06-10 21:25:23.293 DEBUG org.apache.ibatis.datasource.pooled.PooledDataSource - Returned connection 2000469839 to pool.
2023-06-10 21:25:23.293 DEBUG org.apache.ibatis.transaction.jdbc.JdbcTransaction - Opening JDBC Connection
2023-06-10 21:25:23.294 DEBUG org.apache.ibatis.datasource.pooled.PooledDataSource - Checked out connection 2000469839 from pool.
2023-06-10 21:25:23.294 DEBUG org.apache.ibatis.transaction.jdbc.JdbcTransaction - Setting autocommit to false on JDBC Connection [com.mysql.cj.jdbc.ConnectionImpl@773cbf4f]
2023-06-10 21:25:23.295 DEBUG com.faintdream.mybatis.mapper.Role_physiqueMapper.selectById - ==>  Preparing: SELECT no,physique,physique_c FROM t_role_physique WHERE no=?;
2023-06-10 21:25:23.296 DEBUG com.faintdream.mybatis.mapper.Role_physiqueMapper.selectById - ==> Parameters: 6(String)
2023-06-10 21:25:23.298 DEBUG com.faintdream.mybatis.mapper.Role_physiqueMapper.selectById - <==      Total: 1
2023-06-10 21:25:23.299 DEBUG org.apache.ibatis.transaction.jdbc.JdbcTransaction - Resetting autocommit to true on JDBC Connection [com.mysql.cj.jdbc.ConnectionImpl@773cbf4f]
2023-06-10 21:25:23.300 DEBUG org.apache.ibatis.transaction.jdbc.JdbcTransaction - Closing JDBC Connection [com.mysql.cj.jdbc.ConnectionImpl@773cbf4f]
2023-06-10 21:25:23.300 DEBUG org.apache.ibatis.datasource.pooled.PooledDataSource - Returned connection 2000469839 to pool.
2023-06-10 21:25:53.578 DEBUG org.apache.ibatis.logging.LogFactory - Logging initialized using 'class org.apache.ibatis.logging.slf4j.Slf4jImpl' adapter.
2023-06-10 21:25:53.600 DEBUG org.apache.ibatis.datasource.pooled.PooledDataSource - PooledDataSource forcefully closed/removed all connections.
2023-06-10 21:25:53.600 DEBUG org.apache.ibatis.datasource.pooled.PooledDataSource - PooledDataSource forcefully closed/removed all connections.
2023-06-10 21:25:53.601 DEBUG org.apache.ibatis.datasource.pooled.PooledDataSource - PooledDataSource forcefully closed/removed all connections.
2023-06-10 21:25:53.601 DEBUG org.apache.ibatis.datasource.pooled.PooledDataSource - PooledDataSource forcefully closed/removed all connections.
2023-06-10 21:25:53.601 DEBUG org.apache.ibatis.datasource.pooled.PooledDataSource - PooledDataSource forcefully closed/removed all connections.
2023-06-10 21:25:53.601 DEBUG org.apache.ibatis.datasource.pooled.PooledDataSource - PooledDataSource forcefully closed/removed all connections.
2023-06-10 21:25:53.601 DEBUG org.apache.ibatis.datasource.pooled.PooledDataSource - PooledDataSource forcefully closed/removed all connections.
2023-06-10 21:25:53.601 DEBUG org.apache.ibatis.datasource.pooled.PooledDataSource - PooledDataSource forcefully closed/removed all connections.
2023-06-10 21:25:53.723 DEBUG org.apache.ibatis.transaction.jdbc.JdbcTransaction - Opening JDBC Connection
2023-06-10 21:25:54.031 DEBUG org.apache.ibatis.datasource.pooled.PooledDataSource - Created connection 2118096382.
2023-06-10 21:25:54.032 DEBUG org.apache.ibatis.transaction.jdbc.JdbcTransaction - Setting autocommit to false on JDBC Connection [com.mysql.cj.jdbc.ConnectionImpl@7e3f95fe]
2023-06-10 21:25:54.038 DEBUG com.faintdream.mybatis.mapper.Role_physiqueMapper.selectById - ==>  Preparing: SELECT no,physique,physique_c FROM t_role_physique WHERE no=?;
2023-06-10 21:25:54.095 DEBUG com.faintdream.mybatis.mapper.Role_physiqueMapper.selectById - ==> Parameters: 6(String)
2023-06-10 21:25:54.149 DEBUG com.faintdream.mybatis.mapper.Role_physiqueMapper.selectById - <==      Total: 1
2023-06-10 21:25:54.153 DEBUG org.apache.ibatis.transaction.jdbc.JdbcTransaction - Resetting autocommit to true on JDBC Connection [com.mysql.cj.jdbc.ConnectionImpl@7e3f95fe]
2023-06-10 21:25:54.154 DEBUG org.apache.ibatis.transaction.jdbc.JdbcTransaction - Closing JDBC Connection [com.mysql.cj.jdbc.ConnectionImpl@7e3f95fe]
2023-06-10 21:25:54.154 DEBUG org.apache.ibatis.datasource.pooled.PooledDataSource - Returned connection 2118096382 to pool.
2023-06-10 21:25:54.155 DEBUG org.apache.ibatis.transaction.jdbc.JdbcTransaction - Opening JDBC Connection
2023-06-10 21:25:54.155 DEBUG org.apache.ibatis.datasource.pooled.PooledDataSource - Checked out connection 2118096382 from pool.
2023-06-10 21:25:54.155 DEBUG org.apache.ibatis.transaction.jdbc.JdbcTransaction - Setting autocommit to false on JDBC Connection [com.mysql.cj.jdbc.ConnectionImpl@7e3f95fe]
2023-06-10 21:25:54.156 DEBUG com.faintdream.mybatis.mapper.Role_physiqueMapper.selectById - ==>  Preparing: SELECT no,physique,physique_c FROM t_role_physique WHERE no=?;
2023-06-10 21:25:54.157 DEBUG com.faintdream.mybatis.mapper.Role_physiqueMapper.selectById - ==> Parameters: 6(String)
2023-06-10 21:25:54.159 DEBUG com.faintdream.mybatis.mapper.Role_physiqueMapper.selectById - <==      Total: 1
2023-06-10 21:25:54.159 DEBUG org.apache.ibatis.transaction.jdbc.JdbcTransaction - Resetting autocommit to true on JDBC Connection [com.mysql.cj.jdbc.ConnectionImpl@7e3f95fe]
2023-06-10 21:25:54.160 DEBUG org.apache.ibatis.transaction.jdbc.JdbcTransaction - Closing JDBC Connection [com.mysql.cj.jdbc.ConnectionImpl@7e3f95fe]
2023-06-10 21:25:54.160 DEBUG org.apache.ibatis.datasource.pooled.PooledDataSource - Returned connection 2118096382 to pool.
2023-06-10 21:25:54.161 DEBUG org.apache.ibatis.transaction.jdbc.JdbcTransaction - Opening JDBC Connection
2023-06-10 21:25:54.161 DEBUG org.apache.ibatis.datasource.pooled.PooledDataSource - Checked out connection 2118096382 from pool.
2023-06-10 21:25:54.161 DEBUG org.apache.ibatis.transaction.jdbc.JdbcTransaction - Setting autocommit to false on JDBC Connection [com.mysql.cj.jdbc.ConnectionImpl@7e3f95fe]
2023-06-10 21:25:54.162 DEBUG com.faintdream.mybatis.mapper.Role_physiqueMapper.selectById - ==>  Preparing: SELECT no,physique,physique_c FROM t_role_physique WHERE no=?;
2023-06-10 21:25:54.163 DEBUG com.faintdream.mybatis.mapper.Role_physiqueMapper.selectById - ==> Parameters: 6(String)
2023-06-10 21:25:54.164 DEBUG com.faintdream.mybatis.mapper.Role_physiqueMapper.selectById - <==      Total: 1
2023-06-10 21:25:54.165 DEBUG org.apache.ibatis.transaction.jdbc.JdbcTransaction - Resetting autocommit to true on JDBC Connection [com.mysql.cj.jdbc.ConnectionImpl@7e3f95fe]
2023-06-10 21:25:54.166 DEBUG org.apache.ibatis.transaction.jdbc.JdbcTransaction - Closing JDBC Connection [com.mysql.cj.jdbc.ConnectionImpl@7e3f95fe]
2023-06-10 21:25:54.166 DEBUG org.apache.ibatis.datasource.pooled.PooledDataSource - Returned connection 2118096382 to pool.
2023-06-10 21:30:45.368 DEBUG org.apache.ibatis.logging.LogFactory - Logging initialized using 'class org.apache.ibatis.logging.slf4j.Slf4jImpl' adapter.
2023-06-10 21:30:45.392 DEBUG org.apache.ibatis.datasource.pooled.PooledDataSource - PooledDataSource forcefully closed/removed all connections.
2023-06-10 21:30:45.392 DEBUG org.apache.ibatis.datasource.pooled.PooledDataSource - PooledDataSource forcefully closed/removed all connections.
2023-06-10 21:30:45.392 DEBUG org.apache.ibatis.datasource.pooled.PooledDataSource - PooledDataSource forcefully closed/removed all connections.
2023-06-10 21:30:45.392 DEBUG org.apache.ibatis.datasource.pooled.PooledDataSource - PooledDataSource forcefully closed/removed all connections.
2023-06-10 21:30:45.393 DEBUG org.apache.ibatis.datasource.pooled.PooledDataSource - PooledDataSource forcefully closed/removed all connections.
2023-06-10 21:30:45.393 DEBUG org.apache.ibatis.datasource.pooled.PooledDataSource - PooledDataSource forcefully closed/removed all connections.
2023-06-10 21:30:45.393 DEBUG org.apache.ibatis.datasource.pooled.PooledDataSource - PooledDataSource forcefully closed/removed all connections.
2023-06-10 21:30:45.393 DEBUG org.apache.ibatis.datasource.pooled.PooledDataSource - PooledDataSource forcefully closed/removed all connections.
2023-06-10 21:30:45.513 DEBUG org.apache.ibatis.transaction.jdbc.JdbcTransaction - Opening JDBC Connection
2023-06-10 21:30:45.823 DEBUG org.apache.ibatis.datasource.pooled.PooledDataSource - Created connection 749981943.
2023-06-10 21:30:45.824 DEBUG org.apache.ibatis.transaction.jdbc.JdbcTransaction - Setting autocommit to false on JDBC Connection [com.mysql.cj.jdbc.ConnectionImpl@2cb3d0f7]
2023-06-10 21:30:45.830 DEBUG com.faintdream.mybatis.mapper.Role_physiqueMapper.selectById - ==>  Preparing: SELECT no,physique,physique_c FROM t_role_physique WHERE no=?;
2023-06-10 21:30:45.886 DEBUG com.faintdream.mybatis.mapper.Role_physiqueMapper.selectById - ==> Parameters: 2(String)
2023-06-10 21:30:45.942 DEBUG com.faintdream.mybatis.mapper.Role_physiqueMapper.selectById - <==      Total: 1
2023-06-10 21:30:45.946 DEBUG com.faintdream.mybatis.mapper.Role_physiqueMapper.selectById - ==>  Preparing: SELECT no,physique,physique_c FROM t_role_physique WHERE no=?;
2023-06-10 21:30:45.947 DEBUG com.faintdream.mybatis.mapper.Role_physiqueMapper.selectById - ==> Parameters: 2(String)
2023-06-10 21:30:45.949 DEBUG com.faintdream.mybatis.mapper.Role_physiqueMapper.selectById - <==      Total: 1
2023-06-10 21:40:45.618 DEBUG org.apache.ibatis.logging.LogFactory - Logging initialized using 'class org.apache.ibatis.logging.slf4j.Slf4jImpl' adapter.
2023-06-10 21:40:45.640 DEBUG org.apache.ibatis.datasource.pooled.PooledDataSource - PooledDataSource forcefully closed/removed all connections.
2023-06-10 21:40:45.641 DEBUG org.apache.ibatis.datasource.pooled.PooledDataSource - PooledDataSource forcefully closed/removed all connections.
2023-06-10 21:40:45.641 DEBUG org.apache.ibatis.datasource.pooled.PooledDataSource - PooledDataSource forcefully closed/removed all connections.
2023-06-10 21:40:45.641 DEBUG org.apache.ibatis.datasource.pooled.PooledDataSource - PooledDataSource forcefully closed/removed all connections.
2023-06-10 21:40:45.642 DEBUG org.apache.ibatis.datasource.pooled.PooledDataSource - PooledDataSource forcefully closed/removed all connections.
2023-06-10 21:40:45.642 DEBUG org.apache.ibatis.datasource.pooled.PooledDataSource - PooledDataSource forcefully closed/removed all connections.
2023-06-10 21:40:45.642 DEBUG org.apache.ibatis.datasource.pooled.PooledDataSource - PooledDataSource forcefully closed/removed all connections.
2023-06-10 21:40:45.642 DEBUG org.apache.ibatis.datasource.pooled.PooledDataSource - PooledDataSource forcefully closed/removed all connections.
2023-06-10 21:40:45.765 DEBUG org.apache.ibatis.transaction.jdbc.JdbcTransaction - Opening JDBC Connection
2023-06-10 21:40:46.100 DEBUG org.apache.ibatis.datasource.pooled.PooledDataSource - Created connection 1155757579.
2023-06-10 21:40:46.101 DEBUG org.apache.ibatis.transaction.jdbc.JdbcTransaction - Setting autocommit to false on JDBC Connection [com.mysql.cj.jdbc.ConnectionImpl@44e3760b]
2023-06-10 21:40:46.107 DEBUG com.faintdream.mybatis.mapper.Role_physiqueMapper.selectById - ==>  Preparing: SELECT no,physique,physique_c FROM t_role_physique WHERE no=?;
2023-06-10 21:40:46.166 DEBUG com.faintdream.mybatis.mapper.Role_physiqueMapper.selectById - ==> Parameters: 2(String)
2023-06-10 21:40:46.223 DEBUG com.faintdream.mybatis.mapper.Role_physiqueMapper.selectById - <==      Total: 1
2023-06-10 21:40:46.226 DEBUG com.faintdream.mybatis.mapper.Role_physiqueMapper.insert - ==>  Preparing: INSERT INTO t_role_physique (no, physique, physique_c) VALUES(8,'Baby','幼女');
2023-06-10 21:40:46.228 DEBUG com.faintdream.mybatis.mapper.Role_physiqueMapper.insert - ==> Parameters: 
2023-06-10 21:40:46.237 DEBUG com.faintdream.mybatis.mapper.Role_physiqueMapper.insert - <==    Updates: 1
2023-06-10 21:40:46.238 DEBUG com.faintdream.mybatis.mapper.Role_physiqueMapper.selectById - ==>  Preparing: SELECT no,physique,physique_c FROM t_role_physique WHERE no=?;
2023-06-10 21:40:46.239 DEBUG com.faintdream.mybatis.mapper.Role_physiqueMapper.selectById - ==> Parameters: 2(String)
2023-06-10 21:40:46.241 DEBUG com.faintdream.mybatis.mapper.Role_physiqueMapper.selectById - <==      Total: 1
2023-06-10 21:42:42.036 DEBUG org.apache.ibatis.logging.LogFactory - Logging initialized using 'class org.apache.ibatis.logging.slf4j.Slf4jImpl' adapter.
2023-06-10 21:42:42.059 DEBUG org.apache.ibatis.datasource.pooled.PooledDataSource - PooledDataSource forcefully closed/removed all connections.
2023-06-10 21:42:42.060 DEBUG org.apache.ibatis.datasource.pooled.PooledDataSource - PooledDataSource forcefully closed/removed all connections.
2023-06-10 21:42:42.060 DEBUG org.apache.ibatis.datasource.pooled.PooledDataSource - PooledDataSource forcefully closed/removed all connections.
2023-06-10 21:42:42.060 DEBUG org.apache.ibatis.datasource.pooled.PooledDataSource - PooledDataSource forcefully closed/removed all connections.
2023-06-10 21:42:42.060 DEBUG org.apache.ibatis.datasource.pooled.PooledDataSource - PooledDataSource forcefully closed/removed all connections.
2023-06-10 21:42:42.061 DEBUG org.apache.ibatis.datasource.pooled.PooledDataSource - PooledDataSource forcefully closed/removed all connections.
2023-06-10 21:42:42.061 DEBUG org.apache.ibatis.datasource.pooled.PooledDataSource - PooledDataSource forcefully closed/removed all connections.
2023-06-10 21:42:42.061 DEBUG org.apache.ibatis.datasource.pooled.PooledDataSource - PooledDataSource forcefully closed/removed all connections.
2023-06-10 21:42:42.181 DEBUG org.apache.ibatis.transaction.jdbc.JdbcTransaction - Opening JDBC Connection
2023-06-10 21:42:42.500 DEBUG org.apache.ibatis.datasource.pooled.PooledDataSource - Created connection 1123226989.
2023-06-10 21:42:42.501 DEBUG org.apache.ibatis.transaction.jdbc.JdbcTransaction - Setting autocommit to false on JDBC Connection [com.mysql.cj.jdbc.ConnectionImpl@42f3156d]
2023-06-10 21:42:42.507 DEBUG com.faintdream.mybatis.mapper.Role_physiqueMapper.selectById - ==>  Preparing: SELECT no,physique,physique_c FROM t_role_physique WHERE no=?;
2023-06-10 21:42:42.566 DEBUG com.faintdream.mybatis.mapper.Role_physiqueMapper.selectById - ==> Parameters: 2(String)
2023-06-10 21:42:42.624 DEBUG com.faintdream.mybatis.mapper.Role_physiqueMapper.selectById - <==      Total: 1
2023-06-10 21:42:42.628 DEBUG com.faintdream.mybatis.mapper.Role_physiqueMapper.insert - ==>  Preparing: INSERT INTO t_role_physique (no, physique, physique_c) VALUES(8,'Baby','幼女');
2023-06-10 21:42:42.630 DEBUG com.faintdream.mybatis.mapper.Role_physiqueMapper.insert - ==> Parameters: 
2023-06-10 21:42:42.632 DEBUG com.faintdream.mybatis.mapper.Role_physiqueMapper.insert - <==    Updates: 1
2023-06-10 21:42:42.633 DEBUG com.faintdream.mybatis.mapper.Role_physiqueMapper.selectById - ==>  Preparing: SELECT no,physique,physique_c FROM t_role_physique WHERE no=?;
2023-06-10 21:42:42.634 DEBUG com.faintdream.mybatis.mapper.Role_physiqueMapper.selectById - ==> Parameters: 2(String)
2023-06-10 21:42:42.636 DEBUG com.faintdream.mybatis.mapper.Role_physiqueMapper.selectById - <==      Total: 1
2023-06-10 21:43:50.602 DEBUG org.apache.ibatis.logging.LogFactory - Logging initialized using 'class org.apache.ibatis.logging.slf4j.Slf4jImpl' adapter.
2023-06-10 21:43:50.624 DEBUG org.apache.ibatis.datasource.pooled.PooledDataSource - PooledDataSource forcefully closed/removed all connections.
2023-06-10 21:43:50.624 DEBUG org.apache.ibatis.datasource.pooled.PooledDataSource - PooledDataSource forcefully closed/removed all connections.
2023-06-10 21:43:50.625 DEBUG org.apache.ibatis.datasource.pooled.PooledDataSource - PooledDataSource forcefully closed/removed all connections.
2023-06-10 21:43:50.625 DEBUG org.apache.ibatis.datasource.pooled.PooledDataSource - PooledDataSource forcefully closed/removed all connections.
2023-06-10 21:43:50.625 DEBUG org.apache.ibatis.datasource.pooled.PooledDataSource - PooledDataSource forcefully closed/removed all connections.
2023-06-10 21:43:50.625 DEBUG org.apache.ibatis.datasource.pooled.PooledDataSource - PooledDataSource forcefully closed/removed all connections.
2023-06-10 21:43:50.625 DEBUG org.apache.ibatis.datasource.pooled.PooledDataSource - PooledDataSource forcefully closed/removed all connections.
2023-06-10 21:43:50.626 DEBUG org.apache.ibatis.datasource.pooled.PooledDataSource - PooledDataSource forcefully closed/removed all connections.
2023-06-10 21:43:50.748 DEBUG org.apache.ibatis.transaction.jdbc.JdbcTransaction - Opening JDBC Connection
2023-06-10 21:43:51.079 DEBUG org.apache.ibatis.datasource.pooled.PooledDataSource - Created connection 1717473929.
2023-06-10 21:43:51.080 DEBUG org.apache.ibatis.transaction.jdbc.JdbcTransaction - Setting autocommit to false on JDBC Connection [com.mysql.cj.jdbc.ConnectionImpl@665e9289]
2023-06-10 21:43:51.086 DEBUG com.faintdream.mybatis.mapper.Role_physiqueMapper.selectById - ==>  Preparing: SELECT no,physique,physique_c FROM t_role_physique WHERE no=?;
2023-06-10 21:43:51.150 DEBUG com.faintdream.mybatis.mapper.Role_physiqueMapper.selectById - ==> Parameters: 2(String)
2023-06-10 21:43:51.212 DEBUG com.faintdream.mybatis.mapper.Role_physiqueMapper.selectById - <==      Total: 1
2023-06-10 21:43:51.216 DEBUG com.faintdream.mybatis.mapper.Role_physiqueMapper.insert - ==>  Preparing: INSERT INTO t_role_physique (no, physique, physique_c) VALUES(8,'Baby','幼女');
2023-06-10 21:43:51.218 DEBUG com.faintdream.mybatis.mapper.Role_physiqueMapper.insert - ==> Parameters: 
2023-06-10 21:43:51.222 DEBUG com.faintdream.mybatis.mapper.Role_physiqueMapper.insert - <==    Updates: 1
2023-06-10 21:43:51.223 DEBUG org.apache.ibatis.transaction.jdbc.JdbcTransaction - Committing JDBC Connection [com.mysql.cj.jdbc.ConnectionImpl@665e9289]
2023-06-10 21:43:51.225 DEBUG com.faintdream.mybatis.mapper.Role_physiqueMapper.selectById - ==>  Preparing: SELECT no,physique,physique_c FROM t_role_physique WHERE no=?;
2023-06-10 21:43:51.227 DEBUG com.faintdream.mybatis.mapper.Role_physiqueMapper.selectById - ==> Parameters: 2(String)
2023-06-10 21:43:51.229 DEBUG com.faintdream.mybatis.mapper.Role_physiqueMapper.selectById - <==      Total: 1
2023-06-10 21:44:15.886 DEBUG org.apache.ibatis.logging.LogFactory - Logging initialized using 'class org.apache.ibatis.logging.slf4j.Slf4jImpl' adapter.
2023-06-10 21:44:15.909 DEBUG org.apache.ibatis.datasource.pooled.PooledDataSource - PooledDataSource forcefully closed/removed all connections.
2023-06-10 21:44:15.909 DEBUG org.apache.ibatis.datasource.pooled.PooledDataSource - PooledDataSource forcefully closed/removed all connections.
2023-06-10 21:44:15.910 DEBUG org.apache.ibatis.datasource.pooled.PooledDataSource - PooledDataSource forcefully closed/removed all connections.
2023-06-10 21:44:15.910 DEBUG org.apache.ibatis.datasource.pooled.PooledDataSource - PooledDataSource forcefully closed/removed all connections.
2023-06-10 21:44:15.910 DEBUG org.apache.ibatis.datasource.pooled.PooledDataSource - PooledDataSource forcefully closed/removed all connections.
2023-06-10 21:44:15.910 DEBUG org.apache.ibatis.datasource.pooled.PooledDataSource - PooledDataSource forcefully closed/removed all connections.
2023-06-10 21:44:15.910 DEBUG org.apache.ibatis.datasource.pooled.PooledDataSource - PooledDataSource forcefully closed/removed all connections.
2023-06-10 21:44:15.910 DEBUG org.apache.ibatis.datasource.pooled.PooledDataSource - PooledDataSource forcefully closed/removed all connections.
2023-06-10 21:44:16.033 DEBUG org.apache.ibatis.transaction.jdbc.JdbcTransaction - Opening JDBC Connection
2023-06-10 21:44:16.360 DEBUG org.apache.ibatis.datasource.pooled.PooledDataSource - Created connection 1491522744.
2023-06-10 21:44:16.361 DEBUG org.apache.ibatis.transaction.jdbc.JdbcTransaction - Setting autocommit to false on JDBC Connection [com.mysql.cj.jdbc.ConnectionImpl@58e6d4b8]
2023-06-10 21:44:16.367 DEBUG com.faintdream.mybatis.mapper.Role_physiqueMapper.selectById - ==>  Preparing: SELECT no,physique,physique_c FROM t_role_physique WHERE no=?;
2023-06-10 21:44:16.428 DEBUG com.faintdream.mybatis.mapper.Role_physiqueMapper.selectById - ==> Parameters: 2(String)
2023-06-10 21:44:16.490 DEBUG com.faintdream.mybatis.mapper.Role_physiqueMapper.selectById - <==      Total: 1
2023-06-10 21:44:16.494 DEBUG com.faintdream.mybatis.mapper.Role_physiqueMapper.insert - ==>  Preparing: INSERT INTO t_role_physique (no, physique, physique_c) VALUES(8,'Baby','幼女');
2023-06-10 21:44:16.496 DEBUG com.faintdream.mybatis.mapper.Role_physiqueMapper.insert - ==> Parameters: 
2023-06-10 21:48:23.701 DEBUG org.apache.ibatis.logging.LogFactory - Logging initialized using 'class org.apache.ibatis.logging.slf4j.Slf4jImpl' adapter.
2023-06-10 21:48:23.722 DEBUG org.apache.ibatis.datasource.pooled.PooledDataSource - PooledDataSource forcefully closed/removed all connections.
2023-06-10 21:48:23.722 DEBUG org.apache.ibatis.datasource.pooled.PooledDataSource - PooledDataSource forcefully closed/removed all connections.
2023-06-10 21:48:23.722 DEBUG org.apache.ibatis.datasource.pooled.PooledDataSource - PooledDataSource forcefully closed/removed all connections.
2023-06-10 21:48:23.722 DEBUG org.apache.ibatis.datasource.pooled.PooledDataSource - PooledDataSource forcefully closed/removed all connections.
2023-06-10 21:48:23.722 DEBUG org.apache.ibatis.datasource.pooled.PooledDataSource - PooledDataSource forcefully closed/removed all connections.
2023-06-10 21:48:23.723 DEBUG org.apache.ibatis.datasource.pooled.PooledDataSource - PooledDataSource forcefully closed/removed all connections.
2023-06-10 21:48:23.723 DEBUG org.apache.ibatis.datasource.pooled.PooledDataSource - PooledDataSource forcefully closed/removed all connections.
2023-06-10 21:48:23.723 DEBUG org.apache.ibatis.datasource.pooled.PooledDataSource - PooledDataSource forcefully closed/removed all connections.
2023-06-10 21:48:23.846 DEBUG org.apache.ibatis.transaction.jdbc.JdbcTransaction - Opening JDBC Connection
2023-06-10 21:48:24.149 DEBUG org.apache.ibatis.datasource.pooled.PooledDataSource - Created connection 659996839.
2023-06-10 21:48:24.150 DEBUG org.apache.ibatis.transaction.jdbc.JdbcTransaction - Setting autocommit to false on JDBC Connection [com.mysql.cj.jdbc.ConnectionImpl@2756c0a7]
2023-06-10 21:48:24.156 DEBUG com.faintdream.mybatis.mapper.Role_physiqueMapper.selectById - ==>  Preparing: SELECT no,physique,physique_c FROM t_role_physique WHERE no=?;
2023-06-10 21:48:24.215 DEBUG com.faintdream.mybatis.mapper.Role_physiqueMapper.selectById - ==> Parameters: 2(String)
2023-06-10 21:48:24.266 DEBUG com.faintdream.mybatis.mapper.Role_physiqueMapper.selectById - <==      Total: 1
2023-06-10 21:48:24.301 DEBUG com.faintdream.mybatis.mapper.Role_physiqueMapper.insert - ==>  Preparing: INSERT INTO t_role_physique (no, physique, physique_c) VALUES(8,Toddler,幼女);
2023-06-10 21:48:24.304 DEBUG com.faintdream.mybatis.mapper.Role_physiqueMapper.insert - ==> Parameters: 
2023-06-10 21:58:46.971 DEBUG org.apache.ibatis.logging.LogFactory - Logging initialized using 'class org.apache.ibatis.logging.slf4j.Slf4jImpl' adapter.
2023-06-10 21:58:46.993 DEBUG org.apache.ibatis.datasource.pooled.PooledDataSource - PooledDataSource forcefully closed/removed all connections.
2023-06-10 21:58:46.994 DEBUG org.apache.ibatis.datasource.pooled.PooledDataSource - PooledDataSource forcefully closed/removed all connections.
2023-06-10 21:58:46.994 DEBUG org.apache.ibatis.datasource.pooled.PooledDataSource - PooledDataSource forcefully closed/removed all connections.
2023-06-10 21:58:46.994 DEBUG org.apache.ibatis.datasource.pooled.PooledDataSource - PooledDataSource forcefully closed/removed all connections.
2023-06-10 21:58:46.994 DEBUG org.apache.ibatis.datasource.pooled.PooledDataSource - PooledDataSource forcefully closed/removed all connections.
2023-06-10 21:58:46.994 DEBUG org.apache.ibatis.datasource.pooled.PooledDataSource - PooledDataSource forcefully closed/removed all connections.
2023-06-10 21:58:46.995 DEBUG org.apache.ibatis.datasource.pooled.PooledDataSource - PooledDataSource forcefully closed/removed all connections.
2023-06-10 21:58:46.995 DEBUG org.apache.ibatis.datasource.pooled.PooledDataSource - PooledDataSource forcefully closed/removed all connections.
2023-06-10 21:58:47.118 DEBUG org.apache.ibatis.transaction.jdbc.JdbcTransaction - Opening JDBC Connection
2023-06-10 21:58:47.430 DEBUG org.apache.ibatis.datasource.pooled.PooledDataSource - Created connection 616412281.
2023-06-10 21:58:47.431 DEBUG org.apache.ibatis.transaction.jdbc.JdbcTransaction - Setting autocommit to false on JDBC Connection [com.mysql.cj.jdbc.ConnectionImpl@24bdb479]
2023-06-10 21:58:47.437 DEBUG com.faintdream.mybatis.mapper.Role_physiqueMapper.selectById - ==>  Preparing: SELECT no,physique,physique_c FROM t_role_physique WHERE no=?;
2023-06-10 21:58:47.493 DEBUG com.faintdream.mybatis.mapper.Role_physiqueMapper.selectById - ==> Parameters: 2(String)
2023-06-10 21:58:47.552 DEBUG com.faintdream.mybatis.mapper.Role_physiqueMapper.selectById - <==      Total: 1
2023-06-10 21:58:47.586 DEBUG com.faintdream.mybatis.mapper.Role_physiqueMapper.insert - ==>  Preparing: INSERT INTO t_role_physique (no, physique, physique_c) VALUES(8,Toddler,幼女);
2023-06-10 21:58:47.589 DEBUG com.faintdream.mybatis.mapper.Role_physiqueMapper.insert - ==> Parameters: 
2023-06-10 22:01:54.953 DEBUG org.apache.ibatis.logging.LogFactory - Logging initialized using 'class org.apache.ibatis.logging.slf4j.Slf4jImpl' adapter.
2023-06-10 22:01:54.977 DEBUG org.apache.ibatis.datasource.pooled.PooledDataSource - PooledDataSource forcefully closed/removed all connections.
2023-06-10 22:01:54.977 DEBUG org.apache.ibatis.datasource.pooled.PooledDataSource - PooledDataSource forcefully closed/removed all connections.
2023-06-10 22:01:54.977 DEBUG org.apache.ibatis.datasource.pooled.PooledDataSource - PooledDataSource forcefully closed/removed all connections.
2023-06-10 22:01:54.977 DEBUG org.apache.ibatis.datasource.pooled.PooledDataSource - PooledDataSource forcefully closed/removed all connections.
2023-06-10 22:01:54.977 DEBUG org.apache.ibatis.datasource.pooled.PooledDataSource - PooledDataSource forcefully closed/removed all connections.
2023-06-10 22:01:54.978 DEBUG org.apache.ibatis.datasource.pooled.PooledDataSource - PooledDataSource forcefully closed/removed all connections.
2023-06-10 22:01:54.978 DEBUG org.apache.ibatis.datasource.pooled.PooledDataSource - PooledDataSource forcefully closed/removed all connections.
2023-06-10 22:01:54.978 DEBUG org.apache.ibatis.datasource.pooled.PooledDataSource - PooledDataSource forcefully closed/removed all connections.
2023-06-10 22:01:55.098 DEBUG org.apache.ibatis.transaction.jdbc.JdbcTransaction - Opening JDBC Connection
2023-06-10 22:01:55.410 DEBUG org.apache.ibatis.datasource.pooled.PooledDataSource - Created connection 2118096382.
2023-06-10 22:01:55.411 DEBUG org.apache.ibatis.transaction.jdbc.JdbcTransaction - Setting autocommit to false on JDBC Connection [com.mysql.cj.jdbc.ConnectionImpl@7e3f95fe]
2023-06-10 22:01:55.417 DEBUG com.faintdream.mybatis.mapper.Role_physiqueMapper.selectById - ==>  Preparing: SELECT no,physique,physique_c FROM t_role_physique WHERE no=?;
2023-06-10 22:01:55.489 DEBUG com.faintdream.mybatis.mapper.Role_physiqueMapper.selectById - ==> Parameters: 2(String)
2023-06-10 22:01:55.554 DEBUG com.faintdream.mybatis.mapper.Role_physiqueMapper.selectById - <==      Total: 1
2023-06-10 22:01:55.584 DEBUG com.faintdream.mybatis.mapper.Role_physiqueMapper.insert - ==>  Preparing: INSERT INTO t_role_physique (no, physique, physique_c) VALUES(8,Toddler,幼女);
2023-06-10 22:01:55.586 DEBUG com.faintdream.mybatis.mapper.Role_physiqueMapper.insert - ==> Parameters: 
2023-06-10 22:06:18.722 DEBUG org.apache.ibatis.logging.LogFactory - Logging initialized using 'class org.apache.ibatis.logging.slf4j.Slf4jImpl' adapter.
2023-06-10 22:06:18.745 DEBUG org.apache.ibatis.datasource.pooled.PooledDataSource - PooledDataSource forcefully closed/removed all connections.
2023-06-10 22:06:18.745 DEBUG org.apache.ibatis.datasource.pooled.PooledDataSource - PooledDataSource forcefully closed/removed all connections.
2023-06-10 22:06:18.745 DEBUG org.apache.ibatis.datasource.pooled.PooledDataSource - PooledDataSource forcefully closed/removed all connections.
2023-06-10 22:06:18.745 DEBUG org.apache.ibatis.datasource.pooled.PooledDataSource - PooledDataSource forcefully closed/removed all connections.
2023-06-10 22:06:18.745 DEBUG org.apache.ibatis.datasource.pooled.PooledDataSource - PooledDataSource forcefully closed/removed all connections.
2023-06-10 22:06:18.745 DEBUG org.apache.ibatis.datasource.pooled.PooledDataSource - PooledDataSource forcefully closed/removed all connections.
2023-06-10 22:06:18.746 DEBUG org.apache.ibatis.datasource.pooled.PooledDataSource - PooledDataSource forcefully closed/removed all connections.
2023-06-10 22:06:18.746 DEBUG org.apache.ibatis.datasource.pooled.PooledDataSource - PooledDataSource forcefully closed/removed all connections.
2023-06-10 22:06:18.866 DEBUG org.apache.ibatis.transaction.jdbc.JdbcTransaction - Opening JDBC Connection
2023-06-10 22:06:19.194 DEBUG org.apache.ibatis.datasource.pooled.PooledDataSource - Created connection 1717473929.
2023-06-10 22:06:19.195 DEBUG org.apache.ibatis.transaction.jdbc.JdbcTransaction - Setting autocommit to false on JDBC Connection [com.mysql.cj.jdbc.ConnectionImpl@665e9289]
2023-06-10 22:06:19.201 DEBUG com.faintdream.mybatis.mapper.Role_physiqueMapper.selectById - ==>  Preparing: SELECT no,physique,physique_c FROM t_role_physique WHERE no=?;
2023-06-10 22:06:19.263 DEBUG com.faintdream.mybatis.mapper.Role_physiqueMapper.selectById - ==> Parameters: 2(String)
2023-06-10 22:06:19.318 DEBUG com.faintdream.mybatis.mapper.Role_physiqueMapper.selectById - <==      Total: 1
2023-06-10 22:06:19.321 DEBUG com.faintdream.mybatis.mapper.Role_physiqueMapper.insert - ==>  Preparing: INSERT INTO t_role_physique (no, physique, physique_c) VALUES(?,?,?);
2023-06-10 22:06:19.324 DEBUG com.faintdream.mybatis.mapper.Role_physiqueMapper.insert - ==> Parameters: 8(String), Toddler(String), 幼女(String)
2023-06-10 22:06:19.326 DEBUG com.faintdream.mybatis.mapper.Role_physiqueMapper.insert - <==    Updates: 1
2023-06-10 22:06:19.327 DEBUG com.faintdream.mybatis.mapper.Role_physiqueMapper.selectById - ==>  Preparing: SELECT no,physique,physique_c FROM t_role_physique WHERE no=?;
2023-06-10 22:06:19.328 DEBUG com.faintdream.mybatis.mapper.Role_physiqueMapper.selectById - ==> Parameters: 2(String)
2023-06-10 22:06:19.330 DEBUG com.faintdream.mybatis.mapper.Role_physiqueMapper.selectById - <==      Total: 1
