2023-05-19 18:57:57.678 DEBUG org.apache.ibatis.logging.LogFactory - Logging initialized using 'class org.apache.ibatis.logging.slf4j.Slf4jImpl' adapter.
2023-05-19 18:57:57.701 DEBUG org.apache.ibatis.datasource.pooled.PooledDataSource - PooledDataSource forcefully closed/removed all connections.
2023-05-19 18:57:57.702 DEBUG org.apache.ibatis.datasource.pooled.PooledDataSource - PooledDataSource forcefully closed/removed all connections.
2023-05-19 18:57:57.702 DEBUG org.apache.ibatis.datasource.pooled.PooledDataSource - PooledDataSource forcefully closed/removed all connections.
2023-05-19 18:57:57.702 DEBUG org.apache.ibatis.datasource.pooled.PooledDataSource - PooledDataSource forcefully closed/removed all connections.
2023-05-19 18:57:57.703 DEBUG org.apache.ibatis.datasource.pooled.PooledDataSource - PooledDataSource forcefully closed/removed all connections.
2023-05-19 18:57:57.703 DEBUG org.apache.ibatis.datasource.pooled.PooledDataSource - PooledDataSource forcefully closed/removed all connections.
2023-05-19 18:57:57.703 DEBUG org.apache.ibatis.datasource.pooled.PooledDataSource - PooledDataSource forcefully closed/removed all connections.
2023-05-19 18:57:57.703 DEBUG org.apache.ibatis.datasource.pooled.PooledDataSource - PooledDataSource forcefully closed/removed all connections.
2023-05-19 19:00:40.280 DEBUG org.apache.ibatis.logging.LogFactory - Logging initialized using 'class org.apache.ibatis.logging.slf4j.Slf4jImpl' adapter.
2023-05-19 19:00:40.303 DEBUG org.apache.ibatis.datasource.pooled.PooledDataSource - PooledDataSource forcefully closed/removed all connections.
2023-05-19 19:00:40.303 DEBUG org.apache.ibatis.datasource.pooled.PooledDataSource - PooledDataSource forcefully closed/removed all connections.
2023-05-19 19:00:40.304 DEBUG org.apache.ibatis.datasource.pooled.PooledDataSource - PooledDataSource forcefully closed/removed all connections.
2023-05-19 19:00:40.304 DEBUG org.apache.ibatis.datasource.pooled.PooledDataSource - PooledDataSource forcefully closed/removed all connections.
2023-05-19 19:00:40.304 DEBUG org.apache.ibatis.datasource.pooled.PooledDataSource - PooledDataSource forcefully closed/removed all connections.
2023-05-19 19:00:40.304 DEBUG org.apache.ibatis.datasource.pooled.PooledDataSource - PooledDataSource forcefully closed/removed all connections.
2023-05-19 19:00:40.304 DEBUG org.apache.ibatis.datasource.pooled.PooledDataSource - PooledDataSource forcefully closed/removed all connections.
2023-05-19 19:00:40.304 DEBUG org.apache.ibatis.datasource.pooled.PooledDataSource - PooledDataSource forcefully closed/removed all connections.
2023-05-19 19:00:40.464 DEBUG org.apache.ibatis.transaction.jdbc.JdbcTransaction - Opening JDBC Connection
2023-05-19 19:00:40.800 DEBUG org.apache.ibatis.datasource.pooled.PooledDataSource - Created connection 864248990.
2023-05-19 19:00:40.801 DEBUG org.apache.ibatis.transaction.jdbc.JdbcTransaction - Setting autocommit to false on JDBC Connection [com.mysql.cj.jdbc.ConnectionImpl@3383649e]
2023-05-19 19:00:40.807 DEBUG com.faintdream.mybatis.mapper.Elemental_typeMapper.selectAll - ==>  Preparing: select * from t_elemental_type;
2023-05-19 19:00:40.866 DEBUG com.faintdream.mybatis.mapper.Elemental_typeMapper.selectAll - ==> Parameters: 
2023-05-19 19:00:40.929 DEBUG com.faintdream.mybatis.mapper.Elemental_typeMapper.selectAll - <==      Total: 8
2023-05-19 19:48:26.114 DEBUG org.apache.ibatis.logging.LogFactory - Logging initialized using 'class org.apache.ibatis.logging.slf4j.Slf4jImpl' adapter.
2023-05-19 19:48:26.137 DEBUG org.apache.ibatis.datasource.pooled.PooledDataSource - PooledDataSource forcefully closed/removed all connections.
2023-05-19 19:48:26.137 DEBUG org.apache.ibatis.datasource.pooled.PooledDataSource - PooledDataSource forcefully closed/removed all connections.
2023-05-19 19:48:26.138 DEBUG org.apache.ibatis.datasource.pooled.PooledDataSource - PooledDataSource forcefully closed/removed all connections.
2023-05-19 19:48:26.138 DEBUG org.apache.ibatis.datasource.pooled.PooledDataSource - PooledDataSource forcefully closed/removed all connections.
2023-05-19 19:48:26.138 DEBUG org.apache.ibatis.datasource.pooled.PooledDataSource - PooledDataSource forcefully closed/removed all connections.
2023-05-19 19:48:26.138 DEBUG org.apache.ibatis.datasource.pooled.PooledDataSource - PooledDataSource forcefully closed/removed all connections.
2023-05-19 19:48:26.138 DEBUG org.apache.ibatis.datasource.pooled.PooledDataSource - PooledDataSource forcefully closed/removed all connections.
2023-05-19 19:48:26.138 DEBUG org.apache.ibatis.datasource.pooled.PooledDataSource - PooledDataSource forcefully closed/removed all connections.
2023-05-19 19:48:26.287 DEBUG org.apache.ibatis.transaction.jdbc.JdbcTransaction - Opening JDBC Connection
2023-05-19 19:48:26.614 DEBUG org.apache.ibatis.datasource.pooled.PooledDataSource - Created connection 864248990.
2023-05-19 19:48:26.615 DEBUG org.apache.ibatis.transaction.jdbc.JdbcTransaction - Setting autocommit to false on JDBC Connection [com.mysql.cj.jdbc.ConnectionImpl@3383649e]
2023-05-19 19:48:26.621 DEBUG com.faintdream.mybatis.mapper.Elemental_typeMapper.selectAll - ==>  Preparing: select * from t_elemental_type;
2023-05-19 19:48:26.680 DEBUG com.faintdream.mybatis.mapper.Elemental_typeMapper.selectAll - ==> Parameters: 
2023-05-19 19:48:26.734 DEBUG com.faintdream.mybatis.mapper.Elemental_typeMapper.selectAll - <==      Total: 8
2023-05-19 20:03:19.043 DEBUG org.apache.ibatis.logging.LogFactory - Logging initialized using 'class org.apache.ibatis.logging.slf4j.Slf4jImpl' adapter.
2023-05-19 20:03:19.065 DEBUG org.apache.ibatis.datasource.pooled.PooledDataSource - PooledDataSource forcefully closed/removed all connections.
2023-05-19 20:03:19.066 DEBUG org.apache.ibatis.datasource.pooled.PooledDataSource - PooledDataSource forcefully closed/removed all connections.
2023-05-19 20:03:19.066 DEBUG org.apache.ibatis.datasource.pooled.PooledDataSource - PooledDataSource forcefully closed/removed all connections.
2023-05-19 20:03:19.066 DEBUG org.apache.ibatis.datasource.pooled.PooledDataSource - PooledDataSource forcefully closed/removed all connections.
2023-05-19 20:03:19.066 DEBUG org.apache.ibatis.datasource.pooled.PooledDataSource - PooledDataSource forcefully closed/removed all connections.
2023-05-19 20:03:19.067 DEBUG org.apache.ibatis.datasource.pooled.PooledDataSource - PooledDataSource forcefully closed/removed all connections.
2023-05-19 20:03:19.067 DEBUG org.apache.ibatis.datasource.pooled.PooledDataSource - PooledDataSource forcefully closed/removed all connections.
2023-05-19 20:03:19.067 DEBUG org.apache.ibatis.datasource.pooled.PooledDataSource - PooledDataSource forcefully closed/removed all connections.
2023-05-19 20:07:28.913 DEBUG org.apache.ibatis.logging.LogFactory - Logging initialized using 'class org.apache.ibatis.logging.slf4j.Slf4jImpl' adapter.
2023-05-19 20:07:28.936 DEBUG org.apache.ibatis.datasource.pooled.PooledDataSource - PooledDataSource forcefully closed/removed all connections.
2023-05-19 20:07:28.936 DEBUG org.apache.ibatis.datasource.pooled.PooledDataSource - PooledDataSource forcefully closed/removed all connections.
2023-05-19 20:07:28.936 DEBUG org.apache.ibatis.datasource.pooled.PooledDataSource - PooledDataSource forcefully closed/removed all connections.
2023-05-19 20:07:28.936 DEBUG org.apache.ibatis.datasource.pooled.PooledDataSource - PooledDataSource forcefully closed/removed all connections.
2023-05-19 20:07:28.936 DEBUG org.apache.ibatis.datasource.pooled.PooledDataSource - PooledDataSource forcefully closed/removed all connections.
2023-05-19 20:07:28.937 DEBUG org.apache.ibatis.datasource.pooled.PooledDataSource - PooledDataSource forcefully closed/removed all connections.
2023-05-19 20:07:28.937 DEBUG org.apache.ibatis.datasource.pooled.PooledDataSource - PooledDataSource forcefully closed/removed all connections.
2023-05-19 20:07:28.937 DEBUG org.apache.ibatis.datasource.pooled.PooledDataSource - PooledDataSource forcefully closed/removed all connections.
2023-05-19 20:09:25.772 DEBUG org.apache.ibatis.logging.LogFactory - Logging initialized using 'class org.apache.ibatis.logging.slf4j.Slf4jImpl' adapter.
2023-05-19 20:09:25.795 DEBUG org.apache.ibatis.datasource.pooled.PooledDataSource - PooledDataSource forcefully closed/removed all connections.
2023-05-19 20:09:25.796 DEBUG org.apache.ibatis.datasource.pooled.PooledDataSource - PooledDataSource forcefully closed/removed all connections.
2023-05-19 20:09:25.796 DEBUG org.apache.ibatis.datasource.pooled.PooledDataSource - PooledDataSource forcefully closed/removed all connections.
2023-05-19 20:09:25.796 DEBUG org.apache.ibatis.datasource.pooled.PooledDataSource - PooledDataSource forcefully closed/removed all connections.
2023-05-19 20:09:25.796 DEBUG org.apache.ibatis.datasource.pooled.PooledDataSource - PooledDataSource forcefully closed/removed all connections.
2023-05-19 20:09:25.796 DEBUG org.apache.ibatis.datasource.pooled.PooledDataSource - PooledDataSource forcefully closed/removed all connections.
2023-05-19 20:09:25.797 DEBUG org.apache.ibatis.datasource.pooled.PooledDataSource - PooledDataSource forcefully closed/removed all connections.
2023-05-19 20:09:25.797 DEBUG org.apache.ibatis.datasource.pooled.PooledDataSource - PooledDataSource forcefully closed/removed all connections.
2023-05-19 20:11:05.132 DEBUG org.apache.ibatis.logging.LogFactory - Logging initialized using 'class org.apache.ibatis.logging.slf4j.Slf4jImpl' adapter.
2023-05-19 20:11:05.158 DEBUG org.apache.ibatis.datasource.pooled.PooledDataSource - PooledDataSource forcefully closed/removed all connections.
2023-05-19 20:11:05.158 DEBUG org.apache.ibatis.datasource.pooled.PooledDataSource - PooledDataSource forcefully closed/removed all connections.
2023-05-19 20:11:05.158 DEBUG org.apache.ibatis.datasource.pooled.PooledDataSource - PooledDataSource forcefully closed/removed all connections.
2023-05-19 20:11:05.158 DEBUG org.apache.ibatis.datasource.pooled.PooledDataSource - PooledDataSource forcefully closed/removed all connections.
2023-05-19 20:11:05.159 DEBUG org.apache.ibatis.datasource.pooled.PooledDataSource - PooledDataSource forcefully closed/removed all connections.
2023-05-19 20:11:05.159 DEBUG org.apache.ibatis.datasource.pooled.PooledDataSource - PooledDataSource forcefully closed/removed all connections.
2023-05-19 20:11:05.159 DEBUG org.apache.ibatis.datasource.pooled.PooledDataSource - PooledDataSource forcefully closed/removed all connections.
2023-05-19 20:11:05.159 DEBUG org.apache.ibatis.datasource.pooled.PooledDataSource - PooledDataSource forcefully closed/removed all connections.
2023-05-19 20:11:05.355 DEBUG org.apache.ibatis.transaction.jdbc.JdbcTransaction - Opening JDBC Connection
2023-05-19 20:11:05.740 DEBUG org.apache.ibatis.datasource.pooled.PooledDataSource - Created connection 1060042118.
2023-05-19 20:11:05.740 DEBUG org.apache.ibatis.transaction.jdbc.JdbcTransaction - Setting autocommit to false on JDBC Connection [com.mysql.cj.jdbc.ConnectionImpl@3f2ef586]
2023-05-19 20:11:05.747 DEBUG com.faintdream.mybatis.mapper.Weapons_type_Mapper.selectAll - ==>  Preparing: select * from t_weapons_type;
2023-05-19 20:11:05.817 DEBUG com.faintdream.mybatis.mapper.Weapons_type_Mapper.selectAll - ==> Parameters: 
2023-05-19 20:11:05.881 DEBUG com.faintdream.mybatis.mapper.Weapons_type_Mapper.selectAll - <==      Total: 6
2023-05-19 20:18:57.563 DEBUG org.apache.ibatis.logging.LogFactory - Logging initialized using 'class org.apache.ibatis.logging.slf4j.Slf4jImpl' adapter.
2023-05-19 20:18:57.585 DEBUG org.apache.ibatis.datasource.pooled.PooledDataSource - PooledDataSource forcefully closed/removed all connections.
2023-05-19 20:18:57.585 DEBUG org.apache.ibatis.datasource.pooled.PooledDataSource - PooledDataSource forcefully closed/removed all connections.
2023-05-19 20:18:57.585 DEBUG org.apache.ibatis.datasource.pooled.PooledDataSource - PooledDataSource forcefully closed/removed all connections.
2023-05-19 20:18:57.585 DEBUG org.apache.ibatis.datasource.pooled.PooledDataSource - PooledDataSource forcefully closed/removed all connections.
2023-05-19 20:18:57.585 DEBUG org.apache.ibatis.datasource.pooled.PooledDataSource - PooledDataSource forcefully closed/removed all connections.
2023-05-19 20:18:57.586 DEBUG org.apache.ibatis.datasource.pooled.PooledDataSource - PooledDataSource forcefully closed/removed all connections.
2023-05-19 20:18:57.586 DEBUG org.apache.ibatis.datasource.pooled.PooledDataSource - PooledDataSource forcefully closed/removed all connections.
2023-05-19 20:18:57.586 DEBUG org.apache.ibatis.datasource.pooled.PooledDataSource - PooledDataSource forcefully closed/removed all connections.
2023-05-19 20:18:57.758 DEBUG org.apache.ibatis.transaction.jdbc.JdbcTransaction - Opening JDBC Connection
2023-05-19 20:18:58.096 DEBUG org.apache.ibatis.datasource.pooled.PooledDataSource - Created connection 1114335860.
2023-05-19 20:18:58.097 DEBUG org.apache.ibatis.transaction.jdbc.JdbcTransaction - Setting autocommit to false on JDBC Connection [com.mysql.cj.jdbc.ConnectionImpl@426b6a74]
2023-05-19 20:18:58.106 DEBUG com.faintdream.mybatis.mapper.Genshin_roleMapper.selectAll - ==>  Preparing: select * from t_genshin_role;
2023-05-19 20:18:58.173 DEBUG com.faintdream.mybatis.mapper.Genshin_roleMapper.selectAll - ==> Parameters: 
2023-05-19 20:18:58.246 DEBUG com.faintdream.mybatis.mapper.Genshin_roleMapper.selectAll - <==      Total: 66
2023-05-19 20:19:47.497 DEBUG org.apache.ibatis.logging.LogFactory - Logging initialized using 'class org.apache.ibatis.logging.slf4j.Slf4jImpl' adapter.
2023-05-19 20:19:47.526 DEBUG org.apache.ibatis.datasource.pooled.PooledDataSource - PooledDataSource forcefully closed/removed all connections.
2023-05-19 20:19:47.527 DEBUG org.apache.ibatis.datasource.pooled.PooledDataSource - PooledDataSource forcefully closed/removed all connections.
2023-05-19 20:19:47.527 DEBUG org.apache.ibatis.datasource.pooled.PooledDataSource - PooledDataSource forcefully closed/removed all connections.
2023-05-19 20:19:47.527 DEBUG org.apache.ibatis.datasource.pooled.PooledDataSource - PooledDataSource forcefully closed/removed all connections.
2023-05-19 20:19:47.527 DEBUG org.apache.ibatis.datasource.pooled.PooledDataSource - PooledDataSource forcefully closed/removed all connections.
2023-05-19 20:19:47.528 DEBUG org.apache.ibatis.datasource.pooled.PooledDataSource - PooledDataSource forcefully closed/removed all connections.
2023-05-19 20:19:47.528 DEBUG org.apache.ibatis.datasource.pooled.PooledDataSource - PooledDataSource forcefully closed/removed all connections.
2023-05-19 20:19:47.528 DEBUG org.apache.ibatis.datasource.pooled.PooledDataSource - PooledDataSource forcefully closed/removed all connections.
2023-05-19 20:19:47.745 DEBUG org.apache.ibatis.transaction.jdbc.JdbcTransaction - Opening JDBC Connection
2023-05-19 20:19:48.144 DEBUG org.apache.ibatis.datasource.pooled.PooledDataSource - Created connection 1800693087.
2023-05-19 20:19:48.145 DEBUG org.apache.ibatis.transaction.jdbc.JdbcTransaction - Setting autocommit to false on JDBC Connection [com.mysql.cj.jdbc.ConnectionImpl@6b54655f]
2023-05-19 20:19:48.151 DEBUG com.faintdream.mybatis.mapper.Genshin_roleMapper.selectAll - ==>  Preparing: select * from t_genshin_role;
2023-05-19 20:19:48.216 DEBUG com.faintdream.mybatis.mapper.Genshin_roleMapper.selectAll - ==> Parameters: 
2023-05-19 20:19:48.284 DEBUG com.faintdream.mybatis.mapper.Genshin_roleMapper.selectAll - <==      Total: 66
2023-05-19 21:23:45.991 DEBUG org.apache.ibatis.logging.LogFactory - Logging initialized using 'class org.apache.ibatis.logging.slf4j.Slf4jImpl' adapter.
2023-05-19 21:23:46.016 DEBUG org.apache.ibatis.datasource.pooled.PooledDataSource - PooledDataSource forcefully closed/removed all connections.
2023-05-19 21:23:46.016 DEBUG org.apache.ibatis.datasource.pooled.PooledDataSource - PooledDataSource forcefully closed/removed all connections.
2023-05-19 21:23:46.016 DEBUG org.apache.ibatis.datasource.pooled.PooledDataSource - PooledDataSource forcefully closed/removed all connections.
2023-05-19 21:23:46.016 DEBUG org.apache.ibatis.datasource.pooled.PooledDataSource - PooledDataSource forcefully closed/removed all connections.
2023-05-19 21:23:46.017 DEBUG org.apache.ibatis.datasource.pooled.PooledDataSource - PooledDataSource forcefully closed/removed all connections.
2023-05-19 21:23:46.017 DEBUG org.apache.ibatis.datasource.pooled.PooledDataSource - PooledDataSource forcefully closed/removed all connections.
2023-05-19 21:23:46.017 DEBUG org.apache.ibatis.datasource.pooled.PooledDataSource - PooledDataSource forcefully closed/removed all connections.
2023-05-19 21:23:46.017 DEBUG org.apache.ibatis.datasource.pooled.PooledDataSource - PooledDataSource forcefully closed/removed all connections.
2023-05-19 21:23:46.191 DEBUG org.apache.ibatis.transaction.jdbc.JdbcTransaction - Opening JDBC Connection
2023-05-19 21:23:46.518 DEBUG org.apache.ibatis.datasource.pooled.PooledDataSource - Created connection 163385254.
2023-05-19 21:23:46.518 DEBUG org.apache.ibatis.transaction.jdbc.JdbcTransaction - Setting autocommit to false on JDBC Connection [com.mysql.cj.jdbc.ConnectionImpl@9bd0fa6]
2023-05-19 21:23:46.524 DEBUG com.faintdream.mybatis.mapper.Genshin_roleMapper.selectAll - ==>  Preparing: select * from t_genshin_role;
2023-05-19 21:23:46.583 DEBUG com.faintdream.mybatis.mapper.Genshin_roleMapper.selectAll - ==> Parameters: 
2023-05-19 21:23:46.657 DEBUG com.faintdream.mybatis.mapper.Genshin_roleMapper.selectAll - <==      Total: 66
2023-05-19 21:24:04.049 DEBUG org.apache.ibatis.logging.LogFactory - Logging initialized using 'class org.apache.ibatis.logging.slf4j.Slf4jImpl' adapter.
2023-05-19 21:24:04.072 DEBUG org.apache.ibatis.datasource.pooled.PooledDataSource - PooledDataSource forcefully closed/removed all connections.
2023-05-19 21:24:04.072 DEBUG org.apache.ibatis.datasource.pooled.PooledDataSource - PooledDataSource forcefully closed/removed all connections.
2023-05-19 21:24:04.072 DEBUG org.apache.ibatis.datasource.pooled.PooledDataSource - PooledDataSource forcefully closed/removed all connections.
2023-05-19 21:24:04.072 DEBUG org.apache.ibatis.datasource.pooled.PooledDataSource - PooledDataSource forcefully closed/removed all connections.
2023-05-19 21:24:04.072 DEBUG org.apache.ibatis.datasource.pooled.PooledDataSource - PooledDataSource forcefully closed/removed all connections.
2023-05-19 21:24:04.073 DEBUG org.apache.ibatis.datasource.pooled.PooledDataSource - PooledDataSource forcefully closed/removed all connections.
2023-05-19 21:24:04.073 DEBUG org.apache.ibatis.datasource.pooled.PooledDataSource - PooledDataSource forcefully closed/removed all connections.
2023-05-19 21:24:04.073 DEBUG org.apache.ibatis.datasource.pooled.PooledDataSource - PooledDataSource forcefully closed/removed all connections.
2023-05-19 21:24:04.240 DEBUG org.apache.ibatis.transaction.jdbc.JdbcTransaction - Opening JDBC Connection
2023-05-19 21:24:04.549 DEBUG org.apache.ibatis.datasource.pooled.PooledDataSource - Created connection 1705665942.
2023-05-19 21:24:04.550 DEBUG org.apache.ibatis.transaction.jdbc.JdbcTransaction - Setting autocommit to false on JDBC Connection [com.mysql.cj.jdbc.ConnectionImpl@65aa6596]
2023-05-19 21:24:04.556 DEBUG com.faintdream.mybatis.mapper.Weapons_type_Mapper.selectAll - ==>  Preparing: select * from t_weapons_type;
2023-05-19 21:24:04.617 DEBUG com.faintdream.mybatis.mapper.Weapons_type_Mapper.selectAll - ==> Parameters: 
2023-05-19 21:24:04.670 DEBUG com.faintdream.mybatis.mapper.Weapons_type_Mapper.selectAll - <==      Total: 6
2023-05-19 21:25:42.151 DEBUG org.apache.ibatis.logging.LogFactory - Logging initialized using 'class org.apache.ibatis.logging.slf4j.Slf4jImpl' adapter.
2023-05-19 21:25:42.179 DEBUG org.apache.ibatis.datasource.pooled.PooledDataSource - PooledDataSource forcefully closed/removed all connections.
2023-05-19 21:25:42.180 DEBUG org.apache.ibatis.datasource.pooled.PooledDataSource - PooledDataSource forcefully closed/removed all connections.
2023-05-19 21:25:42.180 DEBUG org.apache.ibatis.datasource.pooled.PooledDataSource - PooledDataSource forcefully closed/removed all connections.
2023-05-19 21:25:42.180 DEBUG org.apache.ibatis.datasource.pooled.PooledDataSource - PooledDataSource forcefully closed/removed all connections.
2023-05-19 21:25:42.181 DEBUG org.apache.ibatis.datasource.pooled.PooledDataSource - PooledDataSource forcefully closed/removed all connections.
2023-05-19 21:25:42.181 DEBUG org.apache.ibatis.datasource.pooled.PooledDataSource - PooledDataSource forcefully closed/removed all connections.
2023-05-19 21:25:42.181 DEBUG org.apache.ibatis.datasource.pooled.PooledDataSource - PooledDataSource forcefully closed/removed all connections.
2023-05-19 21:25:42.181 DEBUG org.apache.ibatis.datasource.pooled.PooledDataSource - PooledDataSource forcefully closed/removed all connections.
2023-05-19 21:25:42.384 DEBUG org.apache.ibatis.transaction.jdbc.JdbcTransaction - Opening JDBC Connection
2023-05-19 21:25:42.733 DEBUG org.apache.ibatis.datasource.pooled.PooledDataSource - Created connection 1662592920.
2023-05-19 21:25:42.734 DEBUG org.apache.ibatis.transaction.jdbc.JdbcTransaction - Setting autocommit to false on JDBC Connection [com.mysql.cj.jdbc.ConnectionImpl@63192798]
2023-05-19 21:25:42.741 DEBUG com.faintdream.mybatis.mapper.Weapons_type_Mapper.selectAll - ==>  Preparing: select * from t_weapons_type;
2023-05-19 21:25:42.807 DEBUG com.faintdream.mybatis.mapper.Weapons_type_Mapper.selectAll - ==> Parameters: 
2023-05-19 21:25:42.857 DEBUG com.faintdream.mybatis.mapper.Weapons_type_Mapper.selectAll - <==      Total: 6
2023-05-19 21:56:27.241 DEBUG org.apache.ibatis.logging.LogFactory - Logging initialized using 'class org.apache.ibatis.logging.slf4j.Slf4jImpl' adapter.
2023-05-19 21:56:27.263 DEBUG org.apache.ibatis.datasource.pooled.PooledDataSource - PooledDataSource forcefully closed/removed all connections.
2023-05-19 21:56:27.264 DEBUG org.apache.ibatis.datasource.pooled.PooledDataSource - PooledDataSource forcefully closed/removed all connections.
2023-05-19 21:56:27.264 DEBUG org.apache.ibatis.datasource.pooled.PooledDataSource - PooledDataSource forcefully closed/removed all connections.
2023-05-19 21:56:27.264 DEBUG org.apache.ibatis.datasource.pooled.PooledDataSource - PooledDataSource forcefully closed/removed all connections.
2023-05-19 21:56:27.264 DEBUG org.apache.ibatis.datasource.pooled.PooledDataSource - PooledDataSource forcefully closed/removed all connections.
2023-05-19 21:56:27.264 DEBUG org.apache.ibatis.datasource.pooled.PooledDataSource - PooledDataSource forcefully closed/removed all connections.
2023-05-19 21:56:27.264 DEBUG org.apache.ibatis.datasource.pooled.PooledDataSource - PooledDataSource forcefully closed/removed all connections.
2023-05-19 21:56:27.265 DEBUG org.apache.ibatis.datasource.pooled.PooledDataSource - PooledDataSource forcefully closed/removed all connections.
2023-05-19 21:56:27.431 DEBUG org.apache.ibatis.transaction.jdbc.JdbcTransaction - Opening JDBC Connection
2023-05-19 21:56:27.746 DEBUG org.apache.ibatis.datasource.pooled.PooledDataSource - Created connection 1961129028.
2023-05-19 21:56:27.747 DEBUG org.apache.ibatis.transaction.jdbc.JdbcTransaction - Setting autocommit to false on JDBC Connection [com.mysql.cj.jdbc.ConnectionImpl@74e47444]
2023-05-19 21:56:27.753 DEBUG com.faintdream.mybatis.mapper.Weapons_type_Mapper.selectAll - ==>  Preparing: select * from t_weapons_type;
2023-05-19 21:56:27.813 DEBUG com.faintdream.mybatis.mapper.Weapons_type_Mapper.selectAll - ==> Parameters: 
2023-05-19 21:56:27.865 DEBUG com.faintdream.mybatis.mapper.Weapons_type_Mapper.selectAll - <==      Total: 6
2023-05-19 22:36:52.443 DEBUG org.apache.ibatis.logging.LogFactory - Logging initialized using 'class org.apache.ibatis.logging.slf4j.Slf4jImpl' adapter.
2023-05-19 22:36:52.467 DEBUG org.apache.ibatis.datasource.pooled.PooledDataSource - PooledDataSource forcefully closed/removed all connections.
2023-05-19 22:36:52.467 DEBUG org.apache.ibatis.datasource.pooled.PooledDataSource - PooledDataSource forcefully closed/removed all connections.
2023-05-19 22:36:52.467 DEBUG org.apache.ibatis.datasource.pooled.PooledDataSource - PooledDataSource forcefully closed/removed all connections.
2023-05-19 22:36:52.468 DEBUG org.apache.ibatis.datasource.pooled.PooledDataSource - PooledDataSource forcefully closed/removed all connections.
2023-05-19 22:36:52.468 DEBUG org.apache.ibatis.datasource.pooled.PooledDataSource - PooledDataSource forcefully closed/removed all connections.
2023-05-19 22:36:52.468 DEBUG org.apache.ibatis.datasource.pooled.PooledDataSource - PooledDataSource forcefully closed/removed all connections.
2023-05-19 22:36:52.468 DEBUG org.apache.ibatis.datasource.pooled.PooledDataSource - PooledDataSource forcefully closed/removed all connections.
2023-05-19 22:36:52.468 DEBUG org.apache.ibatis.datasource.pooled.PooledDataSource - PooledDataSource forcefully closed/removed all connections.
2023-05-19 22:36:52.652 DEBUG org.apache.ibatis.transaction.jdbc.JdbcTransaction - Opening JDBC Connection
2023-05-19 22:36:52.972 DEBUG org.apache.ibatis.datasource.pooled.PooledDataSource - Created connection 864248990.
2023-05-19 22:36:52.973 DEBUG org.apache.ibatis.transaction.jdbc.JdbcTransaction - Setting autocommit to false on JDBC Connection [com.mysql.cj.jdbc.ConnectionImpl@3383649e]
2023-05-19 22:36:52.979 DEBUG com.faintdream.mybatis.mapper.Genshin_roleMapper.selectAll - ==>  Preparing: select * from t_genshin_role;
2023-05-19 22:36:53.035 DEBUG com.faintdream.mybatis.mapper.Genshin_roleMapper.selectAll - ==> Parameters: 
2023-05-19 22:36:53.103 DEBUG com.faintdream.mybatis.mapper.Genshin_roleMapper.selectAll - <==      Total: 66
2023-05-19 22:36:53.105 DEBUG com.faintdream.mybatis.mapper.SexMapper.selectAll - ==>  Preparing: select * from t_sex;
2023-05-19 22:36:53.106 DEBUG com.faintdream.mybatis.mapper.SexMapper.selectAll - ==> Parameters: 
2023-05-19 22:36:53.109 DEBUG com.faintdream.mybatis.mapper.SexMapper.selectAll - <==      Total: 3
2023-05-19 22:36:53.109 DEBUG com.faintdream.mybatis.mapper.Elemental_typeMapper.selectAll - ==>  Preparing: select * from t_elemental_type;
2023-05-19 22:36:53.110 DEBUG com.faintdream.mybatis.mapper.Elemental_typeMapper.selectAll - ==> Parameters: 
2023-05-19 22:36:53.113 DEBUG com.faintdream.mybatis.mapper.Elemental_typeMapper.selectAll - <==      Total: 8
2023-05-19 22:36:53.113 DEBUG com.faintdream.mybatis.mapper.Genshin_regionMapper.selectAll - ==>  Preparing: SELECT * FROM t_genshin_region;
2023-05-19 22:36:53.114 DEBUG com.faintdream.mybatis.mapper.Genshin_regionMapper.selectAll - ==> Parameters: 
2023-05-19 22:36:53.118 DEBUG com.faintdream.mybatis.mapper.Genshin_regionMapper.selectAll - <==      Total: 7
2023-05-19 22:36:53.119 DEBUG com.faintdream.mybatis.mapper.Weapons_type_Mapper.selectAll - ==>  Preparing: select * from t_weapons_type;
2023-05-19 22:36:53.119 DEBUG com.faintdream.mybatis.mapper.Weapons_type_Mapper.selectAll - ==> Parameters: 
2023-05-19 22:36:53.122 DEBUG com.faintdream.mybatis.mapper.Weapons_type_Mapper.selectAll - <==      Total: 6
2023-05-19 22:42:03.664 DEBUG org.apache.ibatis.logging.LogFactory - Logging initialized using 'class org.apache.ibatis.logging.slf4j.Slf4jImpl' adapter.
2023-05-19 22:42:03.687 DEBUG org.apache.ibatis.datasource.pooled.PooledDataSource - PooledDataSource forcefully closed/removed all connections.
2023-05-19 22:42:03.687 DEBUG org.apache.ibatis.datasource.pooled.PooledDataSource - PooledDataSource forcefully closed/removed all connections.
2023-05-19 22:42:03.687 DEBUG org.apache.ibatis.datasource.pooled.PooledDataSource - PooledDataSource forcefully closed/removed all connections.
2023-05-19 22:42:03.687 DEBUG org.apache.ibatis.datasource.pooled.PooledDataSource - PooledDataSource forcefully closed/removed all connections.
2023-05-19 22:42:03.688 DEBUG org.apache.ibatis.datasource.pooled.PooledDataSource - PooledDataSource forcefully closed/removed all connections.
2023-05-19 22:42:03.688 DEBUG org.apache.ibatis.datasource.pooled.PooledDataSource - PooledDataSource forcefully closed/removed all connections.
2023-05-19 22:42:03.688 DEBUG org.apache.ibatis.datasource.pooled.PooledDataSource - PooledDataSource forcefully closed/removed all connections.
2023-05-19 22:42:03.688 DEBUG org.apache.ibatis.datasource.pooled.PooledDataSource - PooledDataSource forcefully closed/removed all connections.
2023-05-19 22:42:03.865 DEBUG org.apache.ibatis.transaction.jdbc.JdbcTransaction - Opening JDBC Connection
2023-05-19 22:42:04.180 DEBUG org.apache.ibatis.datasource.pooled.PooledDataSource - Created connection 80141040.
2023-05-19 22:42:04.180 DEBUG org.apache.ibatis.transaction.jdbc.JdbcTransaction - Setting autocommit to false on JDBC Connection [com.mysql.cj.jdbc.ConnectionImpl@4c6daf0]
2023-05-19 22:42:04.187 DEBUG com.faintdream.mybatis.mapper.Genshin_roleMapper.selectAll - ==>  Preparing: select * from t_genshin_role;
2023-05-19 22:42:04.245 DEBUG com.faintdream.mybatis.mapper.Genshin_roleMapper.selectAll - ==> Parameters: 
2023-05-19 22:42:04.311 DEBUG com.faintdream.mybatis.mapper.Genshin_roleMapper.selectAll - <==      Total: 66
2023-05-19 22:42:04.314 DEBUG com.faintdream.mybatis.mapper.SexMapper.selectAll - ==>  Preparing: select * from t_sex;
2023-05-19 22:42:04.315 DEBUG com.faintdream.mybatis.mapper.SexMapper.selectAll - ==> Parameters: 
2023-05-19 22:42:04.318 DEBUG com.faintdream.mybatis.mapper.SexMapper.selectAll - <==      Total: 3
2023-05-19 22:42:04.319 DEBUG com.faintdream.mybatis.mapper.Elemental_typeMapper.selectAll - ==>  Preparing: select * from t_elemental_type;
2023-05-19 22:42:04.319 DEBUG com.faintdream.mybatis.mapper.Elemental_typeMapper.selectAll - ==> Parameters: 
2023-05-19 22:42:04.322 DEBUG com.faintdream.mybatis.mapper.Elemental_typeMapper.selectAll - <==      Total: 8
2023-05-19 22:42:04.322 DEBUG com.faintdream.mybatis.mapper.Genshin_regionMapper.selectAll - ==>  Preparing: SELECT * FROM t_genshin_region;
2023-05-19 22:42:04.323 DEBUG com.faintdream.mybatis.mapper.Genshin_regionMapper.selectAll - ==> Parameters: 
2023-05-19 22:42:04.325 DEBUG com.faintdream.mybatis.mapper.Genshin_regionMapper.selectAll - <==      Total: 7
2023-05-19 22:42:04.326 DEBUG com.faintdream.mybatis.mapper.Weapons_type_Mapper.selectAll - ==>  Preparing: select * from t_weapons_type;
2023-05-19 22:42:04.326 DEBUG com.faintdream.mybatis.mapper.Weapons_type_Mapper.selectAll - ==> Parameters: 
2023-05-19 22:42:04.329 DEBUG com.faintdream.mybatis.mapper.Weapons_type_Mapper.selectAll - <==      Total: 6
2023-05-19 22:42:04.335 DEBUG com.faintdream.mybatis.mapper.Genshin_role_detailMapper.selectAll - ==>  Preparing: select * from t_genshin_role_detail;
2023-05-19 22:42:04.335 DEBUG com.faintdream.mybatis.mapper.Genshin_role_detailMapper.selectAll - ==> Parameters: 
2023-05-19 22:42:04.339 DEBUG com.faintdream.mybatis.mapper.Genshin_role_detailMapper.selectAll - <==      Total: 7
2023-05-19 22:55:10.531 DEBUG org.apache.ibatis.logging.LogFactory - Logging initialized using 'class org.apache.ibatis.logging.slf4j.Slf4jImpl' adapter.
2023-05-19 22:55:10.554 DEBUG org.apache.ibatis.datasource.pooled.PooledDataSource - PooledDataSource forcefully closed/removed all connections.
2023-05-19 22:55:10.554 DEBUG org.apache.ibatis.datasource.pooled.PooledDataSource - PooledDataSource forcefully closed/removed all connections.
2023-05-19 22:55:10.554 DEBUG org.apache.ibatis.datasource.pooled.PooledDataSource - PooledDataSource forcefully closed/removed all connections.
2023-05-19 22:55:10.554 DEBUG org.apache.ibatis.datasource.pooled.PooledDataSource - PooledDataSource forcefully closed/removed all connections.
2023-05-19 22:55:10.555 DEBUG org.apache.ibatis.datasource.pooled.PooledDataSource - PooledDataSource forcefully closed/removed all connections.
2023-05-19 22:55:10.555 DEBUG org.apache.ibatis.datasource.pooled.PooledDataSource - PooledDataSource forcefully closed/removed all connections.
2023-05-19 22:55:10.555 DEBUG org.apache.ibatis.datasource.pooled.PooledDataSource - PooledDataSource forcefully closed/removed all connections.
2023-05-19 22:55:10.555 DEBUG org.apache.ibatis.datasource.pooled.PooledDataSource - PooledDataSource forcefully closed/removed all connections.
2023-05-19 22:55:10.725 DEBUG org.apache.ibatis.transaction.jdbc.JdbcTransaction - Opening JDBC Connection
2023-05-19 22:55:11.044 DEBUG org.apache.ibatis.datasource.pooled.PooledDataSource - Created connection 87242619.
2023-05-19 22:55:11.045 DEBUG org.apache.ibatis.transaction.jdbc.JdbcTransaction - Setting autocommit to false on JDBC Connection [com.mysql.cj.jdbc.ConnectionImpl@533377b]
2023-05-19 22:55:11.052 DEBUG com.faintdream.mybatis.mapper.Genshin_role_detailMapper.selectById - ==>  Preparing: select * from t_genshin_role_detail where id=?;
2023-05-19 22:55:11.113 DEBUG com.faintdream.mybatis.mapper.Genshin_role_detailMapper.selectById - ==> Parameters: 4(String)
2023-05-19 22:55:11.164 DEBUG com.faintdream.mybatis.mapper.Genshin_role_detailMapper.selectById - <==      Total: 1
2023-05-19 22:55:11.181 DEBUG com.faintdream.mybatis.mapper.Genshin_role_detailMapper.selectAll - ==>  Preparing: select * from t_genshin_role_detail;
2023-05-19 22:55:11.182 DEBUG com.faintdream.mybatis.mapper.Genshin_role_detailMapper.selectAll - ==> Parameters: 
2023-05-19 22:55:11.186 DEBUG com.faintdream.mybatis.mapper.Genshin_role_detailMapper.selectAll - <==      Total: 7
