2023-05-06 21:40:18.421 DEBUG org.apache.ibatis.logging.LogFactory - Logging initialized using 'class org.apache.ibatis.logging.slf4j.Slf4jImpl' adapter.
2023-05-06 21:40:18.449 DEBUG org.apache.ibatis.datasource.pooled.PooledDataSource - PooledDataSource forcefully closed/removed all connections.
2023-05-06 21:40:18.450 DEBUG org.apache.ibatis.datasource.pooled.PooledDataSource - PooledDataSource forcefully closed/removed all connections.
2023-05-06 21:40:18.450 DEBUG org.apache.ibatis.datasource.pooled.PooledDataSource - PooledDataSource forcefully closed/removed all connections.
2023-05-06 21:40:18.451 DEBUG org.apache.ibatis.datasource.pooled.PooledDataSource - PooledDataSource forcefully closed/removed all connections.
2023-05-06 21:40:18.543 DEBUG org.apache.ibatis.transaction.jdbc.JdbcTransaction - Opening JDBC Connection
2023-05-06 21:40:18.907 DEBUG org.apache.ibatis.datasource.pooled.PooledDataSource - Created connection 970781872.
2023-05-06 21:40:18.908 DEBUG org.apache.ibatis.transaction.jdbc.JdbcTransaction - Setting autocommit to false on JDBC Connection [com.mysql.cj.jdbc.ConnectionImpl@39dcf4b0]
2023-05-06 21:40:18.916 DEBUG org.mybatis.example.BlogMapper.insertCar - ==>  Preparing: INSERT INTO t_car(id,car_num,brand,guide_price,produce_time,car_type) VALUES(null,?,?,?,?,?)
2023-05-06 21:40:18.986 DEBUG org.mybatis.example.BlogMapper.insertCar - ==> Parameters: null, 1007(String), 比亚迪汉(String), 20(Integer), 电动车(String)
2023-05-06 21:40:19.008 DEBUG org.apache.ibatis.transaction.jdbc.JdbcTransaction - Rolling back JDBC Connection [com.mysql.cj.jdbc.ConnectionImpl@39dcf4b0]
2023-05-06 21:40:19.009 DEBUG org.apache.ibatis.transaction.jdbc.JdbcTransaction - Resetting autocommit to true on JDBC Connection [com.mysql.cj.jdbc.ConnectionImpl@39dcf4b0]
2023-05-06 21:40:19.010 DEBUG org.apache.ibatis.transaction.jdbc.JdbcTransaction - Closing JDBC Connection [com.mysql.cj.jdbc.ConnectionImpl@39dcf4b0]
2023-05-06 21:40:19.010 DEBUG org.apache.ibatis.datasource.pooled.PooledDataSource - Returned connection 970781872 to pool.
2023-05-06 21:43:15.829 DEBUG org.apache.ibatis.logging.LogFactory - Logging initialized using 'class org.apache.ibatis.logging.slf4j.Slf4jImpl' adapter.
2023-05-06 21:43:15.853 DEBUG org.apache.ibatis.datasource.pooled.PooledDataSource - PooledDataSource forcefully closed/removed all connections.
2023-05-06 21:43:15.853 DEBUG org.apache.ibatis.datasource.pooled.PooledDataSource - PooledDataSource forcefully closed/removed all connections.
2023-05-06 21:43:15.853 DEBUG org.apache.ibatis.datasource.pooled.PooledDataSource - PooledDataSource forcefully closed/removed all connections.
2023-05-06 21:43:15.853 DEBUG org.apache.ibatis.datasource.pooled.PooledDataSource - PooledDataSource forcefully closed/removed all connections.
2023-05-06 21:43:15.945 DEBUG org.apache.ibatis.transaction.jdbc.JdbcTransaction - Opening JDBC Connection
2023-05-06 21:43:16.330 DEBUG org.apache.ibatis.datasource.pooled.PooledDataSource - Created connection 970781872.
2023-05-06 21:43:16.331 DEBUG org.apache.ibatis.transaction.jdbc.JdbcTransaction - Setting autocommit to false on JDBC Connection [com.mysql.cj.jdbc.ConnectionImpl@39dcf4b0]
2023-05-06 21:43:16.339 DEBUG org.mybatis.example.BlogMapper.insertCar - ==>  Preparing: INSERT INTO t_car(id,car_num,brand,guide_price,produce_time,car_type) VALUES(null,?,?,?,?,?)
2023-05-06 21:43:16.410 DEBUG org.mybatis.example.BlogMapper.insertCar - ==> Parameters: 1007(String), 比亚迪汉(String), 20(Integer), 2023-05-06(String), 电动车(String)
2023-05-06 21:43:16.414 DEBUG org.mybatis.example.BlogMapper.insertCar - <==    Updates: 1
2023-05-06 21:43:16.415 DEBUG org.apache.ibatis.transaction.jdbc.JdbcTransaction - Rolling back JDBC Connection [com.mysql.cj.jdbc.ConnectionImpl@39dcf4b0]
2023-05-06 21:43:16.419 DEBUG org.apache.ibatis.transaction.jdbc.JdbcTransaction - Resetting autocommit to true on JDBC Connection [com.mysql.cj.jdbc.ConnectionImpl@39dcf4b0]
2023-05-06 21:43:16.420 DEBUG org.apache.ibatis.transaction.jdbc.JdbcTransaction - Closing JDBC Connection [com.mysql.cj.jdbc.ConnectionImpl@39dcf4b0]
2023-05-06 21:43:16.420 DEBUG org.apache.ibatis.datasource.pooled.PooledDataSource - Returned connection 970781872 to pool.
2023-05-06 21:44:20.065 DEBUG org.apache.ibatis.logging.LogFactory - Logging initialized using 'class org.apache.ibatis.logging.slf4j.Slf4jImpl' adapter.
2023-05-06 21:44:20.088 DEBUG org.apache.ibatis.datasource.pooled.PooledDataSource - PooledDataSource forcefully closed/removed all connections.
2023-05-06 21:44:20.088 DEBUG org.apache.ibatis.datasource.pooled.PooledDataSource - PooledDataSource forcefully closed/removed all connections.
2023-05-06 21:44:20.089 DEBUG org.apache.ibatis.datasource.pooled.PooledDataSource - PooledDataSource forcefully closed/removed all connections.
2023-05-06 21:44:20.089 DEBUG org.apache.ibatis.datasource.pooled.PooledDataSource - PooledDataSource forcefully closed/removed all connections.
2023-05-06 21:44:20.174 DEBUG org.apache.ibatis.transaction.jdbc.JdbcTransaction - Opening JDBC Connection
2023-05-06 21:44:20.504 DEBUG org.apache.ibatis.datasource.pooled.PooledDataSource - Created connection 2023917549.
2023-05-06 21:44:20.504 DEBUG org.apache.ibatis.transaction.jdbc.JdbcTransaction - Setting autocommit to false on JDBC Connection [com.mysql.cj.jdbc.ConnectionImpl@78a287ed]
2023-05-06 21:44:20.511 DEBUG org.mybatis.example.BlogMapper.insertCar - ==>  Preparing: INSERT INTO t_car(id,car_num,brand,guide_price,produce_time,car_type) VALUES(null,?,?,?,?,?)
2023-05-06 21:44:20.577 DEBUG org.mybatis.example.BlogMapper.insertCar - ==> Parameters: 1007(String), 比亚迪汉(String), 20(Integer), 2023-05-06(String), 电动车(String)
2023-05-06 21:44:20.580 DEBUG org.mybatis.example.BlogMapper.insertCar - <==    Updates: 1
2023-05-06 21:44:20.582 DEBUG org.apache.ibatis.transaction.jdbc.JdbcTransaction - Rolling back JDBC Connection [com.mysql.cj.jdbc.ConnectionImpl@78a287ed]
2023-05-06 21:44:20.584 DEBUG org.apache.ibatis.transaction.jdbc.JdbcTransaction - Resetting autocommit to true on JDBC Connection [com.mysql.cj.jdbc.ConnectionImpl@78a287ed]
2023-05-06 21:44:20.584 DEBUG org.apache.ibatis.transaction.jdbc.JdbcTransaction - Closing JDBC Connection [com.mysql.cj.jdbc.ConnectionImpl@78a287ed]
2023-05-06 21:44:20.585 DEBUG org.apache.ibatis.datasource.pooled.PooledDataSource - Returned connection 2023917549 to pool.
2023-05-06 21:45:13.574 DEBUG org.apache.ibatis.logging.LogFactory - Logging initialized using 'class org.apache.ibatis.logging.slf4j.Slf4jImpl' adapter.
2023-05-06 21:45:13.598 DEBUG org.apache.ibatis.datasource.pooled.PooledDataSource - PooledDataSource forcefully closed/removed all connections.
2023-05-06 21:45:13.598 DEBUG org.apache.ibatis.datasource.pooled.PooledDataSource - PooledDataSource forcefully closed/removed all connections.
2023-05-06 21:45:13.598 DEBUG org.apache.ibatis.datasource.pooled.PooledDataSource - PooledDataSource forcefully closed/removed all connections.
2023-05-06 21:45:13.598 DEBUG org.apache.ibatis.datasource.pooled.PooledDataSource - PooledDataSource forcefully closed/removed all connections.
2023-05-06 21:45:13.691 DEBUG org.apache.ibatis.transaction.jdbc.JdbcTransaction - Opening JDBC Connection
2023-05-06 21:45:14.082 DEBUG org.apache.ibatis.datasource.pooled.PooledDataSource - Created connection 970781872.
2023-05-06 21:45:14.083 DEBUG org.apache.ibatis.transaction.jdbc.JdbcTransaction - Setting autocommit to false on JDBC Connection [com.mysql.cj.jdbc.ConnectionImpl@39dcf4b0]
2023-05-06 21:45:14.090 DEBUG org.mybatis.example.BlogMapper.insertCar - ==>  Preparing: INSERT INTO t_car(id,car_num,brand,guide_price,produce_time,car_type) VALUES(null,?,?,?,?,?)
2023-05-06 21:45:14.156 DEBUG org.mybatis.example.BlogMapper.insertCar - ==> Parameters: 1007(String), 比亚迪汉(String), 20(Integer), 2023-05-06(String), 电动车(String)
2023-05-06 21:45:14.160 DEBUG org.mybatis.example.BlogMapper.insertCar - <==    Updates: 1
2023-05-06 21:45:14.160 DEBUG org.apache.ibatis.transaction.jdbc.JdbcTransaction - Committing JDBC Connection [com.mysql.cj.jdbc.ConnectionImpl@39dcf4b0]
2023-05-06 21:45:14.164 DEBUG org.apache.ibatis.transaction.jdbc.JdbcTransaction - Resetting autocommit to true on JDBC Connection [com.mysql.cj.jdbc.ConnectionImpl@39dcf4b0]
2023-05-06 21:45:14.165 DEBUG org.apache.ibatis.transaction.jdbc.JdbcTransaction - Closing JDBC Connection [com.mysql.cj.jdbc.ConnectionImpl@39dcf4b0]
2023-05-06 21:45:14.166 DEBUG org.apache.ibatis.datasource.pooled.PooledDataSource - Returned connection 970781872 to pool.
2023-05-06 21:46:35.388 DEBUG org.apache.ibatis.logging.LogFactory - Logging initialized using 'class org.apache.ibatis.logging.slf4j.Slf4jImpl' adapter.
2023-05-06 21:46:35.413 DEBUG org.apache.ibatis.datasource.pooled.PooledDataSource - PooledDataSource forcefully closed/removed all connections.
2023-05-06 21:46:35.413 DEBUG org.apache.ibatis.datasource.pooled.PooledDataSource - PooledDataSource forcefully closed/removed all connections.
2023-05-06 21:46:35.414 DEBUG org.apache.ibatis.datasource.pooled.PooledDataSource - PooledDataSource forcefully closed/removed all connections.
2023-05-06 21:46:35.414 DEBUG org.apache.ibatis.datasource.pooled.PooledDataSource - PooledDataSource forcefully closed/removed all connections.
2023-05-06 21:46:35.509 DEBUG org.apache.ibatis.transaction.jdbc.JdbcTransaction - Opening JDBC Connection
2023-05-06 21:46:35.885 DEBUG org.apache.ibatis.datasource.pooled.PooledDataSource - Created connection 970781872.
2023-05-06 21:46:35.886 DEBUG org.apache.ibatis.transaction.jdbc.JdbcTransaction - Setting autocommit to false on JDBC Connection [com.mysql.cj.jdbc.ConnectionImpl@39dcf4b0]
2023-05-06 21:46:35.893 DEBUG org.mybatis.example.BlogMapper.insertCar - ==>  Preparing: INSERT INTO t_car(id,car_num,brand,guide_price,produce_time,car_type) VALUES(null,?,?,?,?,?)
2023-05-06 21:46:35.957 DEBUG org.mybatis.example.BlogMapper.insertCar - ==> Parameters: 1008(String), 比亚迪汉plus(String), 25(Integer), 2023-05-06(String), 电动车(String)
2023-05-06 21:46:35.960 DEBUG org.mybatis.example.BlogMapper.insertCar - <==    Updates: 1
2023-05-06 21:46:35.961 DEBUG org.apache.ibatis.transaction.jdbc.JdbcTransaction - Committing JDBC Connection [com.mysql.cj.jdbc.ConnectionImpl@39dcf4b0]
2023-05-06 21:46:35.963 DEBUG org.apache.ibatis.transaction.jdbc.JdbcTransaction - Resetting autocommit to true on JDBC Connection [com.mysql.cj.jdbc.ConnectionImpl@39dcf4b0]
2023-05-06 21:46:35.964 DEBUG org.apache.ibatis.transaction.jdbc.JdbcTransaction - Closing JDBC Connection [com.mysql.cj.jdbc.ConnectionImpl@39dcf4b0]
2023-05-06 21:46:35.964 DEBUG org.apache.ibatis.datasource.pooled.PooledDataSource - Returned connection 970781872 to pool.
2023-05-06 21:58:37.926 DEBUG org.apache.ibatis.logging.LogFactory - Logging initialized using 'class org.apache.ibatis.logging.slf4j.Slf4jImpl' adapter.
2023-05-06 21:58:37.951 DEBUG org.apache.ibatis.datasource.pooled.PooledDataSource - PooledDataSource forcefully closed/removed all connections.
2023-05-06 21:58:37.951 DEBUG org.apache.ibatis.datasource.pooled.PooledDataSource - PooledDataSource forcefully closed/removed all connections.
2023-05-06 21:58:37.952 DEBUG org.apache.ibatis.datasource.pooled.PooledDataSource - PooledDataSource forcefully closed/removed all connections.
2023-05-06 21:58:37.952 DEBUG org.apache.ibatis.datasource.pooled.PooledDataSource - PooledDataSource forcefully closed/removed all connections.
2023-05-06 21:58:38.039 DEBUG org.apache.ibatis.transaction.jdbc.JdbcTransaction - Opening JDBC Connection
2023-05-06 21:58:38.358 DEBUG org.apache.ibatis.datasource.pooled.PooledDataSource - Created connection 2023917549.
2023-05-06 21:58:38.359 DEBUG org.apache.ibatis.transaction.jdbc.JdbcTransaction - Setting autocommit to false on JDBC Connection [com.mysql.cj.jdbc.ConnectionImpl@78a287ed]
2023-05-06 21:58:38.366 DEBUG org.mybatis.example.BlogMapper.insertCar - ==>  Preparing: INSERT INTO t_car(id,car_num,brand,guide_price,produce_time,car_type) VALUES(null,?,?,?,?,?)
2023-05-06 21:58:38.430 DEBUG org.mybatis.example.BlogMapper.insertCar - ==> Parameters: 1008(String), 比亚迪汉plus(String), 25(Integer), 2023-05-06(String), 电动车(String)
2023-05-06 21:58:38.450 DEBUG org.apache.ibatis.transaction.jdbc.JdbcTransaction - Rolling back JDBC Connection [com.mysql.cj.jdbc.ConnectionImpl@78a287ed]
2023-05-06 21:58:38.452 DEBUG org.apache.ibatis.transaction.jdbc.JdbcTransaction - Resetting autocommit to true on JDBC Connection [com.mysql.cj.jdbc.ConnectionImpl@78a287ed]
2023-05-06 21:58:38.453 DEBUG org.apache.ibatis.transaction.jdbc.JdbcTransaction - Closing JDBC Connection [com.mysql.cj.jdbc.ConnectionImpl@78a287ed]
2023-05-06 21:58:38.453 DEBUG org.apache.ibatis.datasource.pooled.PooledDataSource - Returned connection 2023917549 to pool.
2023-05-06 22:55:11.105 DEBUG org.apache.ibatis.logging.LogFactory - Logging initialized using 'class org.apache.ibatis.logging.slf4j.Slf4jImpl' adapter.
2023-05-06 22:55:11.130 DEBUG org.apache.ibatis.datasource.pooled.PooledDataSource - PooledDataSource forcefully closed/removed all connections.
2023-05-06 22:55:11.131 DEBUG org.apache.ibatis.datasource.pooled.PooledDataSource - PooledDataSource forcefully closed/removed all connections.
2023-05-06 22:55:11.131 DEBUG org.apache.ibatis.datasource.pooled.PooledDataSource - PooledDataSource forcefully closed/removed all connections.
2023-05-06 22:55:11.131 DEBUG org.apache.ibatis.datasource.pooled.PooledDataSource - PooledDataSource forcefully closed/removed all connections.
2023-05-06 22:55:11.215 DEBUG org.apache.ibatis.transaction.jdbc.JdbcTransaction - Opening JDBC Connection
2023-05-06 22:55:11.541 DEBUG org.apache.ibatis.datasource.pooled.PooledDataSource - Created connection 1011044643.
2023-05-06 22:55:11.541 DEBUG org.apache.ibatis.transaction.jdbc.JdbcTransaction - Setting autocommit to false on JDBC Connection [com.mysql.cj.jdbc.ConnectionImpl@3c435123]
2023-05-06 22:55:11.547 DEBUG org.mybatis.example.BlogMapper.insertCar - ==>  Preparing: INSERT INTO t_car(id,car_num,brand,guide_price,produce_time,car_type) VALUES(null,?,?,?,?,?)
2023-05-06 22:55:11.611 DEBUG org.mybatis.example.BlogMapper.insertCar - ==> Parameters: 1009(String), 雪铁龙C6(String), 12(String), 2023-04-01(String), 燃油车(String)
2023-05-06 22:55:11.617 DEBUG org.mybatis.example.BlogMapper.insertCar - <==    Updates: 1
2023-05-06 22:55:11.618 DEBUG org.apache.ibatis.transaction.jdbc.JdbcTransaction - Committing JDBC Connection [com.mysql.cj.jdbc.ConnectionImpl@3c435123]
2023-05-06 22:55:11.631 DEBUG org.apache.ibatis.transaction.jdbc.JdbcTransaction - Resetting autocommit to true on JDBC Connection [com.mysql.cj.jdbc.ConnectionImpl@3c435123]
2023-05-06 22:55:11.632 DEBUG org.apache.ibatis.transaction.jdbc.JdbcTransaction - Closing JDBC Connection [com.mysql.cj.jdbc.ConnectionImpl@3c435123]
2023-05-06 22:55:11.632 DEBUG org.apache.ibatis.datasource.pooled.PooledDataSource - Returned connection 1011044643 to pool.
2023-05-06 22:55:37.330 DEBUG org.apache.ibatis.logging.LogFactory - Logging initialized using 'class org.apache.ibatis.logging.slf4j.Slf4jImpl' adapter.
2023-05-06 22:55:37.355 DEBUG org.apache.ibatis.datasource.pooled.PooledDataSource - PooledDataSource forcefully closed/removed all connections.
2023-05-06 22:55:37.355 DEBUG org.apache.ibatis.datasource.pooled.PooledDataSource - PooledDataSource forcefully closed/removed all connections.
2023-05-06 22:55:37.355 DEBUG org.apache.ibatis.datasource.pooled.PooledDataSource - PooledDataSource forcefully closed/removed all connections.
2023-05-06 22:55:37.356 DEBUG org.apache.ibatis.datasource.pooled.PooledDataSource - PooledDataSource forcefully closed/removed all connections.
2023-05-06 22:55:37.441 DEBUG org.apache.ibatis.transaction.jdbc.JdbcTransaction - Opening JDBC Connection
2023-05-06 22:55:37.784 DEBUG org.apache.ibatis.datasource.pooled.PooledDataSource - Created connection 1648582256.
2023-05-06 22:55:37.785 DEBUG org.apache.ibatis.transaction.jdbc.JdbcTransaction - Setting autocommit to false on JDBC Connection [com.mysql.cj.jdbc.ConnectionImpl@62435e70]
2023-05-06 22:55:37.792 DEBUG org.mybatis.example.BlogMapper.insertCar - ==>  Preparing: INSERT INTO t_car(id,car_num,brand,guide_price,produce_time,car_type) VALUES(null,?,?,?,?,?)
2023-05-06 22:55:37.873 DEBUG org.mybatis.example.BlogMapper.insertCar - ==> Parameters: 1009(String), 雪铁龙C6(String), 12(String), 2023-04-01(String), 燃油车(String)
2023-05-06 22:55:37.877 DEBUG org.mybatis.example.BlogMapper.insertCar - <==    Updates: 1
2023-05-06 22:55:37.878 DEBUG org.apache.ibatis.transaction.jdbc.JdbcTransaction - Committing JDBC Connection [com.mysql.cj.jdbc.ConnectionImpl@62435e70]
2023-05-06 22:55:37.881 DEBUG org.apache.ibatis.transaction.jdbc.JdbcTransaction - Resetting autocommit to true on JDBC Connection [com.mysql.cj.jdbc.ConnectionImpl@62435e70]
2023-05-06 22:55:37.882 DEBUG org.apache.ibatis.transaction.jdbc.JdbcTransaction - Closing JDBC Connection [com.mysql.cj.jdbc.ConnectionImpl@62435e70]
2023-05-06 22:55:37.882 DEBUG org.apache.ibatis.datasource.pooled.PooledDataSource - Returned connection 1648582256 to pool.
2023-05-06 22:55:47.347 DEBUG org.apache.ibatis.logging.LogFactory - Logging initialized using 'class org.apache.ibatis.logging.slf4j.Slf4jImpl' adapter.
2023-05-06 22:55:47.372 DEBUG org.apache.ibatis.datasource.pooled.PooledDataSource - PooledDataSource forcefully closed/removed all connections.
2023-05-06 22:55:47.373 DEBUG org.apache.ibatis.datasource.pooled.PooledDataSource - PooledDataSource forcefully closed/removed all connections.
2023-05-06 22:55:47.373 DEBUG org.apache.ibatis.datasource.pooled.PooledDataSource - PooledDataSource forcefully closed/removed all connections.
2023-05-06 22:55:47.373 DEBUG org.apache.ibatis.datasource.pooled.PooledDataSource - PooledDataSource forcefully closed/removed all connections.
2023-05-06 22:55:47.464 DEBUG org.apache.ibatis.transaction.jdbc.JdbcTransaction - Opening JDBC Connection
2023-05-06 22:55:47.786 DEBUG org.apache.ibatis.datasource.pooled.PooledDataSource - Created connection 1648582256.
2023-05-06 22:55:47.787 DEBUG org.apache.ibatis.transaction.jdbc.JdbcTransaction - Setting autocommit to false on JDBC Connection [com.mysql.cj.jdbc.ConnectionImpl@62435e70]
2023-05-06 22:55:47.793 DEBUG org.mybatis.example.BlogMapper.insertCar - ==>  Preparing: INSERT INTO t_car(id,car_num,brand,guide_price,produce_time,car_type) VALUES(null,?,?,?,?,?)
2023-05-06 22:55:47.856 DEBUG org.mybatis.example.BlogMapper.insertCar - ==> Parameters: 1009(String), 雪铁龙C6(String), 12(String), 2023-04-01(String), 燃油车(String)
2023-05-06 22:55:47.858 DEBUG org.mybatis.example.BlogMapper.insertCar - <==    Updates: 1
2023-05-06 22:55:47.859 DEBUG org.apache.ibatis.transaction.jdbc.JdbcTransaction - Committing JDBC Connection [com.mysql.cj.jdbc.ConnectionImpl@62435e70]
2023-05-06 22:55:47.862 DEBUG org.apache.ibatis.transaction.jdbc.JdbcTransaction - Resetting autocommit to true on JDBC Connection [com.mysql.cj.jdbc.ConnectionImpl@62435e70]
2023-05-06 22:55:47.864 DEBUG org.apache.ibatis.transaction.jdbc.JdbcTransaction - Closing JDBC Connection [com.mysql.cj.jdbc.ConnectionImpl@62435e70]
2023-05-06 22:55:47.864 DEBUG org.apache.ibatis.datasource.pooled.PooledDataSource - Returned connection 1648582256 to pool.
2023-05-06 23:07:54.919 DEBUG org.apache.ibatis.logging.LogFactory - Logging initialized using 'class org.apache.ibatis.logging.slf4j.Slf4jImpl' adapter.
2023-05-06 23:07:54.941 DEBUG org.apache.ibatis.datasource.pooled.PooledDataSource - PooledDataSource forcefully closed/removed all connections.
2023-05-06 23:07:54.941 DEBUG org.apache.ibatis.datasource.pooled.PooledDataSource - PooledDataSource forcefully closed/removed all connections.
2023-05-06 23:07:54.941 DEBUG org.apache.ibatis.datasource.pooled.PooledDataSource - PooledDataSource forcefully closed/removed all connections.
2023-05-06 23:07:54.941 DEBUG org.apache.ibatis.datasource.pooled.PooledDataSource - PooledDataSource forcefully closed/removed all connections.
2023-05-06 23:07:55.025 DEBUG org.apache.ibatis.transaction.jdbc.JdbcTransaction - Opening JDBC Connection
2023-05-06 23:07:55.346 DEBUG org.apache.ibatis.datasource.pooled.PooledDataSource - Created connection 371397455.
2023-05-06 23:07:55.346 DEBUG org.apache.ibatis.transaction.jdbc.JdbcTransaction - Setting autocommit to false on JDBC Connection [com.mysql.cj.jdbc.ConnectionImpl@1623134f]
2023-05-06 23:07:55.352 DEBUG org.mybatis.example.BlogMapper.insertCar - ==>  Preparing: INSERT INTO t_car(id,car_num,brand,guide_price,produce_time,car_type) VALUES(null,?,?,?,?,?)
2023-05-06 23:07:55.412 DEBUG org.mybatis.example.BlogMapper.insertCar - ==> Parameters: 25(Integer), 25(Integer), 25(Integer), 25(Integer), 25(Integer)
2023-05-06 23:07:55.426 DEBUG org.apache.ibatis.transaction.jdbc.JdbcTransaction - Rolling back JDBC Connection [com.mysql.cj.jdbc.ConnectionImpl@1623134f]
2023-05-06 23:07:55.427 DEBUG org.apache.ibatis.transaction.jdbc.JdbcTransaction - Resetting autocommit to true on JDBC Connection [com.mysql.cj.jdbc.ConnectionImpl@1623134f]
2023-05-06 23:07:55.428 DEBUG org.apache.ibatis.transaction.jdbc.JdbcTransaction - Closing JDBC Connection [com.mysql.cj.jdbc.ConnectionImpl@1623134f]
2023-05-06 23:07:55.428 DEBUG org.apache.ibatis.datasource.pooled.PooledDataSource - Returned connection 371397455 to pool.
2023-05-06 23:09:02.363 DEBUG org.apache.ibatis.logging.LogFactory - Logging initialized using 'class org.apache.ibatis.logging.slf4j.Slf4jImpl' adapter.
2023-05-06 23:09:02.387 DEBUG org.apache.ibatis.datasource.pooled.PooledDataSource - PooledDataSource forcefully closed/removed all connections.
2023-05-06 23:09:02.387 DEBUG org.apache.ibatis.datasource.pooled.PooledDataSource - PooledDataSource forcefully closed/removed all connections.
2023-05-06 23:09:02.387 DEBUG org.apache.ibatis.datasource.pooled.PooledDataSource - PooledDataSource forcefully closed/removed all connections.
2023-05-06 23:09:02.388 DEBUG org.apache.ibatis.datasource.pooled.PooledDataSource - PooledDataSource forcefully closed/removed all connections.
2023-05-06 23:09:02.478 DEBUG org.apache.ibatis.transaction.jdbc.JdbcTransaction - Opening JDBC Connection
2023-05-06 23:09:02.798 DEBUG org.apache.ibatis.datasource.pooled.PooledDataSource - Created connection 702999333.
2023-05-06 23:09:02.798 DEBUG org.apache.ibatis.transaction.jdbc.JdbcTransaction - Setting autocommit to false on JDBC Connection [com.mysql.cj.jdbc.ConnectionImpl@29e6eb25]
2023-05-06 23:09:02.804 DEBUG org.mybatis.example.BlogMapper.deleteById - ==>  Preparing: DELETE FROM t_car WHERE id=?
2023-05-06 23:09:02.865 DEBUG org.mybatis.example.BlogMapper.deleteById - ==> Parameters: 25(Integer)
2023-05-06 23:09:02.868 DEBUG org.mybatis.example.BlogMapper.deleteById - <==    Updates: 1
2023-05-06 23:09:02.869 DEBUG org.apache.ibatis.transaction.jdbc.JdbcTransaction - Committing JDBC Connection [com.mysql.cj.jdbc.ConnectionImpl@29e6eb25]
2023-05-06 23:09:02.872 DEBUG org.apache.ibatis.transaction.jdbc.JdbcTransaction - Resetting autocommit to true on JDBC Connection [com.mysql.cj.jdbc.ConnectionImpl@29e6eb25]
2023-05-06 23:09:02.873 DEBUG org.apache.ibatis.transaction.jdbc.JdbcTransaction - Closing JDBC Connection [com.mysql.cj.jdbc.ConnectionImpl@29e6eb25]
2023-05-06 23:09:02.873 DEBUG org.apache.ibatis.datasource.pooled.PooledDataSource - Returned connection 702999333 to pool.
2023-05-06 23:18:25.467 DEBUG org.apache.ibatis.logging.LogFactory - Logging initialized using 'class org.apache.ibatis.logging.slf4j.Slf4jImpl' adapter.
2023-05-06 23:18:25.491 DEBUG org.apache.ibatis.datasource.pooled.PooledDataSource - PooledDataSource forcefully closed/removed all connections.
2023-05-06 23:18:25.491 DEBUG org.apache.ibatis.datasource.pooled.PooledDataSource - PooledDataSource forcefully closed/removed all connections.
2023-05-06 23:18:25.491 DEBUG org.apache.ibatis.datasource.pooled.PooledDataSource - PooledDataSource forcefully closed/removed all connections.
2023-05-06 23:18:25.492 DEBUG org.apache.ibatis.datasource.pooled.PooledDataSource - PooledDataSource forcefully closed/removed all connections.
2023-05-06 23:18:25.591 DEBUG org.apache.ibatis.transaction.jdbc.JdbcTransaction - Opening JDBC Connection
2023-05-06 23:18:25.965 DEBUG org.apache.ibatis.datasource.pooled.PooledDataSource - Created connection 1850597787.
2023-05-06 23:18:25.966 DEBUG org.apache.ibatis.transaction.jdbc.JdbcTransaction - Setting autocommit to false on JDBC Connection [com.mysql.cj.jdbc.ConnectionImpl@6e4de19b]
2023-05-06 23:18:25.973 DEBUG org.mybatis.example.BlogMapper.updateById - ==>  Preparing: UPDATE t_car SET car_num=?,brand=?,guide_price=?,produce_time=?, car_type=? WHERE id=?
2023-05-06 23:18:26.038 DEBUG org.mybatis.example.BlogMapper.updateById - ==> Parameters: 1010(String), 别克英朗(String), 10(String), 2023-05-01(String), 燃油车(String), 24(Long)
2023-05-06 23:18:26.042 DEBUG org.mybatis.example.BlogMapper.updateById - <==    Updates: 1
2023-05-06 23:18:26.043 DEBUG org.apache.ibatis.transaction.jdbc.JdbcTransaction - Committing JDBC Connection [com.mysql.cj.jdbc.ConnectionImpl@6e4de19b]
2023-05-06 23:18:26.046 DEBUG org.apache.ibatis.transaction.jdbc.JdbcTransaction - Resetting autocommit to true on JDBC Connection [com.mysql.cj.jdbc.ConnectionImpl@6e4de19b]
2023-05-06 23:18:26.046 DEBUG org.apache.ibatis.transaction.jdbc.JdbcTransaction - Closing JDBC Connection [com.mysql.cj.jdbc.ConnectionImpl@6e4de19b]
2023-05-06 23:18:26.047 DEBUG org.apache.ibatis.datasource.pooled.PooledDataSource - Returned connection 1850597787 to pool.
2023-05-06 23:33:05.560 DEBUG org.apache.ibatis.logging.LogFactory - Logging initialized using 'class org.apache.ibatis.logging.slf4j.Slf4jImpl' adapter.
2023-05-06 23:33:05.581 DEBUG org.apache.ibatis.datasource.pooled.PooledDataSource - PooledDataSource forcefully closed/removed all connections.
2023-05-06 23:33:05.582 DEBUG org.apache.ibatis.datasource.pooled.PooledDataSource - PooledDataSource forcefully closed/removed all connections.
2023-05-06 23:33:05.582 DEBUG org.apache.ibatis.datasource.pooled.PooledDataSource - PooledDataSource forcefully closed/removed all connections.
2023-05-06 23:33:05.582 DEBUG org.apache.ibatis.datasource.pooled.PooledDataSource - PooledDataSource forcefully closed/removed all connections.
2023-05-06 23:33:05.670 DEBUG org.apache.ibatis.transaction.jdbc.JdbcTransaction - Opening JDBC Connection
2023-05-06 23:33:05.983 DEBUG org.apache.ibatis.datasource.pooled.PooledDataSource - Created connection 36531985.
2023-05-06 23:33:05.983 DEBUG org.apache.ibatis.transaction.jdbc.JdbcTransaction - Setting autocommit to false on JDBC Connection [com.mysql.cj.jdbc.ConnectionImpl@22d6f11]
2023-05-06 23:33:05.989 DEBUG org.mybatis.example.BlogMapper.insertCar - ==>  Preparing: INSERT INTO t_car(id,car_num,brand,guide_price,produce_time,car_type) VALUES(null,?,?,?,?,?)
2023-05-06 23:33:06.050 DEBUG org.mybatis.example.BlogMapper.insertCar - ==> Parameters: 1009(String), 雪铁龙C6(String), 12(String), 2023-04-01(String), 燃油车(String)
2023-05-06 23:33:06.053 DEBUG org.mybatis.example.BlogMapper.insertCar - <==    Updates: 1
2023-05-06 23:33:06.054 DEBUG org.apache.ibatis.transaction.jdbc.JdbcTransaction - Committing JDBC Connection [com.mysql.cj.jdbc.ConnectionImpl@22d6f11]
2023-05-06 23:33:06.056 DEBUG org.apache.ibatis.transaction.jdbc.JdbcTransaction - Resetting autocommit to true on JDBC Connection [com.mysql.cj.jdbc.ConnectionImpl@22d6f11]
2023-05-06 23:33:06.057 DEBUG org.apache.ibatis.transaction.jdbc.JdbcTransaction - Closing JDBC Connection [com.mysql.cj.jdbc.ConnectionImpl@22d6f11]
2023-05-06 23:33:06.057 DEBUG org.apache.ibatis.datasource.pooled.PooledDataSource - Returned connection 36531985 to pool.
2023-05-06 23:33:10.374 DEBUG org.apache.ibatis.logging.LogFactory - Logging initialized using 'class org.apache.ibatis.logging.slf4j.Slf4jImpl' adapter.
2023-05-06 23:33:10.398 DEBUG org.apache.ibatis.datasource.pooled.PooledDataSource - PooledDataSource forcefully closed/removed all connections.
2023-05-06 23:33:10.398 DEBUG org.apache.ibatis.datasource.pooled.PooledDataSource - PooledDataSource forcefully closed/removed all connections.
2023-05-06 23:33:10.399 DEBUG org.apache.ibatis.datasource.pooled.PooledDataSource - PooledDataSource forcefully closed/removed all connections.
2023-05-06 23:33:10.399 DEBUG org.apache.ibatis.datasource.pooled.PooledDataSource - PooledDataSource forcefully closed/removed all connections.
2023-05-06 23:33:10.492 DEBUG org.apache.ibatis.transaction.jdbc.JdbcTransaction - Opening JDBC Connection
2023-05-06 23:33:10.857 DEBUG org.apache.ibatis.datasource.pooled.PooledDataSource - Created connection 1850597787.
2023-05-06 23:33:10.857 DEBUG org.apache.ibatis.transaction.jdbc.JdbcTransaction - Setting autocommit to false on JDBC Connection [com.mysql.cj.jdbc.ConnectionImpl@6e4de19b]
2023-05-06 23:33:10.864 DEBUG org.mybatis.example.BlogMapper.insertCar - ==>  Preparing: INSERT INTO t_car(id,car_num,brand,guide_price,produce_time,car_type) VALUES(null,?,?,?,?,?)
2023-05-06 23:33:10.928 DEBUG org.mybatis.example.BlogMapper.insertCar - ==> Parameters: 1009(String), 雪铁龙C6(String), 12(String), 2023-04-01(String), 燃油车(String)
2023-05-06 23:33:10.932 DEBUG org.mybatis.example.BlogMapper.insertCar - <==    Updates: 1
2023-05-06 23:33:10.932 DEBUG org.apache.ibatis.transaction.jdbc.JdbcTransaction - Committing JDBC Connection [com.mysql.cj.jdbc.ConnectionImpl@6e4de19b]
2023-05-06 23:33:10.935 DEBUG org.apache.ibatis.transaction.jdbc.JdbcTransaction - Resetting autocommit to true on JDBC Connection [com.mysql.cj.jdbc.ConnectionImpl@6e4de19b]
2023-05-06 23:33:10.936 DEBUG org.apache.ibatis.transaction.jdbc.JdbcTransaction - Closing JDBC Connection [com.mysql.cj.jdbc.ConnectionImpl@6e4de19b]
2023-05-06 23:33:10.936 DEBUG org.apache.ibatis.datasource.pooled.PooledDataSource - Returned connection 1850597787 to pool.
2023-05-06 23:33:50.009 DEBUG org.apache.ibatis.logging.LogFactory - Logging initialized using 'class org.apache.ibatis.logging.slf4j.Slf4jImpl' adapter.
2023-05-06 23:33:50.031 DEBUG org.apache.ibatis.datasource.pooled.PooledDataSource - PooledDataSource forcefully closed/removed all connections.
2023-05-06 23:33:50.031 DEBUG org.apache.ibatis.datasource.pooled.PooledDataSource - PooledDataSource forcefully closed/removed all connections.
2023-05-06 23:33:50.031 DEBUG org.apache.ibatis.datasource.pooled.PooledDataSource - PooledDataSource forcefully closed/removed all connections.
2023-05-06 23:33:50.031 DEBUG org.apache.ibatis.datasource.pooled.PooledDataSource - PooledDataSource forcefully closed/removed all connections.
2023-05-06 23:33:50.116 DEBUG org.apache.ibatis.transaction.jdbc.JdbcTransaction - Opening JDBC Connection
2023-05-06 23:33:50.425 DEBUG org.apache.ibatis.datasource.pooled.PooledDataSource - Created connection 1807176280.
2023-05-06 23:33:50.426 DEBUG org.apache.ibatis.transaction.jdbc.JdbcTransaction - Setting autocommit to false on JDBC Connection [com.mysql.cj.jdbc.ConnectionImpl@6bb75258]
2023-05-06 23:33:50.432 DEBUG org.mybatis.example.BlogMapper.deleteById - ==>  Preparing: DELETE FROM t_car WHERE id=?
2023-05-06 23:33:50.490 DEBUG org.mybatis.example.BlogMapper.deleteById - ==> Parameters: 26(Integer)
2023-05-06 23:33:50.492 DEBUG org.mybatis.example.BlogMapper.deleteById - <==    Updates: 1
2023-05-06 23:33:50.493 DEBUG org.apache.ibatis.transaction.jdbc.JdbcTransaction - Committing JDBC Connection [com.mysql.cj.jdbc.ConnectionImpl@6bb75258]
2023-05-06 23:33:50.495 DEBUG org.apache.ibatis.transaction.jdbc.JdbcTransaction - Resetting autocommit to true on JDBC Connection [com.mysql.cj.jdbc.ConnectionImpl@6bb75258]
2023-05-06 23:33:50.496 DEBUG org.apache.ibatis.transaction.jdbc.JdbcTransaction - Closing JDBC Connection [com.mysql.cj.jdbc.ConnectionImpl@6bb75258]
2023-05-06 23:33:50.496 DEBUG org.apache.ibatis.datasource.pooled.PooledDataSource - Returned connection 1807176280 to pool.
2023-05-06 23:34:17.957 DEBUG org.apache.ibatis.logging.LogFactory - Logging initialized using 'class org.apache.ibatis.logging.slf4j.Slf4jImpl' adapter.
2023-05-06 23:34:17.982 DEBUG org.apache.ibatis.datasource.pooled.PooledDataSource - PooledDataSource forcefully closed/removed all connections.
2023-05-06 23:34:17.982 DEBUG org.apache.ibatis.datasource.pooled.PooledDataSource - PooledDataSource forcefully closed/removed all connections.
2023-05-06 23:34:17.982 DEBUG org.apache.ibatis.datasource.pooled.PooledDataSource - PooledDataSource forcefully closed/removed all connections.
2023-05-06 23:34:17.983 DEBUG org.apache.ibatis.datasource.pooled.PooledDataSource - PooledDataSource forcefully closed/removed all connections.
2023-05-06 23:34:18.075 DEBUG org.apache.ibatis.transaction.jdbc.JdbcTransaction - Opening JDBC Connection
2023-05-06 23:34:18.437 DEBUG org.apache.ibatis.datasource.pooled.PooledDataSource - Created connection 970781872.
2023-05-06 23:34:18.437 DEBUG org.apache.ibatis.transaction.jdbc.JdbcTransaction - Setting autocommit to false on JDBC Connection [com.mysql.cj.jdbc.ConnectionImpl@39dcf4b0]
2023-05-06 23:34:18.445 DEBUG org.mybatis.example.BlogMapper.deleteById - ==>  Preparing: DELETE FROM t_car WHERE id=?
2023-05-06 23:34:18.507 DEBUG org.mybatis.example.BlogMapper.deleteById - ==> Parameters: 27(Integer)
2023-05-06 23:34:18.510 DEBUG org.mybatis.example.BlogMapper.deleteById - <==    Updates: 1
2023-05-06 23:34:18.511 DEBUG org.apache.ibatis.transaction.jdbc.JdbcTransaction - Committing JDBC Connection [com.mysql.cj.jdbc.ConnectionImpl@39dcf4b0]
2023-05-06 23:34:18.513 DEBUG org.apache.ibatis.transaction.jdbc.JdbcTransaction - Resetting autocommit to true on JDBC Connection [com.mysql.cj.jdbc.ConnectionImpl@39dcf4b0]
2023-05-06 23:34:18.514 DEBUG org.apache.ibatis.transaction.jdbc.JdbcTransaction - Closing JDBC Connection [com.mysql.cj.jdbc.ConnectionImpl@39dcf4b0]
2023-05-06 23:34:18.514 DEBUG org.apache.ibatis.datasource.pooled.PooledDataSource - Returned connection 970781872 to pool.
