2023-05-21 08:02:04.225 DEBUG org.apache.ibatis.logging.LogFactory - Logging initialized using 'class org.apache.ibatis.logging.slf4j.Slf4jImpl' adapter.
2023-05-21 08:02:04.247 DEBUG org.apache.ibatis.datasource.pooled.PooledDataSource - PooledDataSource forcefully closed/removed all connections.
2023-05-21 08:02:04.248 DEBUG org.apache.ibatis.datasource.pooled.PooledDataSource - PooledDataSource forcefully closed/removed all connections.
2023-05-21 08:02:04.248 DEBUG org.apache.ibatis.datasource.pooled.PooledDataSource - PooledDataSource forcefully closed/removed all connections.
2023-05-21 08:02:04.248 DEBUG org.apache.ibatis.datasource.pooled.PooledDataSource - PooledDataSource forcefully closed/removed all connections.
2023-05-21 08:02:04.333 DEBUG org.apache.ibatis.transaction.jdbc.JdbcTransaction - Opening JDBC Connection
2023-05-21 08:02:04.684 DEBUG org.apache.ibatis.datasource.pooled.PooledDataSource - Created connection 198098993.
2023-05-21 08:02:04.685 DEBUG org.apache.ibatis.transaction.jdbc.JdbcTransaction - Setting autocommit to false on JDBC Connection [com.mysql.cj.jdbc.ConnectionImpl@bcec031]
2023-05-21 08:02:04.690 DEBUG org.mybatis.example.BlogMapper.insertCar - ==>  Preparing: INSERT INTO t_car(id,car_num,brand,guide_price,produce_time,car_type) VALUES(null,'1006','°ÂµÏA6L','50.0','2010-11-11','È¼ÓÍ³µ')
2023-05-21 08:02:04.750 DEBUG org.mybatis.example.BlogMapper.insertCar - ==> Parameters: 
2023-05-21 08:02:04.756 DEBUG org.mybatis.example.BlogMapper.insertCar - <==    Updates: 1
2023-05-21 08:02:04.758 DEBUG org.apache.ibatis.transaction.jdbc.JdbcTransaction - Committing JDBC Connection [com.mysql.cj.jdbc.ConnectionImpl@bcec031]
2023-05-21 08:02:04.760 DEBUG org.apache.ibatis.transaction.jdbc.JdbcTransaction - Resetting autocommit to true on JDBC Connection [com.mysql.cj.jdbc.ConnectionImpl@bcec031]
2023-05-21 08:02:04.761 DEBUG org.apache.ibatis.transaction.jdbc.JdbcTransaction - Closing JDBC Connection [com.mysql.cj.jdbc.ConnectionImpl@bcec031]
2023-05-21 08:02:04.762 DEBUG org.apache.ibatis.datasource.pooled.PooledDataSource - Returned connection 198098993 to pool.
2023-05-21 08:02:04.778 DEBUG org.apache.ibatis.datasource.pooled.PooledDataSource - PooledDataSource forcefully closed/removed all connections.
2023-05-21 08:02:04.778 DEBUG org.apache.ibatis.datasource.pooled.PooledDataSource - PooledDataSource forcefully closed/removed all connections.
2023-05-21 08:02:04.779 DEBUG org.apache.ibatis.datasource.pooled.PooledDataSource - PooledDataSource forcefully closed/removed all connections.
2023-05-21 08:02:04.779 DEBUG org.apache.ibatis.datasource.pooled.PooledDataSource - PooledDataSource forcefully closed/removed all connections.
2023-05-21 08:02:04.795 DEBUG org.apache.ibatis.transaction.jdbc.JdbcTransaction - Opening JDBC Connection
2023-05-21 08:02:04.801 DEBUG org.apache.ibatis.datasource.pooled.PooledDataSource - Created connection 1525844775.
2023-05-21 08:02:04.801 DEBUG org.apache.ibatis.transaction.jdbc.JdbcTransaction - Setting autocommit to false on JDBC Connection [com.mysql.cj.jdbc.ConnectionImpl@5af28b27]
2023-05-21 08:02:04.802 DEBUG org.mybatis.example.BlogMapper.insertCar - ==>  Preparing: INSERT INTO t_car(id,car_num,brand,guide_price,produce_time,car_type) VALUES(null,'1006','°ÂµÏA6L','50.0','2010-11-11','È¼ÓÍ³µ')
2023-05-21 08:02:04.803 DEBUG org.mybatis.example.BlogMapper.insertCar - ==> Parameters: 
2023-05-21 08:02:04.805 DEBUG org.mybatis.example.BlogMapper.insertCar - <==    Updates: 1
2023-05-21 08:02:04.810 DEBUG org.apache.ibatis.transaction.jdbc.JdbcTransaction - Committing JDBC Connection [com.mysql.cj.jdbc.ConnectionImpl@5af28b27]
2023-05-21 08:02:04.813 DEBUG org.apache.ibatis.transaction.jdbc.JdbcTransaction - Resetting autocommit to true on JDBC Connection [com.mysql.cj.jdbc.ConnectionImpl@5af28b27]
2023-05-21 08:02:04.814 DEBUG org.apache.ibatis.transaction.jdbc.JdbcTransaction - Closing JDBC Connection [com.mysql.cj.jdbc.ConnectionImpl@5af28b27]
2023-05-21 08:02:04.814 DEBUG org.apache.ibatis.datasource.pooled.PooledDataSource - Returned connection 1525844775 to pool.
2023-05-21 08:02:59.323 DEBUG org.apache.ibatis.logging.LogFactory - Logging initialized using 'class org.apache.ibatis.logging.slf4j.Slf4jImpl' adapter.
2023-05-21 08:02:59.349 DEBUG org.apache.ibatis.datasource.pooled.PooledDataSource - PooledDataSource forcefully closed/removed all connections.
2023-05-21 08:02:59.349 DEBUG org.apache.ibatis.datasource.pooled.PooledDataSource - PooledDataSource forcefully closed/removed all connections.
2023-05-21 08:02:59.349 DEBUG org.apache.ibatis.datasource.pooled.PooledDataSource - PooledDataSource forcefully closed/removed all connections.
2023-05-21 08:02:59.350 DEBUG org.apache.ibatis.datasource.pooled.PooledDataSource - PooledDataSource forcefully closed/removed all connections.
2023-05-21 08:02:59.350 DEBUG org.apache.ibatis.datasource.pooled.PooledDataSource - PooledDataSource forcefully closed/removed all connections.
2023-05-21 08:02:59.350 DEBUG org.apache.ibatis.datasource.pooled.PooledDataSource - PooledDataSource forcefully closed/removed all connections.
2023-05-21 08:02:59.350 DEBUG org.apache.ibatis.datasource.pooled.PooledDataSource - PooledDataSource forcefully closed/removed all connections.
2023-05-21 08:02:59.351 DEBUG org.apache.ibatis.datasource.pooled.PooledDataSource - PooledDataSource forcefully closed/removed all connections.
2023-05-21 08:02:59.544 DEBUG org.apache.ibatis.transaction.jdbc.JdbcTransaction - Opening JDBC Connection
2023-05-21 08:02:59.922 DEBUG org.apache.ibatis.datasource.pooled.PooledDataSource - Created connection 1533547487.
2023-05-21 08:02:59.922 DEBUG org.apache.ibatis.transaction.jdbc.JdbcTransaction - Setting autocommit to false on JDBC Connection [com.mysql.cj.jdbc.ConnectionImpl@5b6813df]
2023-05-21 08:02:59.929 DEBUG com.faintdream.mybatis.mapper.Genshin_roleMapper.selectAll - ==>  Preparing: select * from t_genshin_role;
2023-05-21 08:02:59.997 DEBUG com.faintdream.mybatis.mapper.Genshin_roleMapper.selectAll - ==> Parameters: 
2023-05-21 08:03:00.075 DEBUG com.faintdream.mybatis.mapper.Genshin_roleMapper.selectAll - <==      Total: 66
2023-05-21 08:03:00.080 DEBUG com.faintdream.mybatis.mapper.SexMapper.selectAll - ==>  Preparing: select * from t_sex;
2023-05-21 08:03:00.081 DEBUG com.faintdream.mybatis.mapper.SexMapper.selectAll - ==> Parameters: 
2023-05-21 08:03:00.083 DEBUG com.faintdream.mybatis.mapper.SexMapper.selectAll - <==      Total: 3
2023-05-21 08:03:00.085 DEBUG com.faintdream.mybatis.mapper.Elemental_typeMapper.selectAll - ==>  Preparing: select * from t_elemental_type;
2023-05-21 08:03:00.086 DEBUG com.faintdream.mybatis.mapper.Elemental_typeMapper.selectAll - ==> Parameters: 
2023-05-21 08:03:00.089 DEBUG com.faintdream.mybatis.mapper.Elemental_typeMapper.selectAll - <==      Total: 8
2023-05-21 08:03:00.090 DEBUG com.faintdream.mybatis.mapper.Genshin_regionMapper.selectAll - ==>  Preparing: SELECT * FROM t_genshin_region;
2023-05-21 08:03:00.091 DEBUG com.faintdream.mybatis.mapper.Genshin_regionMapper.selectAll - ==> Parameters: 
2023-05-21 08:03:00.094 DEBUG com.faintdream.mybatis.mapper.Genshin_regionMapper.selectAll - <==      Total: 7
2023-05-21 08:03:00.096 DEBUG com.faintdream.mybatis.mapper.Weapons_typeMapper.selectAll - ==>  Preparing: select * from t_weapons_type;
2023-05-21 08:03:00.097 DEBUG com.faintdream.mybatis.mapper.Weapons_typeMapper.selectAll - ==> Parameters: 
2023-05-21 08:03:00.100 DEBUG com.faintdream.mybatis.mapper.Weapons_typeMapper.selectAll - <==      Total: 6
2023-05-21 08:03:00.130 DEBUG com.faintdream.mybatis.mapper.Genshin_role_detailMapper.selectAll - ==>  Preparing: select * from t_genshin_role_detail;
2023-05-21 08:03:00.131 DEBUG com.faintdream.mybatis.mapper.Genshin_role_detailMapper.selectAll - ==> Parameters: 
2023-05-21 08:03:00.136 DEBUG com.faintdream.mybatis.mapper.Genshin_role_detailMapper.selectAll - <==      Total: 7
2023-05-21 08:03:00.160 DEBUG com.faintdream.mybatis.mapper.Genshin_regionMapper.selectById - ==>  Preparing: SELECT * FROM t_genshin_region WHERE rno=?;
2023-05-21 08:03:00.161 DEBUG com.faintdream.mybatis.mapper.Genshin_regionMapper.selectById - ==> Parameters: 2(String)
2023-05-21 08:03:00.164 DEBUG com.faintdream.mybatis.mapper.Genshin_regionMapper.selectById - <==      Total: 1
2023-05-21 08:03:00.165 DEBUG com.faintdream.mybatis.mapper.Genshin_regionMapper.selectById - ==>  Preparing: SELECT * FROM t_genshin_region WHERE rno=?;
2023-05-21 08:03:00.166 DEBUG com.faintdream.mybatis.mapper.Genshin_regionMapper.selectById - ==> Parameters: 5(String)
2023-05-21 08:03:00.167 DEBUG com.faintdream.mybatis.mapper.Genshin_regionMapper.selectById - <==      Total: 1
2023-05-21 08:03:00.168 DEBUG com.faintdream.mybatis.mapper.Genshin_regionMapper.selectById - ==>  Preparing: SELECT * FROM t_genshin_region WHERE rno=?;
2023-05-21 08:03:00.169 DEBUG com.faintdream.mybatis.mapper.Genshin_regionMapper.selectById - ==> Parameters: 7(String)
2023-05-21 08:03:00.172 DEBUG com.faintdream.mybatis.mapper.Genshin_regionMapper.selectById - <==      Total: 1
2023-05-21 08:03:00.209 DEBUG com.faintdream.mybatis.mapper.Genshin_role_detailMapper.selectById - ==>  Preparing: select * from t_genshin_role_detail where id=?;
2023-05-21 08:03:00.209 DEBUG com.faintdream.mybatis.mapper.Genshin_role_detailMapper.selectById - ==> Parameters: 4(String)
2023-05-21 08:03:00.211 DEBUG com.faintdream.mybatis.mapper.Genshin_role_detailMapper.selectById - <==      Total: 1
2023-05-21 08:09:40.268 DEBUG org.apache.ibatis.logging.LogFactory - Logging initialized using 'class org.apache.ibatis.logging.slf4j.Slf4jImpl' adapter.
2023-05-21 08:09:40.295 DEBUG org.apache.ibatis.datasource.pooled.PooledDataSource - PooledDataSource forcefully closed/removed all connections.
2023-05-21 08:09:40.295 DEBUG org.apache.ibatis.datasource.pooled.PooledDataSource - PooledDataSource forcefully closed/removed all connections.
2023-05-21 08:09:40.296 DEBUG org.apache.ibatis.datasource.pooled.PooledDataSource - PooledDataSource forcefully closed/removed all connections.
2023-05-21 08:09:40.296 DEBUG org.apache.ibatis.datasource.pooled.PooledDataSource - PooledDataSource forcefully closed/removed all connections.
2023-05-21 08:09:40.296 DEBUG org.apache.ibatis.datasource.pooled.PooledDataSource - PooledDataSource forcefully closed/removed all connections.
2023-05-21 08:09:40.297 DEBUG org.apache.ibatis.datasource.pooled.PooledDataSource - PooledDataSource forcefully closed/removed all connections.
2023-05-21 08:09:40.297 DEBUG org.apache.ibatis.datasource.pooled.PooledDataSource - PooledDataSource forcefully closed/removed all connections.
2023-05-21 08:09:40.297 DEBUG org.apache.ibatis.datasource.pooled.PooledDataSource - PooledDataSource forcefully closed/removed all connections.
2023-05-21 08:09:40.480 DEBUG org.apache.ibatis.transaction.jdbc.JdbcTransaction - Opening JDBC Connection
2023-05-21 08:09:40.851 DEBUG org.apache.ibatis.datasource.pooled.PooledDataSource - Created connection 1533547487.
2023-05-21 08:09:40.852 DEBUG org.apache.ibatis.transaction.jdbc.JdbcTransaction - Setting autocommit to false on JDBC Connection [com.mysql.cj.jdbc.ConnectionImpl@5b6813df]
2023-05-21 08:09:40.858 DEBUG com.faintdream.mybatis.mapper.Genshin_roleMapper.selectAll - ==>  Preparing: select * from t_genshin_role;
2023-05-21 08:09:40.931 DEBUG com.faintdream.mybatis.mapper.Genshin_roleMapper.selectAll - ==> Parameters: 
2023-05-21 08:09:41.003 DEBUG com.faintdream.mybatis.mapper.Genshin_roleMapper.selectAll - <==      Total: 66
2023-05-21 08:09:41.007 DEBUG com.faintdream.mybatis.mapper.SexMapper.selectAll - ==>  Preparing: select * from t_sex;
2023-05-21 08:09:41.008 DEBUG com.faintdream.mybatis.mapper.SexMapper.selectAll - ==> Parameters: 
2023-05-21 08:09:41.011 DEBUG com.faintdream.mybatis.mapper.SexMapper.selectAll - <==      Total: 3
2023-05-21 08:09:41.013 DEBUG com.faintdream.mybatis.mapper.Elemental_typeMapper.selectAll - ==>  Preparing: select * from t_elemental_type;
2023-05-21 08:09:41.014 DEBUG com.faintdream.mybatis.mapper.Elemental_typeMapper.selectAll - ==> Parameters: 
2023-05-21 08:09:41.017 DEBUG com.faintdream.mybatis.mapper.Elemental_typeMapper.selectAll - <==      Total: 8
2023-05-21 08:09:41.019 DEBUG com.faintdream.mybatis.mapper.Genshin_regionMapper.selectAll - ==>  Preparing: SELECT * FROM t_genshin_region;
2023-05-21 08:09:41.019 DEBUG com.faintdream.mybatis.mapper.Genshin_regionMapper.selectAll - ==> Parameters: 
2023-05-21 08:09:41.022 DEBUG com.faintdream.mybatis.mapper.Genshin_regionMapper.selectAll - <==      Total: 7
2023-05-21 08:09:41.024 DEBUG com.faintdream.mybatis.mapper.Weapons_typeMapper.selectAll - ==>  Preparing: select * from t_weapons_type;
2023-05-21 08:09:41.025 DEBUG com.faintdream.mybatis.mapper.Weapons_typeMapper.selectAll - ==> Parameters: 
2023-05-21 08:09:41.028 DEBUG com.faintdream.mybatis.mapper.Weapons_typeMapper.selectAll - <==      Total: 6
2023-05-21 08:09:41.052 DEBUG com.faintdream.mybatis.mapper.Genshin_role_detailMapper.selectAll - ==>  Preparing: select * from t_genshin_role_detail;
2023-05-21 08:09:41.053 DEBUG com.faintdream.mybatis.mapper.Genshin_role_detailMapper.selectAll - ==> Parameters: 
2023-05-21 08:09:41.057 DEBUG com.faintdream.mybatis.mapper.Genshin_role_detailMapper.selectAll - <==      Total: 7
2023-05-21 08:09:41.083 DEBUG com.faintdream.mybatis.mapper.Genshin_regionMapper.selectById - ==>  Preparing: SELECT * FROM t_genshin_region WHERE rno=?;
2023-05-21 08:09:41.085 DEBUG com.faintdream.mybatis.mapper.Genshin_regionMapper.selectById - ==> Parameters: 2(String)
2023-05-21 08:09:41.088 DEBUG com.faintdream.mybatis.mapper.Genshin_regionMapper.selectById - <==      Total: 1
2023-05-21 08:09:41.089 DEBUG com.faintdream.mybatis.mapper.Genshin_regionMapper.selectById - ==>  Preparing: SELECT * FROM t_genshin_region WHERE rno=?;
2023-05-21 08:09:41.090 DEBUG com.faintdream.mybatis.mapper.Genshin_regionMapper.selectById - ==> Parameters: 5(String)
2023-05-21 08:09:41.092 DEBUG com.faintdream.mybatis.mapper.Genshin_regionMapper.selectById - <==      Total: 1
2023-05-21 08:09:41.093 DEBUG com.faintdream.mybatis.mapper.Genshin_regionMapper.selectById - ==>  Preparing: SELECT * FROM t_genshin_region WHERE rno=?;
2023-05-21 08:09:41.093 DEBUG com.faintdream.mybatis.mapper.Genshin_regionMapper.selectById - ==> Parameters: 7(String)
2023-05-21 08:09:41.095 DEBUG com.faintdream.mybatis.mapper.Genshin_regionMapper.selectById - <==      Total: 1
2023-05-21 08:09:41.131 DEBUG com.faintdream.mybatis.mapper.Genshin_role_detailMapper.selectById - ==>  Preparing: select * from t_genshin_role_detail where id=?;
2023-05-21 08:09:41.132 DEBUG com.faintdream.mybatis.mapper.Genshin_role_detailMapper.selectById - ==> Parameters: 4(String)
2023-05-21 08:09:41.135 DEBUG com.faintdream.mybatis.mapper.Genshin_role_detailMapper.selectById - <==      Total: 1
2023-05-21 15:59:58.455 DEBUG org.apache.ibatis.logging.LogFactory - Logging initialized using 'class org.apache.ibatis.logging.slf4j.Slf4jImpl' adapter.
2023-05-21 15:59:58.476 DEBUG org.apache.ibatis.datasource.pooled.PooledDataSource - PooledDataSource forcefully closed/removed all connections.
2023-05-21 15:59:58.476 DEBUG org.apache.ibatis.datasource.pooled.PooledDataSource - PooledDataSource forcefully closed/removed all connections.
2023-05-21 15:59:58.477 DEBUG org.apache.ibatis.datasource.pooled.PooledDataSource - PooledDataSource forcefully closed/removed all connections.
2023-05-21 15:59:58.477 DEBUG org.apache.ibatis.datasource.pooled.PooledDataSource - PooledDataSource forcefully closed/removed all connections.
2023-05-21 15:59:58.477 DEBUG org.apache.ibatis.datasource.pooled.PooledDataSource - PooledDataSource forcefully closed/removed all connections.
2023-05-21 15:59:58.477 DEBUG org.apache.ibatis.datasource.pooled.PooledDataSource - PooledDataSource forcefully closed/removed all connections.
2023-05-21 15:59:58.477 DEBUG org.apache.ibatis.datasource.pooled.PooledDataSource - PooledDataSource forcefully closed/removed all connections.
2023-05-21 15:59:58.478 DEBUG org.apache.ibatis.datasource.pooled.PooledDataSource - PooledDataSource forcefully closed/removed all connections.
2023-05-21 15:59:58.640 DEBUG org.apache.ibatis.transaction.jdbc.JdbcTransaction - Opening JDBC Connection
2023-05-21 15:59:59.020 DEBUG org.apache.ibatis.datasource.pooled.PooledDataSource - Created connection 1533547487.
2023-05-21 15:59:59.021 DEBUG org.apache.ibatis.transaction.jdbc.JdbcTransaction - Setting autocommit to false on JDBC Connection [com.mysql.cj.jdbc.ConnectionImpl@5b6813df]
2023-05-21 15:59:59.027 DEBUG com.faintdream.mybatis.mapper.Genshin_roleMapper.selectAll - ==>  Preparing: select * from t_genshin_role;
2023-05-21 15:59:59.101 DEBUG com.faintdream.mybatis.mapper.Genshin_roleMapper.selectAll - ==> Parameters: 
2023-05-21 15:59:59.172 DEBUG com.faintdream.mybatis.mapper.Genshin_roleMapper.selectAll - <==      Total: 66
2023-05-21 15:59:59.176 DEBUG com.faintdream.mybatis.mapper.SexMapper.selectAll - ==>  Preparing: select * from t_sex;
2023-05-21 15:59:59.177 DEBUG com.faintdream.mybatis.mapper.SexMapper.selectAll - ==> Parameters: 
2023-05-21 15:59:59.180 DEBUG com.faintdream.mybatis.mapper.SexMapper.selectAll - <==      Total: 3
2023-05-21 15:59:59.183 DEBUG com.faintdream.mybatis.mapper.Elemental_typeMapper.selectAll - ==>  Preparing: select * from t_elemental_type;
2023-05-21 15:59:59.183 DEBUG com.faintdream.mybatis.mapper.Elemental_typeMapper.selectAll - ==> Parameters: 
2023-05-21 15:59:59.186 DEBUG com.faintdream.mybatis.mapper.Elemental_typeMapper.selectAll - <==      Total: 8
2023-05-21 15:59:59.188 DEBUG com.faintdream.mybatis.mapper.Genshin_regionMapper.selectAll - ==>  Preparing: SELECT * FROM t_genshin_region;
2023-05-21 15:59:59.189 DEBUG com.faintdream.mybatis.mapper.Genshin_regionMapper.selectAll - ==> Parameters: 
2023-05-21 15:59:59.191 DEBUG com.faintdream.mybatis.mapper.Genshin_regionMapper.selectAll - <==      Total: 7
2023-05-21 15:59:59.194 DEBUG com.faintdream.mybatis.mapper.Weapons_typeMapper.selectAll - ==>  Preparing: select * from t_weapons_type;
2023-05-21 15:59:59.194 DEBUG com.faintdream.mybatis.mapper.Weapons_typeMapper.selectAll - ==> Parameters: 
2023-05-21 15:59:59.197 DEBUG com.faintdream.mybatis.mapper.Weapons_typeMapper.selectAll - <==      Total: 6
2023-05-21 15:59:59.223 DEBUG com.faintdream.mybatis.mapper.Genshin_role_detailMapper.selectAll - ==>  Preparing: select * from t_genshin_role_detail;
2023-05-21 15:59:59.224 DEBUG com.faintdream.mybatis.mapper.Genshin_role_detailMapper.selectAll - ==> Parameters: 
2023-05-21 15:59:59.228 DEBUG com.faintdream.mybatis.mapper.Genshin_role_detailMapper.selectAll - <==      Total: 7
2023-05-21 15:59:59.253 DEBUG com.faintdream.mybatis.mapper.Genshin_regionMapper.selectById - ==>  Preparing: SELECT * FROM t_genshin_region WHERE rno=?;
2023-05-21 15:59:59.255 DEBUG com.faintdream.mybatis.mapper.Genshin_regionMapper.selectById - ==> Parameters: 2(String)
2023-05-21 15:59:59.258 DEBUG com.faintdream.mybatis.mapper.Genshin_regionMapper.selectById - <==      Total: 1
2023-05-21 15:59:59.259 DEBUG com.faintdream.mybatis.mapper.Genshin_regionMapper.selectById - ==>  Preparing: SELECT * FROM t_genshin_region WHERE rno=?;
2023-05-21 15:59:59.260 DEBUG com.faintdream.mybatis.mapper.Genshin_regionMapper.selectById - ==> Parameters: 5(String)
2023-05-21 15:59:59.262 DEBUG com.faintdream.mybatis.mapper.Genshin_regionMapper.selectById - <==      Total: 1
2023-05-21 15:59:59.263 DEBUG com.faintdream.mybatis.mapper.Genshin_regionMapper.selectById - ==>  Preparing: SELECT * FROM t_genshin_region WHERE rno=?;
2023-05-21 15:59:59.264 DEBUG com.faintdream.mybatis.mapper.Genshin_regionMapper.selectById - ==> Parameters: 7(String)
2023-05-21 15:59:59.266 DEBUG com.faintdream.mybatis.mapper.Genshin_regionMapper.selectById - <==      Total: 1
2023-05-21 15:59:59.306 DEBUG com.faintdream.mybatis.mapper.Genshin_role_detailMapper.selectById - ==>  Preparing: select * from t_genshin_role_detail where id=?;
2023-05-21 15:59:59.306 DEBUG com.faintdream.mybatis.mapper.Genshin_role_detailMapper.selectById - ==> Parameters: 4(String)
2023-05-21 15:59:59.309 DEBUG com.faintdream.mybatis.mapper.Genshin_role_detailMapper.selectById - <==      Total: 1
2023-05-21 16:09:11.792 DEBUG org.apache.ibatis.logging.LogFactory - Logging initialized using 'class org.apache.ibatis.logging.slf4j.Slf4jImpl' adapter.
2023-05-21 16:09:11.818 DEBUG org.apache.ibatis.datasource.pooled.PooledDataSource - PooledDataSource forcefully closed/removed all connections.
2023-05-21 16:09:11.819 DEBUG org.apache.ibatis.datasource.pooled.PooledDataSource - PooledDataSource forcefully closed/removed all connections.
2023-05-21 16:09:11.819 DEBUG org.apache.ibatis.datasource.pooled.PooledDataSource - PooledDataSource forcefully closed/removed all connections.
2023-05-21 16:09:11.819 DEBUG org.apache.ibatis.datasource.pooled.PooledDataSource - PooledDataSource forcefully closed/removed all connections.
2023-05-21 16:09:11.819 DEBUG org.apache.ibatis.datasource.pooled.PooledDataSource - PooledDataSource forcefully closed/removed all connections.
2023-05-21 16:09:11.820 DEBUG org.apache.ibatis.datasource.pooled.PooledDataSource - PooledDataSource forcefully closed/removed all connections.
2023-05-21 16:09:11.820 DEBUG org.apache.ibatis.datasource.pooled.PooledDataSource - PooledDataSource forcefully closed/removed all connections.
2023-05-21 16:09:11.820 DEBUG org.apache.ibatis.datasource.pooled.PooledDataSource - PooledDataSource forcefully closed/removed all connections.
2023-05-21 16:09:12.010 DEBUG org.apache.ibatis.transaction.jdbc.JdbcTransaction - Opening JDBC Connection
2023-05-21 16:09:12.393 DEBUG org.apache.ibatis.datasource.pooled.PooledDataSource - Created connection 1533547487.
2023-05-21 16:09:12.394 DEBUG org.apache.ibatis.transaction.jdbc.JdbcTransaction - Setting autocommit to false on JDBC Connection [com.mysql.cj.jdbc.ConnectionImpl@5b6813df]
2023-05-21 16:09:12.401 DEBUG com.faintdream.mybatis.mapper.Genshin_roleMapper.selectAll - ==>  Preparing: select * from t_genshin_role;
2023-05-21 16:09:12.473 DEBUG com.faintdream.mybatis.mapper.Genshin_roleMapper.selectAll - ==> Parameters: 
2023-05-21 16:09:12.541 DEBUG com.faintdream.mybatis.mapper.Genshin_roleMapper.selectAll - <==      Total: 66
2023-05-21 16:09:12.545 DEBUG com.faintdream.mybatis.mapper.SexMapper.selectAll - ==>  Preparing: select * from t_sex;
2023-05-21 16:09:12.546 DEBUG com.faintdream.mybatis.mapper.SexMapper.selectAll - ==> Parameters: 
2023-05-21 16:09:12.548 DEBUG com.faintdream.mybatis.mapper.SexMapper.selectAll - <==      Total: 3
2023-05-21 16:09:12.551 DEBUG com.faintdream.mybatis.mapper.Elemental_typeMapper.selectAll - ==>  Preparing: select * from t_elemental_type;
2023-05-21 16:09:12.551 DEBUG com.faintdream.mybatis.mapper.Elemental_typeMapper.selectAll - ==> Parameters: 
2023-05-21 16:09:12.553 DEBUG com.faintdream.mybatis.mapper.Elemental_typeMapper.selectAll - <==      Total: 8
2023-05-21 16:09:12.555 DEBUG com.faintdream.mybatis.mapper.Genshin_regionMapper.selectAll - ==>  Preparing: SELECT * FROM t_genshin_region;
2023-05-21 16:09:12.556 DEBUG com.faintdream.mybatis.mapper.Genshin_regionMapper.selectAll - ==> Parameters: 
2023-05-21 16:09:12.558 DEBUG com.faintdream.mybatis.mapper.Genshin_regionMapper.selectAll - <==      Total: 7
2023-05-21 16:09:12.560 DEBUG com.faintdream.mybatis.mapper.Weapons_typeMapper.selectAll - ==>  Preparing: select * from t_weapons_type;
2023-05-21 16:09:12.561 DEBUG com.faintdream.mybatis.mapper.Weapons_typeMapper.selectAll - ==> Parameters: 
2023-05-21 16:09:12.564 DEBUG com.faintdream.mybatis.mapper.Weapons_typeMapper.selectAll - <==      Total: 6
2023-05-21 16:09:12.589 DEBUG com.faintdream.mybatis.mapper.Genshin_role_detailMapper.selectAll - ==>  Preparing: select * from t_genshin_role_detail;
2023-05-21 16:09:12.590 DEBUG com.faintdream.mybatis.mapper.Genshin_role_detailMapper.selectAll - ==> Parameters: 
2023-05-21 16:09:12.594 DEBUG com.faintdream.mybatis.mapper.Genshin_role_detailMapper.selectAll - <==      Total: 7
2023-05-21 16:09:12.620 DEBUG com.faintdream.mybatis.mapper.Genshin_regionMapper.selectById - ==>  Preparing: SELECT * FROM t_genshin_region WHERE rno=?;
2023-05-21 16:09:12.621 DEBUG com.faintdream.mybatis.mapper.Genshin_regionMapper.selectById - ==> Parameters: 2(String)
2023-05-21 16:09:12.690 DEBUG com.faintdream.mybatis.mapper.Genshin_role_detailMapper.selectById - ==>  Preparing: select * from t_genshin_role_detail where id=?;
2023-05-21 16:09:12.692 DEBUG com.faintdream.mybatis.mapper.Genshin_role_detailMapper.selectById - ==> Parameters: 4(String)
2023-05-21 16:09:12.695 DEBUG com.faintdream.mybatis.mapper.Genshin_role_detailMapper.selectById - <==      Total: 1
2023-05-21 16:09:49.807 DEBUG org.apache.ibatis.logging.LogFactory - Logging initialized using 'class org.apache.ibatis.logging.slf4j.Slf4jImpl' adapter.
2023-05-21 16:09:49.827 DEBUG org.apache.ibatis.datasource.pooled.PooledDataSource - PooledDataSource forcefully closed/removed all connections.
2023-05-21 16:09:49.828 DEBUG org.apache.ibatis.datasource.pooled.PooledDataSource - PooledDataSource forcefully closed/removed all connections.
2023-05-21 16:09:49.828 DEBUG org.apache.ibatis.datasource.pooled.PooledDataSource - PooledDataSource forcefully closed/removed all connections.
2023-05-21 16:09:49.828 DEBUG org.apache.ibatis.datasource.pooled.PooledDataSource - PooledDataSource forcefully closed/removed all connections.
2023-05-21 16:09:49.828 DEBUG org.apache.ibatis.datasource.pooled.PooledDataSource - PooledDataSource forcefully closed/removed all connections.
2023-05-21 16:09:49.828 DEBUG org.apache.ibatis.datasource.pooled.PooledDataSource - PooledDataSource forcefully closed/removed all connections.
2023-05-21 16:09:49.829 DEBUG org.apache.ibatis.datasource.pooled.PooledDataSource - PooledDataSource forcefully closed/removed all connections.
2023-05-21 16:09:49.829 DEBUG org.apache.ibatis.datasource.pooled.PooledDataSource - PooledDataSource forcefully closed/removed all connections.
2023-05-21 16:09:49.995 DEBUG org.apache.ibatis.transaction.jdbc.JdbcTransaction - Opening JDBC Connection
2023-05-21 16:09:50.366 DEBUG org.apache.ibatis.datasource.pooled.PooledDataSource - Created connection 1533547487.
2023-05-21 16:09:50.367 DEBUG org.apache.ibatis.transaction.jdbc.JdbcTransaction - Setting autocommit to false on JDBC Connection [com.mysql.cj.jdbc.ConnectionImpl@5b6813df]
2023-05-21 16:09:50.374 DEBUG com.faintdream.mybatis.mapper.Genshin_roleMapper.selectAll - ==>  Preparing: select * from t_genshin_role;
2023-05-21 16:09:50.443 DEBUG com.faintdream.mybatis.mapper.Genshin_roleMapper.selectAll - ==> Parameters: 
2023-05-21 16:09:50.516 DEBUG com.faintdream.mybatis.mapper.Genshin_roleMapper.selectAll - <==      Total: 66
2023-05-21 16:09:50.520 DEBUG com.faintdream.mybatis.mapper.SexMapper.selectAll - ==>  Preparing: select * from t_sex;
2023-05-21 16:09:50.521 DEBUG com.faintdream.mybatis.mapper.SexMapper.selectAll - ==> Parameters: 
2023-05-21 16:09:50.523 DEBUG com.faintdream.mybatis.mapper.SexMapper.selectAll - <==      Total: 3
2023-05-21 16:09:50.525 DEBUG com.faintdream.mybatis.mapper.Elemental_typeMapper.selectAll - ==>  Preparing: select * from t_elemental_type;
2023-05-21 16:09:50.526 DEBUG com.faintdream.mybatis.mapper.Elemental_typeMapper.selectAll - ==> Parameters: 
2023-05-21 16:09:50.528 DEBUG com.faintdream.mybatis.mapper.Elemental_typeMapper.selectAll - <==      Total: 8
2023-05-21 16:09:50.530 DEBUG com.faintdream.mybatis.mapper.Genshin_regionMapper.selectAll - ==>  Preparing: SELECT * FROM t_genshin_region;
2023-05-21 16:09:50.530 DEBUG com.faintdream.mybatis.mapper.Genshin_regionMapper.selectAll - ==> Parameters: 
2023-05-21 16:09:50.533 DEBUG com.faintdream.mybatis.mapper.Genshin_regionMapper.selectAll - <==      Total: 7
2023-05-21 16:09:50.534 DEBUG com.faintdream.mybatis.mapper.Weapons_typeMapper.selectAll - ==>  Preparing: select * from t_weapons_type;
2023-05-21 16:09:50.535 DEBUG com.faintdream.mybatis.mapper.Weapons_typeMapper.selectAll - ==> Parameters: 
2023-05-21 16:09:50.538 DEBUG com.faintdream.mybatis.mapper.Weapons_typeMapper.selectAll - <==      Total: 6
2023-05-21 16:09:50.564 DEBUG com.faintdream.mybatis.mapper.Genshin_role_detailMapper.selectAll - ==>  Preparing: select * from t_genshin_role_detail;
2023-05-21 16:09:50.565 DEBUG com.faintdream.mybatis.mapper.Genshin_role_detailMapper.selectAll - ==> Parameters: 
2023-05-21 16:09:50.568 DEBUG com.faintdream.mybatis.mapper.Genshin_role_detailMapper.selectAll - <==      Total: 7
2023-05-21 16:09:50.593 DEBUG com.faintdream.mybatis.mapper.Genshin_regionMapper.selectById - ==>  Preparing: SELECT * FROM t_genshin_region WHERE rno=?;
2023-05-21 16:09:50.595 DEBUG com.faintdream.mybatis.mapper.Genshin_regionMapper.selectById - ==> Parameters: 2(String)
2023-05-21 16:09:50.658 DEBUG com.faintdream.mybatis.mapper.Genshin_role_detailMapper.selectById - ==>  Preparing: select * from t_genshin_role_detail where id=?;
2023-05-21 16:09:50.659 DEBUG com.faintdream.mybatis.mapper.Genshin_role_detailMapper.selectById - ==> Parameters: 4(String)
2023-05-21 16:09:50.662 DEBUG com.faintdream.mybatis.mapper.Genshin_role_detailMapper.selectById - <==      Total: 1
2023-05-21 16:12:31.400 DEBUG org.apache.ibatis.logging.LogFactory - Logging initialized using 'class org.apache.ibatis.logging.slf4j.Slf4jImpl' adapter.
2023-05-21 16:12:31.420 DEBUG org.apache.ibatis.datasource.pooled.PooledDataSource - PooledDataSource forcefully closed/removed all connections.
2023-05-21 16:12:31.420 DEBUG org.apache.ibatis.datasource.pooled.PooledDataSource - PooledDataSource forcefully closed/removed all connections.
2023-05-21 16:12:31.421 DEBUG org.apache.ibatis.datasource.pooled.PooledDataSource - PooledDataSource forcefully closed/removed all connections.
2023-05-21 16:12:31.421 DEBUG org.apache.ibatis.datasource.pooled.PooledDataSource - PooledDataSource forcefully closed/removed all connections.
2023-05-21 16:12:31.421 DEBUG org.apache.ibatis.datasource.pooled.PooledDataSource - PooledDataSource forcefully closed/removed all connections.
2023-05-21 16:12:31.421 DEBUG org.apache.ibatis.datasource.pooled.PooledDataSource - PooledDataSource forcefully closed/removed all connections.
2023-05-21 16:12:31.421 DEBUG org.apache.ibatis.datasource.pooled.PooledDataSource - PooledDataSource forcefully closed/removed all connections.
2023-05-21 16:12:31.421 DEBUG org.apache.ibatis.datasource.pooled.PooledDataSource - PooledDataSource forcefully closed/removed all connections.
2023-05-21 16:12:31.584 DEBUG org.apache.ibatis.transaction.jdbc.JdbcTransaction - Opening JDBC Connection
2023-05-21 16:12:31.907 DEBUG org.apache.ibatis.datasource.pooled.PooledDataSource - Created connection 1155757579.
2023-05-21 16:12:31.908 DEBUG org.apache.ibatis.transaction.jdbc.JdbcTransaction - Setting autocommit to false on JDBC Connection [com.mysql.cj.jdbc.ConnectionImpl@44e3760b]
2023-05-21 16:12:31.913 DEBUG com.faintdream.mybatis.mapper.Genshin_roleMapper.selectAll - ==>  Preparing: select * from t_genshin_role;
2023-05-21 16:12:31.968 DEBUG com.faintdream.mybatis.mapper.Genshin_roleMapper.selectAll - ==> Parameters: 
2023-05-21 16:12:32.029 DEBUG com.faintdream.mybatis.mapper.Genshin_roleMapper.selectAll - <==      Total: 66
2023-05-21 16:12:32.033 DEBUG com.faintdream.mybatis.mapper.SexMapper.selectAll - ==>  Preparing: select * from t_sex;
2023-05-21 16:12:32.034 DEBUG com.faintdream.mybatis.mapper.SexMapper.selectAll - ==> Parameters: 
2023-05-21 16:12:32.036 DEBUG com.faintdream.mybatis.mapper.SexMapper.selectAll - <==      Total: 3
2023-05-21 16:12:32.037 DEBUG com.faintdream.mybatis.mapper.Elemental_typeMapper.selectAll - ==>  Preparing: select * from t_elemental_type;
2023-05-21 16:12:32.037 DEBUG com.faintdream.mybatis.mapper.Elemental_typeMapper.selectAll - ==> Parameters: 
2023-05-21 16:12:32.040 DEBUG com.faintdream.mybatis.mapper.Elemental_typeMapper.selectAll - <==      Total: 8
2023-05-21 16:12:32.042 DEBUG com.faintdream.mybatis.mapper.Genshin_regionMapper.selectAll - ==>  Preparing: SELECT * FROM t_genshin_region;
2023-05-21 16:12:32.043 DEBUG com.faintdream.mybatis.mapper.Genshin_regionMapper.selectAll - ==> Parameters: 
2023-05-21 16:12:32.045 DEBUG com.faintdream.mybatis.mapper.Genshin_regionMapper.selectAll - <==      Total: 7
2023-05-21 16:12:32.048 DEBUG com.faintdream.mybatis.mapper.Weapons_typeMapper.selectAll - ==>  Preparing: select * from t_weapons_type;
2023-05-21 16:12:32.048 DEBUG com.faintdream.mybatis.mapper.Weapons_typeMapper.selectAll - ==> Parameters: 
2023-05-21 16:12:32.051 DEBUG com.faintdream.mybatis.mapper.Weapons_typeMapper.selectAll - <==      Total: 6
2023-05-21 16:12:44.695 DEBUG org.apache.ibatis.logging.LogFactory - Logging initialized using 'class org.apache.ibatis.logging.slf4j.Slf4jImpl' adapter.
2023-05-21 16:12:44.716 DEBUG org.apache.ibatis.datasource.pooled.PooledDataSource - PooledDataSource forcefully closed/removed all connections.
2023-05-21 16:12:44.716 DEBUG org.apache.ibatis.datasource.pooled.PooledDataSource - PooledDataSource forcefully closed/removed all connections.
2023-05-21 16:12:44.716 DEBUG org.apache.ibatis.datasource.pooled.PooledDataSource - PooledDataSource forcefully closed/removed all connections.
2023-05-21 16:12:44.717 DEBUG org.apache.ibatis.datasource.pooled.PooledDataSource - PooledDataSource forcefully closed/removed all connections.
2023-05-21 16:12:44.717 DEBUG org.apache.ibatis.datasource.pooled.PooledDataSource - PooledDataSource forcefully closed/removed all connections.
2023-05-21 16:12:44.717 DEBUG org.apache.ibatis.datasource.pooled.PooledDataSource - PooledDataSource forcefully closed/removed all connections.
2023-05-21 16:12:44.717 DEBUG org.apache.ibatis.datasource.pooled.PooledDataSource - PooledDataSource forcefully closed/removed all connections.
2023-05-21 16:12:44.717 DEBUG org.apache.ibatis.datasource.pooled.PooledDataSource - PooledDataSource forcefully closed/removed all connections.
2023-05-21 16:12:44.876 DEBUG org.apache.ibatis.transaction.jdbc.JdbcTransaction - Opening JDBC Connection
2023-05-21 16:12:45.168 DEBUG org.apache.ibatis.datasource.pooled.PooledDataSource - Created connection 1155757579.
2023-05-21 16:12:45.169 DEBUG org.apache.ibatis.transaction.jdbc.JdbcTransaction - Setting autocommit to false on JDBC Connection [com.mysql.cj.jdbc.ConnectionImpl@44e3760b]
2023-05-21 16:12:45.174 DEBUG com.faintdream.mybatis.mapper.Genshin_roleMapper.selectAll - ==>  Preparing: select * from t_genshin_role;
2023-05-21 16:12:45.232 DEBUG com.faintdream.mybatis.mapper.Genshin_roleMapper.selectAll - ==> Parameters: 
2023-05-21 16:12:45.296 DEBUG com.faintdream.mybatis.mapper.Genshin_roleMapper.selectAll - <==      Total: 66
2023-05-21 16:12:45.299 DEBUG com.faintdream.mybatis.mapper.SexMapper.selectAll - ==>  Preparing: select * from t_sex;
2023-05-21 16:12:45.300 DEBUG com.faintdream.mybatis.mapper.SexMapper.selectAll - ==> Parameters: 
2023-05-21 16:12:45.302 DEBUG com.faintdream.mybatis.mapper.SexMapper.selectAll - <==      Total: 3
2023-05-21 16:12:45.303 DEBUG com.faintdream.mybatis.mapper.Elemental_typeMapper.selectAll - ==>  Preparing: select * from t_elemental_type;
2023-05-21 16:12:45.304 DEBUG com.faintdream.mybatis.mapper.Elemental_typeMapper.selectAll - ==> Parameters: 
2023-05-21 16:12:45.307 DEBUG com.faintdream.mybatis.mapper.Elemental_typeMapper.selectAll - <==      Total: 8
2023-05-21 16:12:45.309 DEBUG com.faintdream.mybatis.mapper.Genshin_regionMapper.selectAll - ==>  Preparing: SELECT * FROM t_genshin_region;
2023-05-21 16:12:45.310 DEBUG com.faintdream.mybatis.mapper.Genshin_regionMapper.selectAll - ==> Parameters: 
2023-05-21 16:12:45.312 DEBUG com.faintdream.mybatis.mapper.Genshin_regionMapper.selectAll - <==      Total: 7
2023-05-21 16:12:45.314 DEBUG com.faintdream.mybatis.mapper.Weapons_typeMapper.selectAll - ==>  Preparing: select * from t_weapons_type;
2023-05-21 16:12:45.315 DEBUG com.faintdream.mybatis.mapper.Weapons_typeMapper.selectAll - ==> Parameters: 
2023-05-21 16:12:45.317 DEBUG com.faintdream.mybatis.mapper.Weapons_typeMapper.selectAll - <==      Total: 6
2023-05-21 16:12:55.455 DEBUG org.apache.ibatis.logging.LogFactory - Logging initialized using 'class org.apache.ibatis.logging.slf4j.Slf4jImpl' adapter.
2023-05-21 16:12:55.475 DEBUG org.apache.ibatis.datasource.pooled.PooledDataSource - PooledDataSource forcefully closed/removed all connections.
2023-05-21 16:12:55.475 DEBUG org.apache.ibatis.datasource.pooled.PooledDataSource - PooledDataSource forcefully closed/removed all connections.
2023-05-21 16:12:55.475 DEBUG org.apache.ibatis.datasource.pooled.PooledDataSource - PooledDataSource forcefully closed/removed all connections.
2023-05-21 16:12:55.475 DEBUG org.apache.ibatis.datasource.pooled.PooledDataSource - PooledDataSource forcefully closed/removed all connections.
2023-05-21 16:12:55.476 DEBUG org.apache.ibatis.datasource.pooled.PooledDataSource - PooledDataSource forcefully closed/removed all connections.
2023-05-21 16:12:55.476 DEBUG org.apache.ibatis.datasource.pooled.PooledDataSource - PooledDataSource forcefully closed/removed all connections.
2023-05-21 16:12:55.476 DEBUG org.apache.ibatis.datasource.pooled.PooledDataSource - PooledDataSource forcefully closed/removed all connections.
2023-05-21 16:12:55.476 DEBUG org.apache.ibatis.datasource.pooled.PooledDataSource - PooledDataSource forcefully closed/removed all connections.
2023-05-21 16:12:55.635 DEBUG org.apache.ibatis.transaction.jdbc.JdbcTransaction - Opening JDBC Connection
2023-05-21 16:12:55.947 DEBUG org.apache.ibatis.datasource.pooled.PooledDataSource - Created connection 1731763384.
2023-05-21 16:12:55.948 DEBUG org.apache.ibatis.transaction.jdbc.JdbcTransaction - Setting autocommit to false on JDBC Connection [com.mysql.cj.jdbc.ConnectionImpl@67389cb8]
2023-05-21 16:12:55.955 DEBUG com.faintdream.mybatis.mapper.Elemental_typeMapper.selectAll - ==>  Preparing: select * from t_elemental_type;
2023-05-21 16:12:56.033 DEBUG com.faintdream.mybatis.mapper.Elemental_typeMapper.selectAll - ==> Parameters: 
2023-05-21 16:12:56.096 DEBUG com.faintdream.mybatis.mapper.Elemental_typeMapper.selectAll - <==      Total: 8
2023-05-21 16:13:09.254 DEBUG org.apache.ibatis.logging.LogFactory - Logging initialized using 'class org.apache.ibatis.logging.slf4j.Slf4jImpl' adapter.
2023-05-21 16:13:09.275 DEBUG org.apache.ibatis.datasource.pooled.PooledDataSource - PooledDataSource forcefully closed/removed all connections.
2023-05-21 16:13:09.276 DEBUG org.apache.ibatis.datasource.pooled.PooledDataSource - PooledDataSource forcefully closed/removed all connections.
2023-05-21 16:13:09.276 DEBUG org.apache.ibatis.datasource.pooled.PooledDataSource - PooledDataSource forcefully closed/removed all connections.
2023-05-21 16:13:09.276 DEBUG org.apache.ibatis.datasource.pooled.PooledDataSource - PooledDataSource forcefully closed/removed all connections.
2023-05-21 16:13:09.276 DEBUG org.apache.ibatis.datasource.pooled.PooledDataSource - PooledDataSource forcefully closed/removed all connections.
2023-05-21 16:13:09.276 DEBUG org.apache.ibatis.datasource.pooled.PooledDataSource - PooledDataSource forcefully closed/removed all connections.
2023-05-21 16:13:09.276 DEBUG org.apache.ibatis.datasource.pooled.PooledDataSource - PooledDataSource forcefully closed/removed all connections.
2023-05-21 16:13:09.276 DEBUG org.apache.ibatis.datasource.pooled.PooledDataSource - PooledDataSource forcefully closed/removed all connections.
2023-05-21 16:13:09.448 DEBUG org.apache.ibatis.transaction.jdbc.JdbcTransaction - Opening JDBC Connection
2023-05-21 16:13:09.751 DEBUG org.apache.ibatis.datasource.pooled.PooledDataSource - Created connection 1269118128.
2023-05-21 16:13:09.751 DEBUG org.apache.ibatis.transaction.jdbc.JdbcTransaction - Setting autocommit to false on JDBC Connection [com.mysql.cj.jdbc.ConnectionImpl@4ba534b0]
2023-05-21 16:13:09.757 DEBUG com.faintdream.mybatis.mapper.Elemental_typeMapper.selectAll - ==>  Preparing: select * from t_elemental_type;
2023-05-21 16:13:09.815 DEBUG com.faintdream.mybatis.mapper.Elemental_typeMapper.selectAll - ==> Parameters: 
2023-05-21 16:13:09.864 DEBUG com.faintdream.mybatis.mapper.Elemental_typeMapper.selectAll - <==      Total: 8
2023-05-21 16:13:16.409 DEBUG org.apache.ibatis.logging.LogFactory - Logging initialized using 'class org.apache.ibatis.logging.slf4j.Slf4jImpl' adapter.
2023-05-21 16:13:16.431 DEBUG org.apache.ibatis.datasource.pooled.PooledDataSource - PooledDataSource forcefully closed/removed all connections.
2023-05-21 16:13:16.432 DEBUG org.apache.ibatis.datasource.pooled.PooledDataSource - PooledDataSource forcefully closed/removed all connections.
2023-05-21 16:13:16.432 DEBUG org.apache.ibatis.datasource.pooled.PooledDataSource - PooledDataSource forcefully closed/removed all connections.
2023-05-21 16:13:16.432 DEBUG org.apache.ibatis.datasource.pooled.PooledDataSource - PooledDataSource forcefully closed/removed all connections.
2023-05-21 16:13:16.432 DEBUG org.apache.ibatis.datasource.pooled.PooledDataSource - PooledDataSource forcefully closed/removed all connections.
2023-05-21 16:13:16.432 DEBUG org.apache.ibatis.datasource.pooled.PooledDataSource - PooledDataSource forcefully closed/removed all connections.
2023-05-21 16:13:16.432 DEBUG org.apache.ibatis.datasource.pooled.PooledDataSource - PooledDataSource forcefully closed/removed all connections.
2023-05-21 16:13:16.433 DEBUG org.apache.ibatis.datasource.pooled.PooledDataSource - PooledDataSource forcefully closed/removed all connections.
2023-05-21 16:13:16.589 DEBUG org.apache.ibatis.transaction.jdbc.JdbcTransaction - Opening JDBC Connection
2023-05-21 16:13:16.887 DEBUG org.apache.ibatis.datasource.pooled.PooledDataSource - Created connection 1269118128.
2023-05-21 16:13:16.887 DEBUG org.apache.ibatis.transaction.jdbc.JdbcTransaction - Setting autocommit to false on JDBC Connection [com.mysql.cj.jdbc.ConnectionImpl@4ba534b0]
2023-05-21 16:13:16.893 DEBUG com.faintdream.mybatis.mapper.Elemental_typeMapper.selectAll - ==>  Preparing: select * from t_elemental_type;
2023-05-21 16:13:16.951 DEBUG com.faintdream.mybatis.mapper.Elemental_typeMapper.selectAll - ==> Parameters: 
2023-05-21 16:13:17.005 DEBUG com.faintdream.mybatis.mapper.Elemental_typeMapper.selectAll - <==      Total: 8
2023-05-21 16:13:36.715 DEBUG org.apache.ibatis.logging.LogFactory - Logging initialized using 'class org.apache.ibatis.logging.slf4j.Slf4jImpl' adapter.
2023-05-21 16:13:36.736 DEBUG org.apache.ibatis.datasource.pooled.PooledDataSource - PooledDataSource forcefully closed/removed all connections.
2023-05-21 16:13:36.736 DEBUG org.apache.ibatis.datasource.pooled.PooledDataSource - PooledDataSource forcefully closed/removed all connections.
2023-05-21 16:13:36.736 DEBUG org.apache.ibatis.datasource.pooled.PooledDataSource - PooledDataSource forcefully closed/removed all connections.
2023-05-21 16:13:36.736 DEBUG org.apache.ibatis.datasource.pooled.PooledDataSource - PooledDataSource forcefully closed/removed all connections.
2023-05-21 16:13:36.737 DEBUG org.apache.ibatis.datasource.pooled.PooledDataSource - PooledDataSource forcefully closed/removed all connections.
2023-05-21 16:13:36.737 DEBUG org.apache.ibatis.datasource.pooled.PooledDataSource - PooledDataSource forcefully closed/removed all connections.
2023-05-21 16:13:36.737 DEBUG org.apache.ibatis.datasource.pooled.PooledDataSource - PooledDataSource forcefully closed/removed all connections.
2023-05-21 16:13:36.737 DEBUG org.apache.ibatis.datasource.pooled.PooledDataSource - PooledDataSource forcefully closed/removed all connections.
2023-05-21 16:13:36.898 DEBUG org.apache.ibatis.transaction.jdbc.JdbcTransaction - Opening JDBC Connection
2023-05-21 16:13:37.184 DEBUG org.apache.ibatis.datasource.pooled.PooledDataSource - Created connection 87242619.
2023-05-21 16:13:37.185 DEBUG org.apache.ibatis.transaction.jdbc.JdbcTransaction - Setting autocommit to false on JDBC Connection [com.mysql.cj.jdbc.ConnectionImpl@533377b]
2023-05-21 16:13:37.191 DEBUG com.faintdream.mybatis.mapper.Genshin_regionMapper.selectById - ==>  Preparing: SELECT * FROM t_genshin_region WHERE rno=?;
2023-05-21 16:13:37.256 DEBUG com.faintdream.mybatis.mapper.Genshin_regionMapper.selectById - ==> Parameters: 2(String)
2023-05-21 16:13:37.288 DEBUG com.faintdream.mybatis.mapper.Genshin_regionMapper.selectAll - ==>  Preparing: SELECT * FROM t_genshin_region;
2023-05-21 16:13:37.289 DEBUG com.faintdream.mybatis.mapper.Genshin_regionMapper.selectAll - ==> Parameters: 
2023-05-21 16:13:37.338 DEBUG com.faintdream.mybatis.mapper.Genshin_regionMapper.selectAll - <==      Total: 7
2023-05-21 16:19:55.281 DEBUG org.apache.ibatis.logging.LogFactory - Logging initialized using 'class org.apache.ibatis.logging.slf4j.Slf4jImpl' adapter.
2023-05-21 16:19:55.305 DEBUG org.apache.ibatis.datasource.pooled.PooledDataSource - PooledDataSource forcefully closed/removed all connections.
2023-05-21 16:19:55.306 DEBUG org.apache.ibatis.datasource.pooled.PooledDataSource - PooledDataSource forcefully closed/removed all connections.
2023-05-21 16:19:55.306 DEBUG org.apache.ibatis.datasource.pooled.PooledDataSource - PooledDataSource forcefully closed/removed all connections.
2023-05-21 16:19:55.306 DEBUG org.apache.ibatis.datasource.pooled.PooledDataSource - PooledDataSource forcefully closed/removed all connections.
2023-05-21 16:19:55.307 DEBUG org.apache.ibatis.datasource.pooled.PooledDataSource - PooledDataSource forcefully closed/removed all connections.
2023-05-21 16:19:55.307 DEBUG org.apache.ibatis.datasource.pooled.PooledDataSource - PooledDataSource forcefully closed/removed all connections.
2023-05-21 16:19:55.307 DEBUG org.apache.ibatis.datasource.pooled.PooledDataSource - PooledDataSource forcefully closed/removed all connections.
2023-05-21 16:19:55.307 DEBUG org.apache.ibatis.datasource.pooled.PooledDataSource - PooledDataSource forcefully closed/removed all connections.
2023-05-21 16:19:55.478 DEBUG org.apache.ibatis.transaction.jdbc.JdbcTransaction - Opening JDBC Connection
2023-05-21 16:19:55.800 DEBUG org.apache.ibatis.datasource.pooled.PooledDataSource - Created connection 96039159.
2023-05-21 16:19:55.801 DEBUG org.apache.ibatis.transaction.jdbc.JdbcTransaction - Setting autocommit to false on JDBC Connection [com.mysql.cj.jdbc.ConnectionImpl@5b970f7]
2023-05-21 16:19:55.806 DEBUG com.faintdream.mybatis.mapper.Genshin_regionMapper.selectById - ==>  Preparing: SELECT * FROM t_genshin_region WHERE no=?;
2023-05-21 16:19:55.868 DEBUG com.faintdream.mybatis.mapper.Genshin_regionMapper.selectById - ==> Parameters: 2(String)
2023-05-21 16:19:55.915 DEBUG com.faintdream.mybatis.mapper.Genshin_regionMapper.selectById - <==      Total: 1
2023-05-21 16:19:55.917 DEBUG com.faintdream.mybatis.mapper.Genshin_regionMapper.selectById - ==>  Preparing: SELECT * FROM t_genshin_region WHERE no=?;
2023-05-21 16:19:55.918 DEBUG com.faintdream.mybatis.mapper.Genshin_regionMapper.selectById - ==> Parameters: 5(String)
2023-05-21 16:19:55.919 DEBUG com.faintdream.mybatis.mapper.Genshin_regionMapper.selectById - <==      Total: 1
2023-05-21 16:19:55.920 DEBUG com.faintdream.mybatis.mapper.Genshin_regionMapper.selectById - ==>  Preparing: SELECT * FROM t_genshin_region WHERE no=?;
2023-05-21 16:19:55.920 DEBUG com.faintdream.mybatis.mapper.Genshin_regionMapper.selectById - ==> Parameters: 7(String)
2023-05-21 16:19:55.922 DEBUG com.faintdream.mybatis.mapper.Genshin_regionMapper.selectById - <==      Total: 1
2023-05-21 16:19:55.926 DEBUG com.faintdream.mybatis.mapper.Genshin_regionMapper.selectAll - ==>  Preparing: SELECT * FROM t_genshin_region;
2023-05-21 16:19:55.927 DEBUG com.faintdream.mybatis.mapper.Genshin_regionMapper.selectAll - ==> Parameters: 
2023-05-21 16:19:55.930 DEBUG com.faintdream.mybatis.mapper.Genshin_regionMapper.selectAll - <==      Total: 7
2023-05-21 16:20:15.809 DEBUG org.apache.ibatis.logging.LogFactory - Logging initialized using 'class org.apache.ibatis.logging.slf4j.Slf4jImpl' adapter.
2023-05-21 16:20:15.830 DEBUG org.apache.ibatis.datasource.pooled.PooledDataSource - PooledDataSource forcefully closed/removed all connections.
2023-05-21 16:20:15.830 DEBUG org.apache.ibatis.datasource.pooled.PooledDataSource - PooledDataSource forcefully closed/removed all connections.
2023-05-21 16:20:15.830 DEBUG org.apache.ibatis.datasource.pooled.PooledDataSource - PooledDataSource forcefully closed/removed all connections.
2023-05-21 16:20:15.830 DEBUG org.apache.ibatis.datasource.pooled.PooledDataSource - PooledDataSource forcefully closed/removed all connections.
2023-05-21 16:20:15.831 DEBUG org.apache.ibatis.datasource.pooled.PooledDataSource - PooledDataSource forcefully closed/removed all connections.
2023-05-21 16:20:15.831 DEBUG org.apache.ibatis.datasource.pooled.PooledDataSource - PooledDataSource forcefully closed/removed all connections.
2023-05-21 16:20:15.831 DEBUG org.apache.ibatis.datasource.pooled.PooledDataSource - PooledDataSource forcefully closed/removed all connections.
2023-05-21 16:20:15.831 DEBUG org.apache.ibatis.datasource.pooled.PooledDataSource - PooledDataSource forcefully closed/removed all connections.
2023-05-21 16:20:15.990 DEBUG org.apache.ibatis.transaction.jdbc.JdbcTransaction - Opening JDBC Connection
2023-05-21 16:20:16.277 DEBUG org.apache.ibatis.datasource.pooled.PooledDataSource - Created connection 1942356772.
2023-05-21 16:20:16.277 DEBUG org.apache.ibatis.transaction.jdbc.JdbcTransaction - Setting autocommit to false on JDBC Connection [com.mysql.cj.jdbc.ConnectionImpl@73c60324]
2023-05-21 16:20:16.282 DEBUG com.faintdream.mybatis.mapper.Genshin_role_detailMapper.selectById - ==>  Preparing: select * from t_genshin_role_detail where id=?;
2023-05-21 16:20:16.338 DEBUG com.faintdream.mybatis.mapper.Genshin_role_detailMapper.selectById - ==> Parameters: 4(String)
2023-05-21 16:20:16.388 DEBUG com.faintdream.mybatis.mapper.Genshin_role_detailMapper.selectById - <==      Total: 1
2023-05-21 16:20:16.408 DEBUG com.faintdream.mybatis.mapper.Genshin_role_detailMapper.selectAll - ==>  Preparing: select * from t_genshin_role_detail;
2023-05-21 16:20:16.409 DEBUG com.faintdream.mybatis.mapper.Genshin_role_detailMapper.selectAll - ==> Parameters: 
2023-05-21 16:20:16.413 DEBUG com.faintdream.mybatis.mapper.Genshin_role_detailMapper.selectAll - <==      Total: 7
2023-05-21 16:20:28.729 DEBUG org.apache.ibatis.logging.LogFactory - Logging initialized using 'class org.apache.ibatis.logging.slf4j.Slf4jImpl' adapter.
2023-05-21 16:20:28.750 DEBUG org.apache.ibatis.datasource.pooled.PooledDataSource - PooledDataSource forcefully closed/removed all connections.
2023-05-21 16:20:28.750 DEBUG org.apache.ibatis.datasource.pooled.PooledDataSource - PooledDataSource forcefully closed/removed all connections.
2023-05-21 16:20:28.750 DEBUG org.apache.ibatis.datasource.pooled.PooledDataSource - PooledDataSource forcefully closed/removed all connections.
2023-05-21 16:20:28.750 DEBUG org.apache.ibatis.datasource.pooled.PooledDataSource - PooledDataSource forcefully closed/removed all connections.
2023-05-21 16:20:28.750 DEBUG org.apache.ibatis.datasource.pooled.PooledDataSource - PooledDataSource forcefully closed/removed all connections.
2023-05-21 16:20:28.751 DEBUG org.apache.ibatis.datasource.pooled.PooledDataSource - PooledDataSource forcefully closed/removed all connections.
2023-05-21 16:20:28.751 DEBUG org.apache.ibatis.datasource.pooled.PooledDataSource - PooledDataSource forcefully closed/removed all connections.
2023-05-21 16:20:28.751 DEBUG org.apache.ibatis.datasource.pooled.PooledDataSource - PooledDataSource forcefully closed/removed all connections.
2023-05-21 16:20:28.910 DEBUG org.apache.ibatis.transaction.jdbc.JdbcTransaction - Opening JDBC Connection
2023-05-21 16:20:29.203 DEBUG org.apache.ibatis.datasource.pooled.PooledDataSource - Created connection 1731763384.
2023-05-21 16:20:29.203 DEBUG org.apache.ibatis.transaction.jdbc.JdbcTransaction - Setting autocommit to false on JDBC Connection [com.mysql.cj.jdbc.ConnectionImpl@67389cb8]
2023-05-21 16:20:29.209 DEBUG com.faintdream.mybatis.mapper.Genshin_roleMapper.selectAll - ==>  Preparing: select * from t_genshin_role;
2023-05-21 16:20:29.269 DEBUG com.faintdream.mybatis.mapper.Genshin_roleMapper.selectAll - ==> Parameters: 
2023-05-21 16:20:29.332 DEBUG com.faintdream.mybatis.mapper.Genshin_roleMapper.selectAll - <==      Total: 66
2023-05-21 16:20:41.655 DEBUG org.apache.ibatis.logging.LogFactory - Logging initialized using 'class org.apache.ibatis.logging.slf4j.Slf4jImpl' adapter.
2023-05-21 16:20:41.675 DEBUG org.apache.ibatis.datasource.pooled.PooledDataSource - PooledDataSource forcefully closed/removed all connections.
2023-05-21 16:20:41.676 DEBUG org.apache.ibatis.datasource.pooled.PooledDataSource - PooledDataSource forcefully closed/removed all connections.
2023-05-21 16:20:41.676 DEBUG org.apache.ibatis.datasource.pooled.PooledDataSource - PooledDataSource forcefully closed/removed all connections.
2023-05-21 16:20:41.676 DEBUG org.apache.ibatis.datasource.pooled.PooledDataSource - PooledDataSource forcefully closed/removed all connections.
2023-05-21 16:20:41.676 DEBUG org.apache.ibatis.datasource.pooled.PooledDataSource - PooledDataSource forcefully closed/removed all connections.
2023-05-21 16:20:41.676 DEBUG org.apache.ibatis.datasource.pooled.PooledDataSource - PooledDataSource forcefully closed/removed all connections.
2023-05-21 16:20:41.676 DEBUG org.apache.ibatis.datasource.pooled.PooledDataSource - PooledDataSource forcefully closed/removed all connections.
2023-05-21 16:20:41.676 DEBUG org.apache.ibatis.datasource.pooled.PooledDataSource - PooledDataSource forcefully closed/removed all connections.
2023-05-21 16:20:41.836 DEBUG org.apache.ibatis.transaction.jdbc.JdbcTransaction - Opening JDBC Connection
2023-05-21 16:20:42.139 DEBUG org.apache.ibatis.datasource.pooled.PooledDataSource - Created connection 1731763384.
2023-05-21 16:20:42.140 DEBUG org.apache.ibatis.transaction.jdbc.JdbcTransaction - Setting autocommit to false on JDBC Connection [com.mysql.cj.jdbc.ConnectionImpl@67389cb8]
2023-05-21 16:20:42.146 DEBUG com.faintdream.mybatis.mapper.SexMapper.selectAll - ==>  Preparing: select * from t_sex;
2023-05-21 16:20:42.205 DEBUG com.faintdream.mybatis.mapper.SexMapper.selectAll - ==> Parameters: 
2023-05-21 16:20:42.258 DEBUG com.faintdream.mybatis.mapper.SexMapper.selectAll - <==      Total: 3
2023-05-21 16:20:54.878 DEBUG org.apache.ibatis.logging.LogFactory - Logging initialized using 'class org.apache.ibatis.logging.slf4j.Slf4jImpl' adapter.
2023-05-21 16:20:54.898 DEBUG org.apache.ibatis.datasource.pooled.PooledDataSource - PooledDataSource forcefully closed/removed all connections.
2023-05-21 16:20:54.899 DEBUG org.apache.ibatis.datasource.pooled.PooledDataSource - PooledDataSource forcefully closed/removed all connections.
2023-05-21 16:20:54.899 DEBUG org.apache.ibatis.datasource.pooled.PooledDataSource - PooledDataSource forcefully closed/removed all connections.
2023-05-21 16:20:54.899 DEBUG org.apache.ibatis.datasource.pooled.PooledDataSource - PooledDataSource forcefully closed/removed all connections.
2023-05-21 16:20:54.899 DEBUG org.apache.ibatis.datasource.pooled.PooledDataSource - PooledDataSource forcefully closed/removed all connections.
2023-05-21 16:20:54.900 DEBUG org.apache.ibatis.datasource.pooled.PooledDataSource - PooledDataSource forcefully closed/removed all connections.
2023-05-21 16:20:54.900 DEBUG org.apache.ibatis.datasource.pooled.PooledDataSource - PooledDataSource forcefully closed/removed all connections.
2023-05-21 16:20:54.900 DEBUG org.apache.ibatis.datasource.pooled.PooledDataSource - PooledDataSource forcefully closed/removed all connections.
2023-05-21 16:20:55.059 DEBUG org.apache.ibatis.transaction.jdbc.JdbcTransaction - Opening JDBC Connection
2023-05-21 16:20:55.354 DEBUG org.apache.ibatis.datasource.pooled.PooledDataSource - Created connection 1269118128.
2023-05-21 16:20:55.355 DEBUG org.apache.ibatis.transaction.jdbc.JdbcTransaction - Setting autocommit to false on JDBC Connection [com.mysql.cj.jdbc.ConnectionImpl@4ba534b0]
2023-05-21 16:20:55.360 DEBUG com.faintdream.mybatis.mapper.SexMapper.selectAll - ==>  Preparing: select * from t_sex;
2023-05-21 16:20:55.420 DEBUG com.faintdream.mybatis.mapper.SexMapper.selectAll - ==> Parameters: 
2023-05-21 16:20:55.469 DEBUG com.faintdream.mybatis.mapper.SexMapper.selectAll - <==      Total: 3
2023-05-21 16:28:41.197 DEBUG org.apache.ibatis.logging.LogFactory - Logging initialized using 'class org.apache.ibatis.logging.slf4j.Slf4jImpl' adapter.
2023-05-21 16:28:41.223 DEBUG org.apache.ibatis.datasource.pooled.PooledDataSource - PooledDataSource forcefully closed/removed all connections.
2023-05-21 16:28:41.223 DEBUG org.apache.ibatis.datasource.pooled.PooledDataSource - PooledDataSource forcefully closed/removed all connections.
2023-05-21 16:28:41.224 DEBUG org.apache.ibatis.datasource.pooled.PooledDataSource - PooledDataSource forcefully closed/removed all connections.
2023-05-21 16:28:41.224 DEBUG org.apache.ibatis.datasource.pooled.PooledDataSource - PooledDataSource forcefully closed/removed all connections.
2023-05-21 16:28:41.224 DEBUG org.apache.ibatis.datasource.pooled.PooledDataSource - PooledDataSource forcefully closed/removed all connections.
2023-05-21 16:28:41.225 DEBUG org.apache.ibatis.datasource.pooled.PooledDataSource - PooledDataSource forcefully closed/removed all connections.
2023-05-21 16:28:41.225 DEBUG org.apache.ibatis.datasource.pooled.PooledDataSource - PooledDataSource forcefully closed/removed all connections.
2023-05-21 16:28:41.225 DEBUG org.apache.ibatis.datasource.pooled.PooledDataSource - PooledDataSource forcefully closed/removed all connections.
2023-05-21 16:28:41.425 DEBUG org.apache.ibatis.transaction.jdbc.JdbcTransaction - Opening JDBC Connection
2023-05-21 16:28:41.787 DEBUG org.apache.ibatis.datasource.pooled.PooledDataSource - Created connection 493944943.
2023-05-21 16:28:41.787 DEBUG org.apache.ibatis.transaction.jdbc.JdbcTransaction - Setting autocommit to false on JDBC Connection [com.mysql.cj.jdbc.ConnectionImpl@1d71006f]
2023-05-21 16:28:41.794 DEBUG com.faintdream.mybatis.mapper.Genshin_roleMapper.selectAll - ==>  Preparing: select * from t_genshin_role;
2023-05-21 16:28:41.862 DEBUG com.faintdream.mybatis.mapper.Genshin_roleMapper.selectAll - ==> Parameters: 
2023-05-21 16:28:41.933 DEBUG com.faintdream.mybatis.mapper.Genshin_roleMapper.selectAll - <==      Total: 66
2023-05-21 16:28:41.937 DEBUG com.faintdream.mybatis.mapper.SexMapper.selectAll - ==>  Preparing: select * from t_sex;
2023-05-21 16:28:41.938 DEBUG com.faintdream.mybatis.mapper.SexMapper.selectAll - ==> Parameters: 
2023-05-21 16:28:41.941 DEBUG com.faintdream.mybatis.mapper.SexMapper.selectAll - <==      Total: 3
2023-05-21 16:28:41.943 DEBUG com.faintdream.mybatis.mapper.Elemental_typeMapper.selectAll - ==>  Preparing: select * from t_elemental_type;
2023-05-21 16:28:41.944 DEBUG com.faintdream.mybatis.mapper.Elemental_typeMapper.selectAll - ==> Parameters: 
2023-05-21 16:28:41.948 DEBUG com.faintdream.mybatis.mapper.Elemental_typeMapper.selectAll - <==      Total: 8
2023-05-21 16:28:41.950 DEBUG com.faintdream.mybatis.mapper.Genshin_regionMapper.selectAll - ==>  Preparing: SELECT * FROM t_genshin_region;
2023-05-21 16:28:41.950 DEBUG com.faintdream.mybatis.mapper.Genshin_regionMapper.selectAll - ==> Parameters: 
2023-05-21 16:28:41.954 DEBUG com.faintdream.mybatis.mapper.Genshin_regionMapper.selectAll - <==      Total: 7
2023-05-21 16:28:41.955 DEBUG com.faintdream.mybatis.mapper.Weapons_typeMapper.selectAll - ==>  Preparing: select * from t_weapons_type;
2023-05-21 16:28:41.956 DEBUG com.faintdream.mybatis.mapper.Weapons_typeMapper.selectAll - ==> Parameters: 
2023-05-21 16:28:41.959 DEBUG com.faintdream.mybatis.mapper.Weapons_typeMapper.selectAll - <==      Total: 6
2023-05-21 16:28:41.977 DEBUG com.faintdream.mybatis.mapper.Genshin_regionMapper.selectById - ==>  Preparing: SELECT * FROM t_genshin_region WHERE no=?;
2023-05-21 16:28:41.979 DEBUG com.faintdream.mybatis.mapper.Genshin_regionMapper.selectById - ==> Parameters: 2(String)
2023-05-21 16:28:41.981 DEBUG com.faintdream.mybatis.mapper.Genshin_regionMapper.selectById - <==      Total: 1
2023-05-21 16:28:41.982 DEBUG com.faintdream.mybatis.mapper.Genshin_regionMapper.selectById - ==>  Preparing: SELECT * FROM t_genshin_region WHERE no=?;
2023-05-21 16:28:41.983 DEBUG com.faintdream.mybatis.mapper.Genshin_regionMapper.selectById - ==> Parameters: 5(String)
2023-05-21 16:28:41.985 DEBUG com.faintdream.mybatis.mapper.Genshin_regionMapper.selectById - <==      Total: 1
2023-05-21 16:28:41.986 DEBUG com.faintdream.mybatis.mapper.Genshin_regionMapper.selectById - ==>  Preparing: SELECT * FROM t_genshin_region WHERE no=?;
2023-05-21 16:28:41.987 DEBUG com.faintdream.mybatis.mapper.Genshin_regionMapper.selectById - ==> Parameters: 7(String)
2023-05-21 16:28:41.988 DEBUG com.faintdream.mybatis.mapper.Genshin_regionMapper.selectById - <==      Total: 1
2023-05-21 16:28:42.034 DEBUG com.faintdream.mybatis.mapper.Genshin_role_detailMapper.selectById - ==>  Preparing: select * from t_genshin_role_detail where id=?;
2023-05-21 16:28:42.035 DEBUG com.faintdream.mybatis.mapper.Genshin_role_detailMapper.selectById - ==> Parameters: 4(String)
2023-05-21 16:28:42.040 DEBUG com.faintdream.mybatis.mapper.Genshin_role_detailMapper.selectById - <==      Total: 1
2023-05-21 16:28:42.060 DEBUG com.faintdream.mybatis.mapper.Genshin_role_detailMapper.selectAll - ==>  Preparing: select * from t_genshin_role_detail;
2023-05-21 16:28:42.061 DEBUG com.faintdream.mybatis.mapper.Genshin_role_detailMapper.selectAll - ==> Parameters: 
2023-05-21 16:28:42.065 DEBUG com.faintdream.mybatis.mapper.Genshin_role_detailMapper.selectAll - <==      Total: 7
2023-05-21 16:55:49.837 DEBUG org.apache.ibatis.logging.LogFactory - Logging initialized using 'class org.apache.ibatis.logging.slf4j.Slf4jImpl' adapter.
2023-05-21 16:55:49.856 DEBUG org.apache.ibatis.datasource.pooled.PooledDataSource - PooledDataSource forcefully closed/removed all connections.
2023-05-21 16:55:49.857 DEBUG org.apache.ibatis.datasource.pooled.PooledDataSource - PooledDataSource forcefully closed/removed all connections.
2023-05-21 16:55:49.857 DEBUG org.apache.ibatis.datasource.pooled.PooledDataSource - PooledDataSource forcefully closed/removed all connections.
2023-05-21 16:55:49.857 DEBUG org.apache.ibatis.datasource.pooled.PooledDataSource - PooledDataSource forcefully closed/removed all connections.
2023-05-21 16:55:49.857 DEBUG org.apache.ibatis.datasource.pooled.PooledDataSource - PooledDataSource forcefully closed/removed all connections.
2023-05-21 16:55:49.857 DEBUG org.apache.ibatis.datasource.pooled.PooledDataSource - PooledDataSource forcefully closed/removed all connections.
2023-05-21 16:55:49.857 DEBUG org.apache.ibatis.datasource.pooled.PooledDataSource - PooledDataSource forcefully closed/removed all connections.
2023-05-21 16:55:49.857 DEBUG org.apache.ibatis.datasource.pooled.PooledDataSource - PooledDataSource forcefully closed/removed all connections.
2023-05-21 16:55:50.018 DEBUG org.apache.ibatis.transaction.jdbc.JdbcTransaction - Opening JDBC Connection
2023-05-21 16:55:50.306 DEBUG org.apache.ibatis.datasource.pooled.PooledDataSource - Created connection 1118430673.
2023-05-21 16:55:50.306 DEBUG org.apache.ibatis.transaction.jdbc.JdbcTransaction - Setting autocommit to false on JDBC Connection [com.mysql.cj.jdbc.ConnectionImpl@42a9e5d1]
2023-05-21 16:55:50.312 DEBUG com.faintdream.mybatis.mapper.Genshin_role_detailMapper.selectAll - ==>  Preparing: select * from t_genshin_role_detail;
2023-05-21 16:55:50.370 DEBUG com.faintdream.mybatis.mapper.Genshin_role_detailMapper.selectAll - ==> Parameters: 
2023-05-21 16:55:50.418 DEBUG com.faintdream.mybatis.mapper.Genshin_role_detailMapper.selectAll - <==      Total: 9
2023-05-21 17:00:46.766 DEBUG org.apache.ibatis.logging.LogFactory - Logging initialized using 'class org.apache.ibatis.logging.slf4j.Slf4jImpl' adapter.
2023-05-21 17:00:46.786 DEBUG org.apache.ibatis.datasource.pooled.PooledDataSource - PooledDataSource forcefully closed/removed all connections.
2023-05-21 17:00:46.787 DEBUG org.apache.ibatis.datasource.pooled.PooledDataSource - PooledDataSource forcefully closed/removed all connections.
2023-05-21 17:00:46.787 DEBUG org.apache.ibatis.datasource.pooled.PooledDataSource - PooledDataSource forcefully closed/removed all connections.
2023-05-21 17:00:46.787 DEBUG org.apache.ibatis.datasource.pooled.PooledDataSource - PooledDataSource forcefully closed/removed all connections.
2023-05-21 17:00:46.787 DEBUG org.apache.ibatis.datasource.pooled.PooledDataSource - PooledDataSource forcefully closed/removed all connections.
2023-05-21 17:00:46.787 DEBUG org.apache.ibatis.datasource.pooled.PooledDataSource - PooledDataSource forcefully closed/removed all connections.
2023-05-21 17:00:46.788 DEBUG org.apache.ibatis.datasource.pooled.PooledDataSource - PooledDataSource forcefully closed/removed all connections.
2023-05-21 17:00:46.788 DEBUG org.apache.ibatis.datasource.pooled.PooledDataSource - PooledDataSource forcefully closed/removed all connections.
2023-05-21 17:00:46.941 DEBUG org.apache.ibatis.transaction.jdbc.JdbcTransaction - Opening JDBC Connection
2023-05-21 17:00:47.238 DEBUG org.apache.ibatis.datasource.pooled.PooledDataSource - Created connection 890160158.
2023-05-21 17:00:47.239 DEBUG org.apache.ibatis.transaction.jdbc.JdbcTransaction - Setting autocommit to false on JDBC Connection [com.mysql.cj.jdbc.ConnectionImpl@350ec41e]
2023-05-21 17:00:47.245 DEBUG com.faintdream.mybatis.mapper.Genshin_role_detailMapper.selectById - ==>  Preparing: select * from t_genshin_role_detail where id=?;
2023-05-21 17:00:47.302 DEBUG com.faintdream.mybatis.mapper.Genshin_role_detailMapper.selectById - ==> Parameters: 4(String)
2023-05-21 17:00:47.351 DEBUG com.faintdream.mybatis.mapper.Genshin_role_detailMapper.selectById - <==      Total: 1
2023-05-21 17:00:47.367 DEBUG com.faintdream.mybatis.mapper.Genshin_roleMapper.selectAll - ==>  Preparing: select * from t_genshin_role;
2023-05-21 17:00:47.368 DEBUG com.faintdream.mybatis.mapper.Genshin_roleMapper.selectAll - ==> Parameters: 
2023-05-21 17:00:47.386 DEBUG com.faintdream.mybatis.mapper.Genshin_roleMapper.selectAll - <==      Total: 66
2023-05-21 17:00:47.388 DEBUG com.faintdream.mybatis.mapper.SexMapper.selectAll - ==>  Preparing: select * from t_sex;
2023-05-21 17:00:47.388 DEBUG com.faintdream.mybatis.mapper.SexMapper.selectAll - ==> Parameters: 
2023-05-21 17:00:47.391 DEBUG com.faintdream.mybatis.mapper.SexMapper.selectAll - <==      Total: 3
2023-05-21 17:00:47.392 DEBUG com.faintdream.mybatis.mapper.Elemental_typeMapper.selectAll - ==>  Preparing: select * from t_elemental_type;
2023-05-21 17:00:47.392 DEBUG com.faintdream.mybatis.mapper.Elemental_typeMapper.selectAll - ==> Parameters: 
2023-05-21 17:00:47.395 DEBUG com.faintdream.mybatis.mapper.Elemental_typeMapper.selectAll - <==      Total: 8
2023-05-21 17:00:47.397 DEBUG com.faintdream.mybatis.mapper.Genshin_regionMapper.selectAll - ==>  Preparing: SELECT * FROM t_genshin_region;
2023-05-21 17:00:47.397 DEBUG com.faintdream.mybatis.mapper.Genshin_regionMapper.selectAll - ==> Parameters: 
2023-05-21 17:00:47.400 DEBUG com.faintdream.mybatis.mapper.Genshin_regionMapper.selectAll - <==      Total: 7
2023-05-21 17:00:47.402 DEBUG com.faintdream.mybatis.mapper.Weapons_typeMapper.selectAll - ==>  Preparing: select * from t_weapons_type;
2023-05-21 17:00:47.403 DEBUG com.faintdream.mybatis.mapper.Weapons_typeMapper.selectAll - ==> Parameters: 
2023-05-21 17:00:47.405 DEBUG com.faintdream.mybatis.mapper.Weapons_typeMapper.selectAll - <==      Total: 6
2023-05-21 17:10:15.212 DEBUG org.apache.ibatis.logging.LogFactory - Logging initialized using 'class org.apache.ibatis.logging.slf4j.Slf4jImpl' adapter.
2023-05-21 17:10:15.233 DEBUG org.apache.ibatis.datasource.pooled.PooledDataSource - PooledDataSource forcefully closed/removed all connections.
2023-05-21 17:10:15.233 DEBUG org.apache.ibatis.datasource.pooled.PooledDataSource - PooledDataSource forcefully closed/removed all connections.
2023-05-21 17:10:15.233 DEBUG org.apache.ibatis.datasource.pooled.PooledDataSource - PooledDataSource forcefully closed/removed all connections.
2023-05-21 17:10:15.234 DEBUG org.apache.ibatis.datasource.pooled.PooledDataSource - PooledDataSource forcefully closed/removed all connections.
2023-05-21 17:10:15.234 DEBUG org.apache.ibatis.datasource.pooled.PooledDataSource - PooledDataSource forcefully closed/removed all connections.
2023-05-21 17:10:15.234 DEBUG org.apache.ibatis.datasource.pooled.PooledDataSource - PooledDataSource forcefully closed/removed all connections.
2023-05-21 17:10:15.234 DEBUG org.apache.ibatis.datasource.pooled.PooledDataSource - PooledDataSource forcefully closed/removed all connections.
2023-05-21 17:10:15.234 DEBUG org.apache.ibatis.datasource.pooled.PooledDataSource - PooledDataSource forcefully closed/removed all connections.
2023-05-21 17:10:15.389 DEBUG org.apache.ibatis.transaction.jdbc.JdbcTransaction - Opening JDBC Connection
2023-05-21 17:10:15.686 DEBUG org.apache.ibatis.datasource.pooled.PooledDataSource - Created connection 1731763384.
2023-05-21 17:10:15.687 DEBUG org.apache.ibatis.transaction.jdbc.JdbcTransaction - Setting autocommit to false on JDBC Connection [com.mysql.cj.jdbc.ConnectionImpl@67389cb8]
2023-05-21 17:10:15.692 DEBUG com.faintdream.mybatis.mapper.Genshin_roleMapper.selectAll - ==>  Preparing: select * from t_genshin_role;
2023-05-21 17:10:15.751 DEBUG com.faintdream.mybatis.mapper.Genshin_roleMapper.selectAll - ==> Parameters: 
2023-05-21 17:10:15.819 DEBUG com.faintdream.mybatis.mapper.Genshin_roleMapper.selectAll - <==      Total: 66
2023-05-21 17:10:15.823 DEBUG com.faintdream.mybatis.mapper.SexMapper.selectAll - ==>  Preparing: select * from t_sex;
2023-05-21 17:10:15.823 DEBUG com.faintdream.mybatis.mapper.SexMapper.selectAll - ==> Parameters: 
2023-05-21 17:10:15.825 DEBUG com.faintdream.mybatis.mapper.SexMapper.selectAll - <==      Total: 3
2023-05-21 17:10:15.827 DEBUG com.faintdream.mybatis.mapper.Elemental_typeMapper.selectAll - ==>  Preparing: select * from t_elemental_type;
2023-05-21 17:10:15.827 DEBUG com.faintdream.mybatis.mapper.Elemental_typeMapper.selectAll - ==> Parameters: 
2023-05-21 17:10:15.830 DEBUG com.faintdream.mybatis.mapper.Elemental_typeMapper.selectAll - <==      Total: 8
2023-05-21 17:10:15.832 DEBUG com.faintdream.mybatis.mapper.Genshin_regionMapper.selectAll - ==>  Preparing: SELECT * FROM t_genshin_region;
2023-05-21 17:10:15.833 DEBUG com.faintdream.mybatis.mapper.Genshin_regionMapper.selectAll - ==> Parameters: 
2023-05-21 17:10:15.836 DEBUG com.faintdream.mybatis.mapper.Genshin_regionMapper.selectAll - <==      Total: 7
2023-05-21 17:10:15.838 DEBUG com.faintdream.mybatis.mapper.Weapons_typeMapper.selectAll - ==>  Preparing: select * from t_weapons_type;
2023-05-21 17:10:15.839 DEBUG com.faintdream.mybatis.mapper.Weapons_typeMapper.selectAll - ==> Parameters: 
2023-05-21 17:10:15.842 DEBUG com.faintdream.mybatis.mapper.Weapons_typeMapper.selectAll - <==      Total: 6
2023-05-21 17:13:39.217 DEBUG org.apache.ibatis.logging.LogFactory - Logging initialized using 'class org.apache.ibatis.logging.slf4j.Slf4jImpl' adapter.
2023-05-21 17:13:39.239 DEBUG org.apache.ibatis.datasource.pooled.PooledDataSource - PooledDataSource forcefully closed/removed all connections.
2023-05-21 17:13:39.239 DEBUG org.apache.ibatis.datasource.pooled.PooledDataSource - PooledDataSource forcefully closed/removed all connections.
2023-05-21 17:13:39.239 DEBUG org.apache.ibatis.datasource.pooled.PooledDataSource - PooledDataSource forcefully closed/removed all connections.
2023-05-21 17:13:39.240 DEBUG org.apache.ibatis.datasource.pooled.PooledDataSource - PooledDataSource forcefully closed/removed all connections.
2023-05-21 17:13:39.240 DEBUG org.apache.ibatis.datasource.pooled.PooledDataSource - PooledDataSource forcefully closed/removed all connections.
2023-05-21 17:13:39.240 DEBUG org.apache.ibatis.datasource.pooled.PooledDataSource - PooledDataSource forcefully closed/removed all connections.
2023-05-21 17:13:39.240 DEBUG org.apache.ibatis.datasource.pooled.PooledDataSource - PooledDataSource forcefully closed/removed all connections.
2023-05-21 17:13:39.240 DEBUG org.apache.ibatis.datasource.pooled.PooledDataSource - PooledDataSource forcefully closed/removed all connections.
2023-05-21 17:13:39.398 DEBUG org.apache.ibatis.transaction.jdbc.JdbcTransaction - Opening JDBC Connection
2023-05-21 17:13:39.694 DEBUG org.apache.ibatis.datasource.pooled.PooledDataSource - Created connection 1731763384.
2023-05-21 17:13:39.694 DEBUG org.apache.ibatis.transaction.jdbc.JdbcTransaction - Setting autocommit to false on JDBC Connection [com.mysql.cj.jdbc.ConnectionImpl@67389cb8]
2023-05-21 17:13:39.700 DEBUG com.faintdream.mybatis.mapper.Genshin_roleMapper.selectAll - ==>  Preparing: select * from t_genshin_role;
2023-05-21 17:13:39.756 DEBUG com.faintdream.mybatis.mapper.Genshin_roleMapper.selectAll - ==> Parameters: 
2023-05-21 17:13:39.821 DEBUG com.faintdream.mybatis.mapper.Genshin_roleMapper.selectAll - <==      Total: 66
2023-05-21 17:13:39.825 DEBUG com.faintdream.mybatis.mapper.SexMapper.selectAll - ==>  Preparing: select * from t_sex;
2023-05-21 17:13:39.826 DEBUG com.faintdream.mybatis.mapper.SexMapper.selectAll - ==> Parameters: 
2023-05-21 17:13:39.829 DEBUG com.faintdream.mybatis.mapper.SexMapper.selectAll - <==      Total: 3
2023-05-21 17:13:39.830 DEBUG com.faintdream.mybatis.mapper.Elemental_typeMapper.selectAll - ==>  Preparing: select * from t_elemental_type;
2023-05-21 17:13:39.831 DEBUG com.faintdream.mybatis.mapper.Elemental_typeMapper.selectAll - ==> Parameters: 
2023-05-21 17:13:39.834 DEBUG com.faintdream.mybatis.mapper.Elemental_typeMapper.selectAll - <==      Total: 8
2023-05-21 17:13:39.835 DEBUG com.faintdream.mybatis.mapper.Genshin_regionMapper.selectAll - ==>  Preparing: SELECT * FROM t_genshin_region;
2023-05-21 17:13:39.836 DEBUG com.faintdream.mybatis.mapper.Genshin_regionMapper.selectAll - ==> Parameters: 
2023-05-21 17:13:39.839 DEBUG com.faintdream.mybatis.mapper.Genshin_regionMapper.selectAll - <==      Total: 7
2023-05-21 17:13:39.842 DEBUG com.faintdream.mybatis.mapper.Weapons_typeMapper.selectAll - ==>  Preparing: select * from t_weapons_type;
2023-05-21 17:13:39.842 DEBUG com.faintdream.mybatis.mapper.Weapons_typeMapper.selectAll - ==> Parameters: 
2023-05-21 17:13:39.845 DEBUG com.faintdream.mybatis.mapper.Weapons_typeMapper.selectAll - <==      Total: 6
2023-05-21 17:13:57.737 DEBUG org.apache.ibatis.logging.LogFactory - Logging initialized using 'class org.apache.ibatis.logging.slf4j.Slf4jImpl' adapter.
2023-05-21 17:13:57.757 DEBUG org.apache.ibatis.datasource.pooled.PooledDataSource - PooledDataSource forcefully closed/removed all connections.
2023-05-21 17:13:57.758 DEBUG org.apache.ibatis.datasource.pooled.PooledDataSource - PooledDataSource forcefully closed/removed all connections.
2023-05-21 17:13:57.758 DEBUG org.apache.ibatis.datasource.pooled.PooledDataSource - PooledDataSource forcefully closed/removed all connections.
2023-05-21 17:13:57.758 DEBUG org.apache.ibatis.datasource.pooled.PooledDataSource - PooledDataSource forcefully closed/removed all connections.
2023-05-21 17:13:57.758 DEBUG org.apache.ibatis.datasource.pooled.PooledDataSource - PooledDataSource forcefully closed/removed all connections.
2023-05-21 17:13:57.758 DEBUG org.apache.ibatis.datasource.pooled.PooledDataSource - PooledDataSource forcefully closed/removed all connections.
2023-05-21 17:13:57.758 DEBUG org.apache.ibatis.datasource.pooled.PooledDataSource - PooledDataSource forcefully closed/removed all connections.
2023-05-21 17:13:57.758 DEBUG org.apache.ibatis.datasource.pooled.PooledDataSource - PooledDataSource forcefully closed/removed all connections.
2023-05-21 17:13:57.918 DEBUG org.apache.ibatis.transaction.jdbc.JdbcTransaction - Opening JDBC Connection
2023-05-21 17:13:58.210 DEBUG org.apache.ibatis.datasource.pooled.PooledDataSource - Created connection 1731763384.
2023-05-21 17:13:58.211 DEBUG org.apache.ibatis.transaction.jdbc.JdbcTransaction - Setting autocommit to false on JDBC Connection [com.mysql.cj.jdbc.ConnectionImpl@67389cb8]
2023-05-21 17:13:58.217 DEBUG com.faintdream.mybatis.mapper.Genshin_roleMapper.selectAll - ==>  Preparing: select * from t_genshin_role;
2023-05-21 17:13:58.275 DEBUG com.faintdream.mybatis.mapper.Genshin_roleMapper.selectAll - ==> Parameters: 
2023-05-21 17:13:58.340 DEBUG com.faintdream.mybatis.mapper.Genshin_roleMapper.selectAll - <==      Total: 66
2023-05-21 17:13:58.344 DEBUG com.faintdream.mybatis.mapper.SexMapper.selectAll - ==>  Preparing: select * from t_sex;
2023-05-21 17:13:58.345 DEBUG com.faintdream.mybatis.mapper.SexMapper.selectAll - ==> Parameters: 
2023-05-21 17:13:58.347 DEBUG com.faintdream.mybatis.mapper.SexMapper.selectAll - <==      Total: 3
2023-05-21 17:13:58.349 DEBUG com.faintdream.mybatis.mapper.Elemental_typeMapper.selectAll - ==>  Preparing: select * from t_elemental_type;
2023-05-21 17:13:58.349 DEBUG com.faintdream.mybatis.mapper.Elemental_typeMapper.selectAll - ==> Parameters: 
2023-05-21 17:13:58.351 DEBUG com.faintdream.mybatis.mapper.Elemental_typeMapper.selectAll - <==      Total: 8
2023-05-21 17:13:58.353 DEBUG com.faintdream.mybatis.mapper.Genshin_regionMapper.selectAll - ==>  Preparing: SELECT * FROM t_genshin_region;
2023-05-21 17:13:58.353 DEBUG com.faintdream.mybatis.mapper.Genshin_regionMapper.selectAll - ==> Parameters: 
2023-05-21 17:13:58.355 DEBUG com.faintdream.mybatis.mapper.Genshin_regionMapper.selectAll - <==      Total: 7
2023-05-21 17:13:58.357 DEBUG com.faintdream.mybatis.mapper.Weapons_typeMapper.selectAll - ==>  Preparing: select * from t_weapons_type;
2023-05-21 17:13:58.358 DEBUG com.faintdream.mybatis.mapper.Weapons_typeMapper.selectAll - ==> Parameters: 
2023-05-21 17:13:58.361 DEBUG com.faintdream.mybatis.mapper.Weapons_typeMapper.selectAll - <==      Total: 6
2023-05-21 17:30:21.939 DEBUG org.apache.ibatis.logging.LogFactory - Logging initialized using 'class org.apache.ibatis.logging.slf4j.Slf4jImpl' adapter.
2023-05-21 17:30:21.960 DEBUG org.apache.ibatis.datasource.pooled.PooledDataSource - PooledDataSource forcefully closed/removed all connections.
2023-05-21 17:30:21.961 DEBUG org.apache.ibatis.datasource.pooled.PooledDataSource - PooledDataSource forcefully closed/removed all connections.
2023-05-21 17:30:21.961 DEBUG org.apache.ibatis.datasource.pooled.PooledDataSource - PooledDataSource forcefully closed/removed all connections.
2023-05-21 17:30:21.961 DEBUG org.apache.ibatis.datasource.pooled.PooledDataSource - PooledDataSource forcefully closed/removed all connections.
2023-05-21 17:30:21.961 DEBUG org.apache.ibatis.datasource.pooled.PooledDataSource - PooledDataSource forcefully closed/removed all connections.
2023-05-21 17:30:21.961 DEBUG org.apache.ibatis.datasource.pooled.PooledDataSource - PooledDataSource forcefully closed/removed all connections.
2023-05-21 17:30:21.961 DEBUG org.apache.ibatis.datasource.pooled.PooledDataSource - PooledDataSource forcefully closed/removed all connections.
2023-05-21 17:30:21.961 DEBUG org.apache.ibatis.datasource.pooled.PooledDataSource - PooledDataSource forcefully closed/removed all connections.
2023-05-21 17:30:22.119 DEBUG org.apache.ibatis.transaction.jdbc.JdbcTransaction - Opening JDBC Connection
2023-05-21 17:30:22.411 DEBUG org.apache.ibatis.datasource.pooled.PooledDataSource - Created connection 1692375649.
2023-05-21 17:30:22.412 DEBUG org.apache.ibatis.transaction.jdbc.JdbcTransaction - Setting autocommit to false on JDBC Connection [com.mysql.cj.jdbc.ConnectionImpl@64df9a61]
2023-05-21 17:30:22.419 DEBUG com.faintdream.mybatis.mapper.Genshin_roleMapper.selectAll - ==>  Preparing: select * from t_genshin_role;
2023-05-21 17:30:22.477 DEBUG com.faintdream.mybatis.mapper.Genshin_roleMapper.selectAll - ==> Parameters: 
2023-05-21 17:30:22.543 DEBUG com.faintdream.mybatis.mapper.Genshin_roleMapper.selectAll - <==      Total: 66
2023-05-21 17:30:22.546 DEBUG com.faintdream.mybatis.mapper.SexMapper.selectAll - ==>  Preparing: select * from t_sex;
2023-05-21 17:30:22.547 DEBUG com.faintdream.mybatis.mapper.SexMapper.selectAll - ==> Parameters: 
2023-05-21 17:30:22.550 DEBUG com.faintdream.mybatis.mapper.SexMapper.selectAll - <==      Total: 3
2023-05-21 17:30:22.551 DEBUG com.faintdream.mybatis.mapper.Elemental_typeMapper.selectAll - ==>  Preparing: select * from t_elemental_type;
2023-05-21 17:30:22.552 DEBUG com.faintdream.mybatis.mapper.Elemental_typeMapper.selectAll - ==> Parameters: 
2023-05-21 17:30:22.555 DEBUG com.faintdream.mybatis.mapper.Elemental_typeMapper.selectAll - <==      Total: 8
2023-05-21 17:30:22.557 DEBUG com.faintdream.mybatis.mapper.Genshin_regionMapper.selectAll - ==>  Preparing: SELECT * FROM t_genshin_region;
2023-05-21 17:30:22.557 DEBUG com.faintdream.mybatis.mapper.Genshin_regionMapper.selectAll - ==> Parameters: 
2023-05-21 17:30:22.560 DEBUG com.faintdream.mybatis.mapper.Genshin_regionMapper.selectAll - <==      Total: 7
2023-05-21 17:30:22.562 DEBUG com.faintdream.mybatis.mapper.Weapons_typeMapper.selectAll - ==>  Preparing: select * from t_weapons_type;
2023-05-21 17:30:22.563 DEBUG com.faintdream.mybatis.mapper.Weapons_typeMapper.selectAll - ==> Parameters: 
2023-05-21 17:30:22.566 DEBUG com.faintdream.mybatis.mapper.Weapons_typeMapper.selectAll - <==      Total: 6
2023-05-21 17:31:26.350 DEBUG org.apache.ibatis.logging.LogFactory - Logging initialized using 'class org.apache.ibatis.logging.slf4j.Slf4jImpl' adapter.
2023-05-21 17:31:26.371 DEBUG org.apache.ibatis.datasource.pooled.PooledDataSource - PooledDataSource forcefully closed/removed all connections.
2023-05-21 17:31:26.371 DEBUG org.apache.ibatis.datasource.pooled.PooledDataSource - PooledDataSource forcefully closed/removed all connections.
2023-05-21 17:31:26.371 DEBUG org.apache.ibatis.datasource.pooled.PooledDataSource - PooledDataSource forcefully closed/removed all connections.
2023-05-21 17:31:26.372 DEBUG org.apache.ibatis.datasource.pooled.PooledDataSource - PooledDataSource forcefully closed/removed all connections.
2023-05-21 17:31:26.372 DEBUG org.apache.ibatis.datasource.pooled.PooledDataSource - PooledDataSource forcefully closed/removed all connections.
2023-05-21 17:31:26.372 DEBUG org.apache.ibatis.datasource.pooled.PooledDataSource - PooledDataSource forcefully closed/removed all connections.
2023-05-21 17:31:26.372 DEBUG org.apache.ibatis.datasource.pooled.PooledDataSource - PooledDataSource forcefully closed/removed all connections.
2023-05-21 17:31:26.372 DEBUG org.apache.ibatis.datasource.pooled.PooledDataSource - PooledDataSource forcefully closed/removed all connections.
2023-05-21 17:31:26.531 DEBUG org.apache.ibatis.transaction.jdbc.JdbcTransaction - Opening JDBC Connection
2023-05-21 17:31:26.823 DEBUG org.apache.ibatis.datasource.pooled.PooledDataSource - Created connection 1731763384.
2023-05-21 17:31:26.823 DEBUG org.apache.ibatis.transaction.jdbc.JdbcTransaction - Setting autocommit to false on JDBC Connection [com.mysql.cj.jdbc.ConnectionImpl@67389cb8]
2023-05-21 17:31:26.829 DEBUG com.faintdream.mybatis.mapper.Genshin_roleMapper.selectAll - ==>  Preparing: select * from t_genshin_role;
2023-05-21 17:31:26.885 DEBUG com.faintdream.mybatis.mapper.Genshin_roleMapper.selectAll - ==> Parameters: 
2023-05-21 17:31:26.947 DEBUG com.faintdream.mybatis.mapper.Genshin_roleMapper.selectAll - <==      Total: 66
2023-05-21 17:31:26.951 DEBUG com.faintdream.mybatis.mapper.SexMapper.selectAll - ==>  Preparing: select * from t_sex;
2023-05-21 17:31:26.952 DEBUG com.faintdream.mybatis.mapper.SexMapper.selectAll - ==> Parameters: 
2023-05-21 17:31:26.955 DEBUG com.faintdream.mybatis.mapper.SexMapper.selectAll - <==      Total: 3
2023-05-21 17:31:26.956 DEBUG com.faintdream.mybatis.mapper.Elemental_typeMapper.selectAll - ==>  Preparing: select * from t_elemental_type;
2023-05-21 17:31:26.957 DEBUG com.faintdream.mybatis.mapper.Elemental_typeMapper.selectAll - ==> Parameters: 
2023-05-21 17:31:26.959 DEBUG com.faintdream.mybatis.mapper.Elemental_typeMapper.selectAll - <==      Total: 8
2023-05-21 17:31:26.961 DEBUG com.faintdream.mybatis.mapper.Genshin_regionMapper.selectAll - ==>  Preparing: SELECT * FROM t_genshin_region;
2023-05-21 17:31:26.961 DEBUG com.faintdream.mybatis.mapper.Genshin_regionMapper.selectAll - ==> Parameters: 
2023-05-21 17:31:26.964 DEBUG com.faintdream.mybatis.mapper.Genshin_regionMapper.selectAll - <==      Total: 7
2023-05-21 17:31:26.967 DEBUG com.faintdream.mybatis.mapper.Weapons_typeMapper.selectAll - ==>  Preparing: select * from t_weapons_type;
2023-05-21 17:31:26.967 DEBUG com.faintdream.mybatis.mapper.Weapons_typeMapper.selectAll - ==> Parameters: 
2023-05-21 17:31:26.970 DEBUG com.faintdream.mybatis.mapper.Weapons_typeMapper.selectAll - <==      Total: 6
2023-05-21 17:37:45.978 DEBUG org.apache.ibatis.logging.LogFactory - Logging initialized using 'class org.apache.ibatis.logging.slf4j.Slf4jImpl' adapter.
2023-05-21 17:37:45.998 DEBUG org.apache.ibatis.datasource.pooled.PooledDataSource - PooledDataSource forcefully closed/removed all connections.
2023-05-21 17:37:45.999 DEBUG org.apache.ibatis.datasource.pooled.PooledDataSource - PooledDataSource forcefully closed/removed all connections.
2023-05-21 17:37:45.999 DEBUG org.apache.ibatis.datasource.pooled.PooledDataSource - PooledDataSource forcefully closed/removed all connections.
2023-05-21 17:37:45.999 DEBUG org.apache.ibatis.datasource.pooled.PooledDataSource - PooledDataSource forcefully closed/removed all connections.
2023-05-21 17:37:45.999 DEBUG org.apache.ibatis.datasource.pooled.PooledDataSource - PooledDataSource forcefully closed/removed all connections.
2023-05-21 17:37:45.999 DEBUG org.apache.ibatis.datasource.pooled.PooledDataSource - PooledDataSource forcefully closed/removed all connections.
2023-05-21 17:37:45.999 DEBUG org.apache.ibatis.datasource.pooled.PooledDataSource - PooledDataSource forcefully closed/removed all connections.
2023-05-21 17:37:45.999 DEBUG org.apache.ibatis.datasource.pooled.PooledDataSource - PooledDataSource forcefully closed/removed all connections.
2023-05-21 17:37:46.159 DEBUG org.apache.ibatis.transaction.jdbc.JdbcTransaction - Opening JDBC Connection
2023-05-21 17:37:46.458 DEBUG org.apache.ibatis.datasource.pooled.PooledDataSource - Created connection 1731763384.
2023-05-21 17:37:46.459 DEBUG org.apache.ibatis.transaction.jdbc.JdbcTransaction - Setting autocommit to false on JDBC Connection [com.mysql.cj.jdbc.ConnectionImpl@67389cb8]
2023-05-21 17:37:46.465 DEBUG com.faintdream.mybatis.mapper.Genshin_roleMapper.selectAll - ==>  Preparing: select * from t_genshin_role;
2023-05-21 17:37:46.522 DEBUG com.faintdream.mybatis.mapper.Genshin_roleMapper.selectAll - ==> Parameters: 
2023-05-21 17:37:46.607 DEBUG com.faintdream.mybatis.mapper.Genshin_roleMapper.selectAll - <==      Total: 66
2023-05-21 17:37:46.611 DEBUG com.faintdream.mybatis.mapper.SexMapper.selectAll - ==>  Preparing: select * from t_sex;
2023-05-21 17:37:46.612 DEBUG com.faintdream.mybatis.mapper.SexMapper.selectAll - ==> Parameters: 
2023-05-21 17:37:46.615 DEBUG com.faintdream.mybatis.mapper.SexMapper.selectAll - <==      Total: 3
2023-05-21 17:37:46.617 DEBUG com.faintdream.mybatis.mapper.Elemental_typeMapper.selectAll - ==>  Preparing: select * from t_elemental_type;
2023-05-21 17:37:46.618 DEBUG com.faintdream.mybatis.mapper.Elemental_typeMapper.selectAll - ==> Parameters: 
2023-05-21 17:37:46.623 DEBUG com.faintdream.mybatis.mapper.Elemental_typeMapper.selectAll - <==      Total: 8
2023-05-21 17:37:46.627 DEBUG com.faintdream.mybatis.mapper.Genshin_regionMapper.selectAll - ==>  Preparing: SELECT * FROM t_genshin_region;
2023-05-21 17:37:46.628 DEBUG com.faintdream.mybatis.mapper.Genshin_regionMapper.selectAll - ==> Parameters: 
2023-05-21 17:37:46.634 DEBUG com.faintdream.mybatis.mapper.Genshin_regionMapper.selectAll - <==      Total: 7
2023-05-21 17:37:46.637 DEBUG com.faintdream.mybatis.mapper.Weapons_typeMapper.selectAll - ==>  Preparing: select * from t_weapons_type;
2023-05-21 17:37:46.638 DEBUG com.faintdream.mybatis.mapper.Weapons_typeMapper.selectAll - ==> Parameters: 
2023-05-21 17:37:46.642 DEBUG com.faintdream.mybatis.mapper.Weapons_typeMapper.selectAll - <==      Total: 6
2023-05-21 17:44:39.562 DEBUG org.apache.ibatis.logging.LogFactory - Logging initialized using 'class org.apache.ibatis.logging.slf4j.Slf4jImpl' adapter.
2023-05-21 17:44:39.582 DEBUG org.apache.ibatis.datasource.pooled.PooledDataSource - PooledDataSource forcefully closed/removed all connections.
2023-05-21 17:44:39.582 DEBUG org.apache.ibatis.datasource.pooled.PooledDataSource - PooledDataSource forcefully closed/removed all connections.
2023-05-21 17:44:39.583 DEBUG org.apache.ibatis.datasource.pooled.PooledDataSource - PooledDataSource forcefully closed/removed all connections.
2023-05-21 17:44:39.583 DEBUG org.apache.ibatis.datasource.pooled.PooledDataSource - PooledDataSource forcefully closed/removed all connections.
2023-05-21 17:44:39.583 DEBUG org.apache.ibatis.datasource.pooled.PooledDataSource - PooledDataSource forcefully closed/removed all connections.
2023-05-21 17:44:39.583 DEBUG org.apache.ibatis.datasource.pooled.PooledDataSource - PooledDataSource forcefully closed/removed all connections.
2023-05-21 17:44:39.583 DEBUG org.apache.ibatis.datasource.pooled.PooledDataSource - PooledDataSource forcefully closed/removed all connections.
2023-05-21 17:44:39.583 DEBUG org.apache.ibatis.datasource.pooled.PooledDataSource - PooledDataSource forcefully closed/removed all connections.
2023-05-21 17:44:39.742 DEBUG org.apache.ibatis.transaction.jdbc.JdbcTransaction - Opening JDBC Connection
2023-05-21 17:44:40.029 DEBUG org.apache.ibatis.datasource.pooled.PooledDataSource - Created connection 929706284.
2023-05-21 17:44:40.029 DEBUG org.apache.ibatis.transaction.jdbc.JdbcTransaction - Setting autocommit to false on JDBC Connection [com.mysql.cj.jdbc.ConnectionImpl@376a312c]
2023-05-21 17:44:40.035 DEBUG com.faintdream.mybatis.mapper.Genshin_role_detailMapper.selectById - ==>  Preparing: select * from t_genshin_role_detail where id=?;
2023-05-21 17:44:40.092 DEBUG com.faintdream.mybatis.mapper.Genshin_role_detailMapper.selectById - ==> Parameters: 4(String)
2023-05-21 17:44:40.144 DEBUG com.faintdream.mybatis.mapper.Genshin_role_detailMapper.selectById - <==      Total: 1
2023-05-21 17:44:40.161 DEBUG com.faintdream.mybatis.mapper.Genshin_roleMapper.selectAll - ==>  Preparing: select * from t_genshin_role;
2023-05-21 17:44:40.162 DEBUG com.faintdream.mybatis.mapper.Genshin_roleMapper.selectAll - ==> Parameters: 
2023-05-21 17:44:40.177 DEBUG com.faintdream.mybatis.mapper.Genshin_roleMapper.selectAll - <==      Total: 66
2023-05-21 17:44:40.179 DEBUG com.faintdream.mybatis.mapper.SexMapper.selectAll - ==>  Preparing: select * from t_sex;
2023-05-21 17:44:40.180 DEBUG com.faintdream.mybatis.mapper.SexMapper.selectAll - ==> Parameters: 
2023-05-21 17:44:40.182 DEBUG com.faintdream.mybatis.mapper.SexMapper.selectAll - <==      Total: 3
2023-05-21 17:44:40.184 DEBUG com.faintdream.mybatis.mapper.Elemental_typeMapper.selectAll - ==>  Preparing: select * from t_elemental_type;
2023-05-21 17:44:40.185 DEBUG com.faintdream.mybatis.mapper.Elemental_typeMapper.selectAll - ==> Parameters: 
2023-05-21 17:44:40.188 DEBUG com.faintdream.mybatis.mapper.Elemental_typeMapper.selectAll - <==      Total: 8
2023-05-21 17:44:40.190 DEBUG com.faintdream.mybatis.mapper.Genshin_regionMapper.selectAll - ==>  Preparing: SELECT * FROM t_genshin_region;
2023-05-21 17:44:40.190 DEBUG com.faintdream.mybatis.mapper.Genshin_regionMapper.selectAll - ==> Parameters: 
2023-05-21 17:44:40.192 DEBUG com.faintdream.mybatis.mapper.Genshin_regionMapper.selectAll - <==      Total: 7
2023-05-21 17:44:40.194 DEBUG com.faintdream.mybatis.mapper.Weapons_typeMapper.selectAll - ==>  Preparing: select * from t_weapons_type;
2023-05-21 17:44:40.195 DEBUG com.faintdream.mybatis.mapper.Weapons_typeMapper.selectAll - ==> Parameters: 
2023-05-21 17:44:40.197 DEBUG com.faintdream.mybatis.mapper.Weapons_typeMapper.selectAll - <==      Total: 6
